Log file open, 01/20/20 21:56:25
LogWindows: Failed to load 'aqProf.dll' (GetLastError=126)
LogWindows: File 'aqProf.dll' does not exist
LogWindows: Failed to load 'VtuneApi.dll' (GetLastError=126)
LogWindows: File 'VtuneApi.dll' does not exist
LogWindows: Failed to load 'VtuneApi32e.dll' (GetLastError=126)
LogWindows: File 'VtuneApi32e.dll' does not exist
LogConsoleResponse: Display: Failed to find resolution value strings in scalability ini. Falling back to default.
LogInit: Display: Running engine for game: start4
LogPlatformFile: Not using cached read wrapper
LogTaskGraph: Started task graph with 5 named threads and 23 total threads with 3 sets of task threads.
LogStats: Stats thread started at 0.080161
LogD3D11RHI: Loaded GFSDK_Aftermath_Lib.x64.dll
LogICUInternationalization: ICU TimeZone Detection - Raw Offset: +9:00, Platform Override: ''
LogPluginManager: Mounting plugin Paper2D
LogPluginManager: Mounting plugin AISupport
LogPluginManager: Mounting plugin LightPropagationVolume
LogPluginManager: Mounting plugin ActorLayerUtilities
LogPluginManager: Mounting plugin AnimationSharing
LogPluginManager: Mounting plugin CLionSourceCodeAccess
LogPluginManager: Mounting plugin CodeLiteSourceCodeAccess
LogPluginManager: Mounting plugin GitSourceControl
LogPluginManager: Mounting plugin KDevelopSourceCodeAccess
LogPluginManager: Mounting plugin NullSourceCodeAccess
LogPluginManager: Mounting plugin PerforceSourceControl
LogPluginManager: Mounting plugin PlasticSourceControl
LogPluginManager: Mounting plugin SubversionSourceControl
LogPluginManager: Mounting plugin UObjectPlugin
LogPluginManager: Mounting plugin VisualStudioCodeSourceCodeAccess
LogPluginManager: Mounting plugin VisualStudioSourceCodeAccess
LogPluginManager: Mounting plugin XCodeSourceCodeAccess
LogPluginManager: Mounting plugin AssetManagerEditor
LogPluginManager: Mounting plugin CryptoKeys
LogPluginManager: Mounting plugin CurveEditorTools
LogPluginManager: Mounting plugin DataValidation
LogPluginManager: Mounting plugin FacialAnimation
LogPluginManager: Mounting plugin GameplayTagsEditor
LogPluginManager: Mounting plugin MacGraphicsSwitching
LogPluginManager: Mounting plugin MaterialAnalyzer
LogPluginManager: Mounting plugin MobileLauncherProfileWizard
LogPluginManager: Mounting plugin PluginBrowser
LogPluginManager: Mounting plugin SpeedTreeImporter
LogPluginManager: Mounting plugin DatasmithContent
LogPluginManager: Mounting plugin VariantManagerContent
LogPluginManager: Mounting plugin AlembicImporter
LogPluginManager: Mounting plugin AutomationUtils
LogPluginManager: Mounting plugin BackChannel
LogPluginManager: Mounting plugin CharacterAI
LogPluginManager: Mounting plugin GeometryCache
LogPluginManager: Mounting plugin PlatformCrypto
LogPluginManager: Mounting plugin ProxyLODPlugin
LogPluginManager: Mounting plugin SkeletalReduction
LogPluginManager: Mounting plugin MagicLeap
LogPluginManager: Mounting plugin MagicLeapMedia
LogPluginManager: Mounting plugin MLSDK
LogPluginManager: Mounting plugin AndroidMedia
LogPluginManager: Mounting plugin AvfMedia
LogPluginManager: Mounting plugin ImgMedia
LogPluginManager: Mounting plugin MediaCompositing
LogPluginManager: Mounting plugin MediaPlayerEditor
LogPluginManager: Mounting plugin WebMMedia
LogPluginManager: Mounting plugin WmfMedia
LogPluginManager: Mounting plugin TcpMessaging
LogPluginManager: Mounting plugin UdpMessaging
LogPluginManager: Mounting plugin ActorSequence
LogPluginManager: Mounting plugin LevelSequenceEditor
LogPluginManager: Mounting plugin MatineeToLevelSequence
LogPluginManager: Mounting plugin NetcodeUnitTest
LogPluginManager: Mounting plugin NUTUnrealEngine4
LogPluginManager: Mounting plugin OnlineSubsystemGooglePlay
LogPluginManager: Mounting plugin OnlineSubsystemIOS
LogPluginManager: Mounting plugin OnlineSubsystem
LogPluginManager: Mounting plugin OnlineSubsystemNull
LogPluginManager: Mounting plugin OnlineSubsystemUtils
LogPluginManager: Mounting plugin LauncherChunkInstaller
LogPluginManager: Mounting plugin AndroidDeviceProfileSelector
LogPluginManager: Mounting plugin AndroidMoviePlayer
LogPluginManager: Mounting plugin AndroidPermission
LogPluginManager: Mounting plugin AppleImageUtils
LogPluginManager: Mounting plugin AppleMoviePlayer
LogPluginManager: Mounting plugin ArchVisCharacter
LogPluginManager: Mounting plugin AssetTags
LogPluginManager: Mounting plugin AudioCapture
LogPluginManager: Mounting plugin CableComponent
LogPluginManager: Mounting plugin CustomMeshComponent
LogPluginManager: Mounting plugin EditableMesh
LogPluginManager: Mounting plugin ExampleDeviceProfileSelector
LogPluginManager: Mounting plugin GoogleCloudMessaging
LogPluginManager: Mounting plugin IOSDeviceProfileSelector
LogPluginManager: Mounting plugin LinuxDeviceProfileSelector
LogPluginManager: Mounting plugin LocationServicesBPLibrary
LogPluginManager: Mounting plugin MobilePatchingUtils
LogPluginManager: Mounting plugin OculusVR
LogPluginManager: Mounting plugin PhysXVehicles
LogPluginManager: Mounting plugin PostSplashScreen
LogPluginManager: Mounting plugin ProceduralMeshComponent
LogPluginManager: Mounting plugin RuntimePhysXCooking
LogPluginManager: Mounting plugin SignificanceManager
LogPluginManager: Mounting plugin SteamVR
LogPluginManager: Mounting plugin WebMMoviePlayer
LogPluginManager: Mounting plugin WindowsMoviePlayer
LogPluginManager: Mounting plugin ScreenshotTools
LogInit: Using libcurl 7.55.1-DEV
LogInit:  - built for x86_64-pc-win32
LogInit:  - supports SSL with OpenSSL/1.1.1
LogInit:  - supports HTTP deflate (compression) using libz 1.2.8
LogInit:  - other features:
LogInit:      CURL_VERSION_SSL
LogInit:      CURL_VERSION_LIBZ
LogInit:      CURL_VERSION_IPV6
LogInit:      CURL_VERSION_ASYNCHDNS
LogInit:      CURL_VERSION_LARGEFILE
LogInit:      CURL_VERSION_IDN
LogInit:  CurlRequestOptions (configurable via config and command line):
LogInit:  - bVerifyPeer = true  - Libcurl will verify peer certificate
LogInit:  - bUseHttpProxy = false  - Libcurl will NOT use HTTP proxy
LogInit:  - bDontReuseConnections = false  - Libcurl will reuse connections
LogInit:  - MaxHostConnections = 16  - Libcurl will limit the number of connections to a host
LogInit:  - LocalHostAddr = Default
LogInit:  - BufferSize = 65536
LogOnline: OSS: Creating online subsystem instance for: NULL
LogInit: WinSock: version 1.1 (2.2), MaxSocks=32767, MaxUdp=65467
LogOnline: OSS: TryLoadSubsystemAndSetDefault: Loaded subsystem for module [NULL]
LogInit: Build: ++UE4+Release-4.24-CL-10757647
LogInit: Engine Version: 4.24.1-10757647+++UE4+Release-4.24
LogInit: Compatible Engine Version: 4.24.0-10570792+++UE4+Release-4.24
LogInit: Net CL: 10570792
LogInit: OS: Windows 10 (Release 1909) (), CPU:         Intel(R) Core(TM) i7-3770 CPU @ 3.40GHz, GPU: NVIDIA GeForce GTX 1650
LogInit: Compiled (64-bit): Dec 17 2019 02:08:03
LogInit: Compiled with Visual C++: 19.16.27032.01
LogInit: Build Configuration: Development
LogInit: Branch Name: ++UE4+Release-4.24
LogInit: Command Line: 
LogInit: Base Directory: C:/Program Files/Epic Games/UE_4.24/Engine/Binaries/Win64/
LogInit: Installed Engine Build: 1
LogDevObjectVersion: Number of dev versions registered: 25
LogDevObjectVersion:   Dev-Blueprints (B0D832E4-1F89-4F0D-ACCF-7EB736FD4AA2): 10
LogDevObjectVersion:   Dev-Build (E1C64328-A22C-4D53-A36C-8E866417BD8C): 0
LogDevObjectVersion:   Dev-Core (375EC13C-06E4-48FB-B500-84F0262A717E): 3
LogDevObjectVersion:   Dev-Editor (E4B068ED-F494-42E9-A231-DA0B2E46BB41): 37
LogDevObjectVersion:   Dev-Framework (CFFC743F-43B0-4480-9391-14DF171D2073): 36
LogDevObjectVersion:   Dev-Mobile (B02B49B5-BB20-44E9-A304-32B752E40360): 2
LogDevObjectVersion:   Dev-Networking (A4E4105C-59A1-49B5-A7C5-40C4547EDFEE): 0
LogDevObjectVersion:   Dev-Online (39C831C9-5AE6-47DC-9A44-9C173E1C8E7C): 0
LogDevObjectVersion:   Dev-Physics (78F01B33-EBEA-4F98-B9B4-84EACCB95AA2): 2
LogDevObjectVersion:   Dev-Platform (6631380F-2D4D-43E0-8009-CF276956A95A): 0
LogDevObjectVersion:   Dev-Rendering (12F88B9F-8875-4AFC-A67C-D90C383ABD29): 36
LogDevObjectVersion:   Dev-Sequencer (7B5AE74C-D270-4C10-A958-57980B212A5A): 11
LogDevObjectVersion:   Dev-VR (D7296918-1DD6-4BDD-9DE2-64A83CC13884): 2
LogDevObjectVersion:   Dev-LoadTimes (C2A15278-BFE7-4AFE-6C17-90FF531DF755): 1
LogDevObjectVersion:   Private-Geometry (6EACA3D4-40EC-4CC1-B786-8BED09428FC5): 3
LogDevObjectVersion:   Dev-AnimPhys (29E575DD-E0A3-4627-9D10-D276232CDCEA): 17
LogDevObjectVersion:   Dev-Anim (AF43A65D-7FD3-4947-9873-3E8ED9C1BB05): 2
LogDevObjectVersion:   Dev-ReflectionCapture (6B266CEC-1EC7-4B8F-A30B-E4D90942FC07): 1
LogDevObjectVersion:   Dev-Automation (0DF73D61-A23F-47EA-B727-89E90C41499A): 1
LogDevObjectVersion:   FortniteMain (601D1886-AC64-4F84-AA16-D3DE0DEAC7D6): 31
LogDevObjectVersion:   Dev-Enterprise (9DFFBCD6-494F-0158-E221-12823C92A888): 8
LogDevObjectVersion:   Dev-Niagara (F2AED0AC-9AFE-416F-8664-AA7FFA26D6FC): 1
LogDevObjectVersion:   Dev-Destruction (174F1F0B-B4C6-45A5-B13F-2EE8D0FB917D): 9
LogDevObjectVersion:   Dev-Physics-Ext (35F94A83-E258-406C-A318-09F59610247C): 8
LogDevObjectVersion:   Dev-CineCamera (B2E18506-4273-CFC2-A54E-F4BB758BBA07): 1
LogInit: Presizing for max 25165824 objects, including 0 objects not considered by GC, pre-allocating 0 bytes for permanent pool.
LogInit: Object subsystem initialized
LogConfig: Setting CVar [[con.DebugEarlyDefault:1]]
LogConfig: Setting CVar [[r.setres:1280x720]]
[2020.01.20-12.56.25:647][  0]LogConfig: Setting CVar [[r.VSync:0]]
[2020.01.20-12.56.25:647][  0]LogConfig: Setting CVar [[r.RHICmdBypass:0]]
[2020.01.20-12.56.25:647][  0]LogConfig: Applying CVar settings from Section [/Script/Engine.RendererSettings] File [C:/Users/q/madcamp4/Saved/Config/Windows/Engine.ini]
[2020.01.20-12.56.25:647][  0]LogConfig: Setting CVar [[r.GPUCrashDebugging:0]]
[2020.01.20-12.56.25:647][  0]LogConfig: Applying CVar settings from Section [/Script/Engine.RendererOverrideSettings] File [C:/Users/q/madcamp4/Saved/Config/Windows/Engine.ini]
[2020.01.20-12.56.25:647][  0]LogConfig: Applying CVar settings from Section [/Script/Engine.StreamingSettings] File [C:/Users/q/madcamp4/Saved/Config/Windows/Engine.ini]
[2020.01.20-12.56.25:647][  0]LogConfig: Setting CVar [[s.MinBulkDataSizeForAsyncLoading:131072]]
[2020.01.20-12.56.25:647][  0]LogConfig: Setting CVar [[s.AsyncLoadingThreadEnabled:0]]
[2020.01.20-12.56.25:647][  0]LogConfig: Setting CVar [[s.EventDrivenLoaderEnabled:1]]
[2020.01.20-12.56.25:647][  0]LogConfig: Setting CVar [[s.WarnIfTimeLimitExceeded:0]]
[2020.01.20-12.56.25:647][  0]LogConfig: Setting CVar [[s.TimeLimitExceededMultiplier:1.5]]
[2020.01.20-12.56.25:647][  0]LogConfig: Setting CVar [[s.TimeLimitExceededMinTime:0.005]]
[2020.01.20-12.56.25:647][  0]LogConfig: Setting CVar [[s.UseBackgroundLevelStreaming:1]]
[2020.01.20-12.56.25:647][  0]LogConfig: Setting CVar [[s.PriorityAsyncLoadingExtraTime:15.0]]
[2020.01.20-12.56.25:647][  0]LogConfig: Setting CVar [[s.LevelStreamingActorsUpdateTimeLimit:5.0]]
[2020.01.20-12.56.25:647][  0]LogConfig: Setting CVar [[s.PriorityLevelStreamingActorsUpdateExtraTime:5.0]]
[2020.01.20-12.56.25:647][  0]LogConfig: Setting CVar [[s.LevelStreamingComponentsRegistrationGranularity:10]]
[2020.01.20-12.56.25:647][  0]LogConfig: Setting CVar [[s.UnregisterComponentsTimeLimit:1.0]]
[2020.01.20-12.56.25:647][  0]LogConfig: Setting CVar [[s.LevelStreamingComponentsUnregistrationGranularity:5]]
[2020.01.20-12.56.25:647][  0]LogConfig: Setting CVar [[s.FlushStreamingOnExit:1]]
[2020.01.20-12.56.25:647][  0]LogConfig: Applying CVar settings from Section [/Script/Engine.GarbageCollectionSettings] File [C:/Users/q/madcamp4/Saved/Config/Windows/Engine.ini]
[2020.01.20-12.56.25:647][  0]LogConfig: Setting CVar [[gc.MaxObjectsNotConsideredByGC:1]]
[2020.01.20-12.56.25:647][  0]LogConfig: Setting CVar [[gc.SizeOfPermanentObjectPool:0]]
[2020.01.20-12.56.25:647][  0]LogConfig: Setting CVar [[gc.FlushStreamingOnGC:0]]
[2020.01.20-12.56.25:647][  0]LogConfig: Setting CVar [[gc.NumRetriesBeforeForcingGC:10]]
[2020.01.20-12.56.25:647][  0]LogConfig: Setting CVar [[gc.AllowParallelGC:1]]
[2020.01.20-12.56.25:647][  0]LogConfig: Setting CVar [[gc.TimeBetweenPurgingPendingKillObjects:61.1]]
[2020.01.20-12.56.25:647][  0]LogConfig: Setting CVar [[gc.MaxObjectsInEditor:25165824]]
[2020.01.20-12.56.25:647][  0]LogConfig: Setting CVar [[gc.IncrementalBeginDestroyEnabled:1]]
[2020.01.20-12.56.25:647][  0]LogConfig: Setting CVar [[gc.CreateGCClusters:1]]
[2020.01.20-12.56.25:647][  0]LogConfig: Setting CVar [[gc.MinGCClusterSize:5]]
[2020.01.20-12.56.25:647][  0]LogConfig: Setting CVar [[gc.ActorClusteringEnabled:0]]
[2020.01.20-12.56.25:647][  0]LogConfig: Setting CVar [[gc.BlueprintClusteringEnabled:0]]
[2020.01.20-12.56.25:647][  0]LogConfig: Setting CVar [[gc.UseDisregardForGCOnDedicatedServers:0]]
[2020.01.20-12.56.25:647][  0]LogConfig: Applying CVar settings from Section [/Script/Engine.NetworkSettings] File [C:/Users/q/madcamp4/Saved/Config/Windows/Engine.ini]
[2020.01.20-12.56.25:647][  0]LogConfig: Applying CVar settings from Section [/Script/UnrealEd.CookerSettings] File [C:/Users/q/madcamp4/Saved/Config/Windows/Engine.ini]
[2020.01.20-12.56.25:655][  0]LogConfig: Applying CVar settings from Section [ViewDistanceQuality@3] File [C:/Users/q/madcamp4/Saved/Config/Windows/Scalability.ini]
[2020.01.20-12.56.25:655][  0]LogConfig: Setting CVar [[r.SkeletalMeshLODBias:0]]
[2020.01.20-12.56.25:655][  0]LogConfig: Setting CVar [[r.ViewDistanceScale:1.0]]
[2020.01.20-12.56.25:655][  0]LogConfig: Applying CVar settings from Section [AntiAliasingQuality@3] File [C:/Users/q/madcamp4/Saved/Config/Windows/Scalability.ini]
[2020.01.20-12.56.25:655][  0]LogConfig: Setting CVar [[r.PostProcessAAQuality:4]]
[2020.01.20-12.56.25:655][  0]LogConfig: Applying CVar settings from Section [ShadowQuality@3] File [C:/Users/q/madcamp4/Saved/Config/Windows/Scalability.ini]
[2020.01.20-12.56.25:655][  0]LogConfig: Setting CVar [[r.LightFunctionQuality:1]]
[2020.01.20-12.56.25:655][  0]LogConfig: Setting CVar [[r.ShadowQuality:5]]
[2020.01.20-12.56.25:655][  0]LogConfig: Setting CVar [[r.Shadow.CSM.MaxCascades:10]]
[2020.01.20-12.56.25:655][  0]LogConfig: Setting CVar [[r.Shadow.MaxResolution:2048]]
[2020.01.20-12.56.25:655][  0]LogConfig: Setting CVar [[r.Shadow.MaxCSMResolution:2048]]
[2020.01.20-12.56.25:655][  0]LogConfig: Setting CVar [[r.Shadow.RadiusThreshold:0.01]]
[2020.01.20-12.56.25:655][  0]LogConfig: Setting CVar [[r.Shadow.DistanceScale:1.0]]
[2020.01.20-12.56.25:655][  0]LogConfig: Setting CVar [[r.Shadow.CSM.TransitionScale:1.0]]
[2020.01.20-12.56.25:655][  0]LogConfig: Setting CVar [[r.Shadow.PreShadowResolutionFactor:1.0]]
[2020.01.20-12.56.25:655][  0]LogConfig: Setting CVar [[r.DistanceFieldShadowing:1]]
[2020.01.20-12.56.25:655][  0]LogConfig: Setting CVar [[r.DistanceFieldAO:1]]
[2020.01.20-12.56.25:655][  0]LogConfig: Setting CVar [[r.AOQuality:2]]
[2020.01.20-12.56.25:655][  0]LogConfig: Setting CVar [[r.VolumetricFog:1]]
[2020.01.20-12.56.25:655][  0]LogConfig: Setting CVar [[r.VolumetricFog.GridPixelSize:8]]
[2020.01.20-12.56.25:655][  0]LogConfig: Setting CVar [[r.VolumetricFog.GridSizeZ:128]]
[2020.01.20-12.56.25:655][  0]LogConfig: Setting CVar [[r.VolumetricFog.HistoryMissSupersampleCount:4]]
[2020.01.20-12.56.25:655][  0]LogConfig: Setting CVar [[r.LightMaxDrawDistanceScale:1]]
[2020.01.20-12.56.25:655][  0]LogConfig: Setting CVar [[r.CapsuleShadows:1]]
[2020.01.20-12.56.25:655][  0]LogConfig: Applying CVar settings from Section [PostProcessQuality@3] File [C:/Users/q/madcamp4/Saved/Config/Windows/Scalability.ini]
[2020.01.20-12.56.25:655][  0]LogConfig: Setting CVar [[r.MotionBlurQuality:4]]
[2020.01.20-12.56.25:655][  0]LogConfig: Setting CVar [[r.AmbientOcclusionMipLevelFactor:0.4]]
[2020.01.20-12.56.25:655][  0]LogConfig: Setting CVar [[r.AmbientOcclusionMaxQuality:100]]
[2020.01.20-12.56.25:655][  0]LogConfig: Setting CVar [[r.AmbientOcclusionLevels:-1]]
[2020.01.20-12.56.25:655][  0]LogConfig: Setting CVar [[r.AmbientOcclusionRadiusScale:1.0]]
[2020.01.20-12.56.25:655][  0]LogConfig: Setting CVar [[r.DepthOfFieldQuality:2]]
[2020.01.20-12.56.25:655][  0]LogConfig: Setting CVar [[r.RenderTargetPoolMin:400]]
[2020.01.20-12.56.25:655][  0]LogConfig: Setting CVar [[r.LensFlareQuality:2]]
[2020.01.20-12.56.25:655][  0]LogConfig: Setting CVar [[r.SceneColorFringeQuality:1]]
[2020.01.20-12.56.25:655][  0]LogConfig: Setting CVar [[r.EyeAdaptationQuality:2]]
[2020.01.20-12.56.25:655][  0]LogConfig: Setting CVar [[r.BloomQuality:5]]
[2020.01.20-12.56.25:655][  0]LogConfig: Setting CVar [[r.FastBlurThreshold:100]]
[2020.01.20-12.56.25:656][  0]LogConfig: Setting CVar [[r.Upscale.Quality:3]]
[2020.01.20-12.56.25:656][  0]LogConfig: Setting CVar [[r.Tonemapper.GrainQuantization:1]]
[2020.01.20-12.56.25:656][  0]LogConfig: Setting CVar [[r.LightShaftQuality:1]]
[2020.01.20-12.56.25:656][  0]LogConfig: Setting CVar [[r.Filter.SizeScale:1]]
[2020.01.20-12.56.25:656][  0]LogConfig: Setting CVar [[r.Tonemapper.Quality:5]]
[2020.01.20-12.56.25:656][  0]LogConfig: Setting CVar [[r.DOF.Gather.AccumulatorQuality:1        ; higher gathering accumulator quality]]
[2020.01.20-12.56.25:656][  0]LogConfig: Setting CVar [[r.DOF.Gather.PostfilterMethod:1          ; Median3x3 postfilering method]]
[2020.01.20-12.56.25:656][  0]LogConfig: Setting CVar [[r.DOF.Gather.EnableBokehSettings:0       ; no bokeh simulation when gathering]]
[2020.01.20-12.56.25:656][  0]LogConfig: Setting CVar [[r.DOF.Gather.RingCount:4                 ; medium number of samples when gathering]]
[2020.01.20-12.56.25:656][  0]LogConfig: Setting CVar [[r.DOF.Scatter.ForegroundCompositing:1    ; additive foreground scattering]]
[2020.01.20-12.56.25:656][  0]LogConfig: Setting CVar [[r.DOF.Scatter.BackgroundCompositing:2    ; additive background scattering]]
[2020.01.20-12.56.25:656][  0]LogConfig: Setting CVar [[r.DOF.Scatter.EnableBokehSettings:1      ; bokeh simulation when scattering]]
[2020.01.20-12.56.25:656][  0]LogConfig: Setting CVar [[r.DOF.Scatter.MaxSpriteRatio:0.1         ; only a maximum of 10% of scattered bokeh]]
[2020.01.20-12.56.25:656][  0]LogConfig: Setting CVar [[r.DOF.Recombine.Quality:1                ; cheap slight out of focus]]
[2020.01.20-12.56.25:656][  0]LogConfig: Setting CVar [[r.DOF.Recombine.EnableBokehSettings:0    ; no bokeh simulation on slight out of focus]]
[2020.01.20-12.56.25:656][  0]LogConfig: Setting CVar [[r.DOF.TemporalAAQuality:1                ; more stable temporal accumulation]]
[2020.01.20-12.56.25:656][  0]LogConfig: Setting CVar [[r.DOF.Kernel.MaxForegroundRadius:0.025]]
[2020.01.20-12.56.25:656][  0]LogConfig: Setting CVar [[r.DOF.Kernel.MaxBackgroundRadius:0.025]]
[2020.01.20-12.56.25:656][  0]LogConfig: Applying CVar settings from Section [TextureQuality@3] File [C:/Users/q/madcamp4/Saved/Config/Windows/Scalability.ini]
[2020.01.20-12.56.25:656][  0]LogConfig: Setting CVar [[r.Streaming.MipBias:0]]
[2020.01.20-12.56.25:656][  0]LogConfig: Setting CVar [[r.Streaming.AmortizeCPUToGPUCopy:0]]
[2020.01.20-12.56.25:656][  0]LogConfig: Setting CVar [[r.Streaming.MaxNumTexturesToStreamPerFrame:0]]
[2020.01.20-12.56.25:656][  0]LogConfig: Setting CVar [[r.Streaming.Boost:1]]
[2020.01.20-12.56.25:656][  0]LogConfig: Setting CVar [[r.MaxAnisotropy:8]]
[2020.01.20-12.56.25:656][  0]LogConfig: Setting CVar [[r.VT.MaxAnisotropy:8]]
[2020.01.20-12.56.25:656][  0]LogConfig: Setting CVar [[r.Streaming.LimitPoolSizeToVRAM:0]]
[2020.01.20-12.56.25:656][  0]LogConfig: Setting CVar [[r.Streaming.PoolSize:1000]]
[2020.01.20-12.56.25:656][  0]LogConfig: Setting CVar [[r.Streaming.MaxEffectiveScreenSize:0]]
[2020.01.20-12.56.25:656][  0]LogConfig: Applying CVar settings from Section [EffectsQuality@3] File [C:/Users/q/madcamp4/Saved/Config/Windows/Scalability.ini]
[2020.01.20-12.56.25:656][  0]LogConfig: Setting CVar [[r.TranslucencyLightingVolumeDim:64]]
[2020.01.20-12.56.25:656][  0]LogConfig: Setting CVar [[r.RefractionQuality:2]]
[2020.01.20-12.56.25:656][  0]LogConfig: Setting CVar [[r.SSR.Quality:3]]
[2020.01.20-12.56.25:656][  0]LogConfig: Setting CVar [[r.SSR.HalfResSceneColor:0]]
[2020.01.20-12.56.25:656][  0]LogConfig: Setting CVar [[r.SceneColorFormat:4]]
[2020.01.20-12.56.25:656][  0]LogConfig: Setting CVar [[r.DetailMode:2]]
[2020.01.20-12.56.25:656][  0]LogConfig: Setting CVar [[r.TranslucencyVolumeBlur:1]]
[2020.01.20-12.56.25:656][  0]LogConfig: Setting CVar [[r.MaterialQualityLevel:1 ; High quality]]
[2020.01.20-12.56.25:656][  0]LogConfig: Setting CVar [[r.SSS.Scale:1]]
[2020.01.20-12.56.25:656][  0]LogConfig: Setting CVar [[r.SSS.SampleSet:2]]
[2020.01.20-12.56.25:656][  0]LogConfig: Setting CVar [[r.SSS.Quality:1]]
[2020.01.20-12.56.25:656][  0]LogConfig: Setting CVar [[r.SSS.HalfRes:1]]
[2020.01.20-12.56.25:656][  0]LogConfig: Setting CVar [[r.SSGI.Quality:3]]
[2020.01.20-12.56.25:656][  0]LogConfig: Setting CVar [[r.EmitterSpawnRateScale:1.0]]
[2020.01.20-12.56.25:656][  0]LogConfig: Setting CVar [[r.ParticleLightQuality:2]]
[2020.01.20-12.56.25:656][  0]LogConfig: Setting CVar [[r.SkyAtmosphere.AerialPerspectiveLUT.FastApplyOnOpaque:1 ; Always have FastSkyLUT 1 in this case to avoid wrong sky]]
[2020.01.20-12.56.25:656][  0]LogConfig: Setting CVar [[r.SkyAtmosphere.AerialPerspectiveLUT.SampleCountPerSlice:1]]
[2020.01.20-12.56.25:656][  0]LogConfig: Setting CVar [[r.SkyAtmosphere.AerialPerspectiveLUT.DepthResolution:16.0]]
[2020.01.20-12.56.25:656][  0]LogConfig: Setting CVar [[r.SkyAtmosphere.FastSkyLUT:1]]
[2020.01.20-12.56.25:656][  0]LogConfig: Setting CVar [[r.SkyAtmosphere.FastSkyLUT.SampleCountMin:4.0]]
[2020.01.20-12.56.25:656][  0]LogConfig: Setting CVar [[r.SkyAtmosphere.FastSkyLUT.SampleCountMax:32.0]]
[2020.01.20-12.56.25:656][  0]LogConfig: Setting CVar [[r.SkyAtmosphere.SampleCountMin:4.0]]
[2020.01.20-12.56.25:656][  0]LogConfig: Setting CVar [[r.SkyAtmosphere.SampleCountMax:32.0]]
[2020.01.20-12.56.25:656][  0]LogConfig: Setting CVar [[r.SkyAtmosphere.TransmittanceLUT.UseSmallFormat:0]]
[2020.01.20-12.56.25:656][  0]LogConfig: Setting CVar [[r.SkyAtmosphere.TransmittanceLUT.SampleCount:10.0]]
[2020.01.20-12.56.25:656][  0]LogConfig: Setting CVar [[r.SkyAtmosphere.MultiScatteringLUT.SampleCount:15.0]]
[2020.01.20-12.56.25:656][  0]LogConfig: Applying CVar settings from Section [FoliageQuality@3] File [C:/Users/q/madcamp4/Saved/Config/Windows/Scalability.ini]
[2020.01.20-12.56.25:656][  0]LogConfig: Setting CVar [[foliage.DensityScale:1.0]]
[2020.01.20-12.56.25:656][  0]LogConfig: Setting CVar [[grass.DensityScale:1.0]]
[2020.01.20-12.56.25:656][  0]LogConfig: Applying CVar settings from Section [ShadingQuality@3] File [C:/Users/q/madcamp4/Saved/Config/Windows/Scalability.ini]
[2020.01.20-12.56.25:656][  0]LogConfig: Setting CVar [[r.HairStrands.SkyLighting.SampleCount:16]]
[2020.01.20-12.56.25:656][  0]LogConfig: Setting CVar [[r.HairStrands.SkyLighting.JitterIntegration:0]]
[2020.01.20-12.56.25:656][  0]LogConfig: Setting CVar [[r.HairStrands.SkyAO.SampleCount:16]]
[2020.01.20-12.56.25:657][  0]LogInit: Selected Device Profile: [Windows]
[2020.01.20-12.56.25:657][  0]LogInit: Applying CVar settings loaded from the selected device profile: [Windows]
[2020.01.20-12.56.25:659][  0]LogHAL: Display: Platform has ~ 8 GB [8481972224 / 8589934592 / 8], which maps to Default [LargestMinGB=32, LargerMinGB=12, DefaultMinGB=8, SmallerMinGB=6, SmallestMinGB=0)
[2020.01.20-12.56.25:659][  0]LogInit: Going up to parent DeviceProfile []
[2020.01.20-12.56.25:659][  0]LogConfig: Applying CVar settings from Section [ViewDistanceQuality@3] File [C:/Users/q/madcamp4/Saved/Config/Windows/Scalability.ini]
[2020.01.20-12.56.25:659][  0]LogConfig: Setting CVar [[r.SkeletalMeshLODBias:0]]
[2020.01.20-12.56.25:659][  0]LogConfig: Setting CVar [[r.ViewDistanceScale:1.0]]
[2020.01.20-12.56.25:659][  0]LogConfig: Applying CVar settings from Section [AntiAliasingQuality@3] File [C:/Users/q/madcamp4/Saved/Config/Windows/Scalability.ini]
[2020.01.20-12.56.25:659][  0]LogConfig: Setting CVar [[r.PostProcessAAQuality:4]]
[2020.01.20-12.56.25:659][  0]LogConfig: Applying CVar settings from Section [ShadowQuality@3] File [C:/Users/q/madcamp4/Saved/Config/Windows/Scalability.ini]
[2020.01.20-12.56.25:659][  0]LogConfig: Setting CVar [[r.LightFunctionQuality:1]]
[2020.01.20-12.56.25:659][  0]LogConfig: Setting CVar [[r.ShadowQuality:5]]
[2020.01.20-12.56.25:659][  0]LogConfig: Setting CVar [[r.Shadow.CSM.MaxCascades:10]]
[2020.01.20-12.56.25:659][  0]LogConfig: Setting CVar [[r.Shadow.MaxResolution:2048]]
[2020.01.20-12.56.25:660][  0]LogConfig: Setting CVar [[r.Shadow.MaxCSMResolution:2048]]
[2020.01.20-12.56.25:660][  0]LogConfig: Setting CVar [[r.Shadow.RadiusThreshold:0.01]]
[2020.01.20-12.56.25:660][  0]LogConfig: Setting CVar [[r.Shadow.DistanceScale:1.0]]
[2020.01.20-12.56.25:660][  0]LogConfig: Setting CVar [[r.Shadow.CSM.TransitionScale:1.0]]
[2020.01.20-12.56.25:660][  0]LogConfig: Setting CVar [[r.Shadow.PreShadowResolutionFactor:1.0]]
[2020.01.20-12.56.25:660][  0]LogConfig: Setting CVar [[r.DistanceFieldShadowing:1]]
[2020.01.20-12.56.25:660][  0]LogConfig: Setting CVar [[r.DistanceFieldAO:1]]
[2020.01.20-12.56.25:660][  0]LogConfig: Setting CVar [[r.AOQuality:2]]
[2020.01.20-12.56.25:660][  0]LogConfig: Setting CVar [[r.VolumetricFog:1]]
[2020.01.20-12.56.25:660][  0]LogConfig: Setting CVar [[r.VolumetricFog.GridPixelSize:8]]
[2020.01.20-12.56.25:660][  0]LogConfig: Setting CVar [[r.VolumetricFog.GridSizeZ:128]]
[2020.01.20-12.56.25:660][  0]LogConfig: Setting CVar [[r.VolumetricFog.HistoryMissSupersampleCount:4]]
[2020.01.20-12.56.25:660][  0]LogConfig: Setting CVar [[r.LightMaxDrawDistanceScale:1]]
[2020.01.20-12.56.25:660][  0]LogConfig: Setting CVar [[r.CapsuleShadows:1]]
[2020.01.20-12.56.25:660][  0]LogConfig: Applying CVar settings from Section [PostProcessQuality@3] File [C:/Users/q/madcamp4/Saved/Config/Windows/Scalability.ini]
[2020.01.20-12.56.25:660][  0]LogConfig: Setting CVar [[r.MotionBlurQuality:4]]
[2020.01.20-12.56.25:660][  0]LogConfig: Setting CVar [[r.AmbientOcclusionMipLevelFactor:0.4]]
[2020.01.20-12.56.25:660][  0]LogConfig: Setting CVar [[r.AmbientOcclusionMaxQuality:100]]
[2020.01.20-12.56.25:660][  0]LogConfig: Setting CVar [[r.AmbientOcclusionLevels:-1]]
[2020.01.20-12.56.25:660][  0]LogConfig: Setting CVar [[r.AmbientOcclusionRadiusScale:1.0]]
[2020.01.20-12.56.25:660][  0]LogConfig: Setting CVar [[r.DepthOfFieldQuality:2]]
[2020.01.20-12.56.25:660][  0]LogConfig: Setting CVar [[r.RenderTargetPoolMin:400]]
[2020.01.20-12.56.25:660][  0]LogConfig: Setting CVar [[r.LensFlareQuality:2]]
[2020.01.20-12.56.25:660][  0]LogConfig: Setting CVar [[r.SceneColorFringeQuality:1]]
[2020.01.20-12.56.25:660][  0]LogConfig: Setting CVar [[r.EyeAdaptationQuality:2]]
[2020.01.20-12.56.25:660][  0]LogConfig: Setting CVar [[r.BloomQuality:5]]
[2020.01.20-12.56.25:660][  0]LogConfig: Setting CVar [[r.FastBlurThreshold:100]]
[2020.01.20-12.56.25:660][  0]LogConfig: Setting CVar [[r.Upscale.Quality:3]]
[2020.01.20-12.56.25:660][  0]LogConfig: Setting CVar [[r.Tonemapper.GrainQuantization:1]]
[2020.01.20-12.56.25:660][  0]LogConfig: Setting CVar [[r.LightShaftQuality:1]]
[2020.01.20-12.56.25:660][  0]LogConfig: Setting CVar [[r.Filter.SizeScale:1]]
[2020.01.20-12.56.25:660][  0]LogConfig: Setting CVar [[r.Tonemapper.Quality:5]]
[2020.01.20-12.56.25:660][  0]LogConfig: Setting CVar [[r.DOF.Gather.AccumulatorQuality:1        ; higher gathering accumulator quality]]
[2020.01.20-12.56.25:660][  0]LogConfig: Setting CVar [[r.DOF.Gather.PostfilterMethod:1          ; Median3x3 postfilering method]]
[2020.01.20-12.56.25:660][  0]LogConfig: Setting CVar [[r.DOF.Gather.EnableBokehSettings:0       ; no bokeh simulation when gathering]]
[2020.01.20-12.56.25:660][  0]LogConfig: Setting CVar [[r.DOF.Gather.RingCount:4                 ; medium number of samples when gathering]]
[2020.01.20-12.56.25:660][  0]LogConfig: Setting CVar [[r.DOF.Scatter.ForegroundCompositing:1    ; additive foreground scattering]]
[2020.01.20-12.56.25:660][  0]LogConfig: Setting CVar [[r.DOF.Scatter.BackgroundCompositing:2    ; additive background scattering]]
[2020.01.20-12.56.25:660][  0]LogConfig: Setting CVar [[r.DOF.Scatter.EnableBokehSettings:1      ; bokeh simulation when scattering]]
[2020.01.20-12.56.25:660][  0]LogConfig: Setting CVar [[r.DOF.Scatter.MaxSpriteRatio:0.1         ; only a maximum of 10% of scattered bokeh]]
[2020.01.20-12.56.25:660][  0]LogConfig: Setting CVar [[r.DOF.Recombine.Quality:1                ; cheap slight out of focus]]
[2020.01.20-12.56.25:660][  0]LogConfig: Setting CVar [[r.DOF.Recombine.EnableBokehSettings:0    ; no bokeh simulation on slight out of focus]]
[2020.01.20-12.56.25:660][  0]LogConfig: Setting CVar [[r.DOF.TemporalAAQuality:1                ; more stable temporal accumulation]]
[2020.01.20-12.56.25:660][  0]LogConfig: Setting CVar [[r.DOF.Kernel.MaxForegroundRadius:0.025]]
[2020.01.20-12.56.25:660][  0]LogConfig: Setting CVar [[r.DOF.Kernel.MaxBackgroundRadius:0.025]]
[2020.01.20-12.56.25:660][  0]LogConfig: Applying CVar settings from Section [TextureQuality@3] File [C:/Users/q/madcamp4/Saved/Config/Windows/Scalability.ini]
[2020.01.20-12.56.25:660][  0]LogConfig: Setting CVar [[r.Streaming.MipBias:0]]
[2020.01.20-12.56.25:660][  0]LogConfig: Setting CVar [[r.Streaming.AmortizeCPUToGPUCopy:0]]
[2020.01.20-12.56.25:660][  0]LogConfig: Setting CVar [[r.Streaming.MaxNumTexturesToStreamPerFrame:0]]
[2020.01.20-12.56.25:660][  0]LogConfig: Setting CVar [[r.Streaming.Boost:1]]
[2020.01.20-12.56.25:660][  0]LogConfig: Setting CVar [[r.MaxAnisotropy:8]]
[2020.01.20-12.56.25:660][  0]LogConfig: Setting CVar [[r.VT.MaxAnisotropy:8]]
[2020.01.20-12.56.25:660][  0]LogConfig: Setting CVar [[r.Streaming.LimitPoolSizeToVRAM:0]]
[2020.01.20-12.56.25:660][  0]LogConfig: Setting CVar [[r.Streaming.PoolSize:1000]]
[2020.01.20-12.56.25:660][  0]LogConfig: Setting CVar [[r.Streaming.MaxEffectiveScreenSize:0]]
[2020.01.20-12.56.25:660][  0]LogConfig: Applying CVar settings from Section [EffectsQuality@3] File [C:/Users/q/madcamp4/Saved/Config/Windows/Scalability.ini]
[2020.01.20-12.56.25:660][  0]LogConfig: Setting CVar [[r.TranslucencyLightingVolumeDim:64]]
[2020.01.20-12.56.25:660][  0]LogConfig: Setting CVar [[r.RefractionQuality:2]]
[2020.01.20-12.56.25:660][  0]LogConfig: Setting CVar [[r.SSR.Quality:3]]
[2020.01.20-12.56.25:660][  0]LogConfig: Setting CVar [[r.SSR.HalfResSceneColor:0]]
[2020.01.20-12.56.25:660][  0]LogConfig: Setting CVar [[r.SceneColorFormat:4]]
[2020.01.20-12.56.25:660][  0]LogConfig: Setting CVar [[r.DetailMode:2]]
[2020.01.20-12.56.25:660][  0]LogConfig: Setting CVar [[r.TranslucencyVolumeBlur:1]]
[2020.01.20-12.56.25:660][  0]LogConfig: Setting CVar [[r.MaterialQualityLevel:1 ; High quality]]
[2020.01.20-12.56.25:661][  0]LogConfig: Setting CVar [[r.SSS.Scale:1]]
[2020.01.20-12.56.25:661][  0]LogConfig: Setting CVar [[r.SSS.SampleSet:2]]
[2020.01.20-12.56.25:661][  0]LogConfig: Setting CVar [[r.SSS.Quality:1]]
[2020.01.20-12.56.25:661][  0]LogConfig: Setting CVar [[r.SSS.HalfRes:1]]
[2020.01.20-12.56.25:661][  0]LogConfig: Setting CVar [[r.SSGI.Quality:3]]
[2020.01.20-12.56.25:661][  0]LogConfig: Setting CVar [[r.EmitterSpawnRateScale:1.0]]
[2020.01.20-12.56.25:661][  0]LogConfig: Setting CVar [[r.ParticleLightQuality:2]]
[2020.01.20-12.56.25:661][  0]LogConfig: Setting CVar [[r.SkyAtmosphere.AerialPerspectiveLUT.FastApplyOnOpaque:1 ; Always have FastSkyLUT 1 in this case to avoid wrong sky]]
[2020.01.20-12.56.25:661][  0]LogConfig: Setting CVar [[r.SkyAtmosphere.AerialPerspectiveLUT.SampleCountPerSlice:1]]
[2020.01.20-12.56.25:661][  0]LogConfig: Setting CVar [[r.SkyAtmosphere.AerialPerspectiveLUT.DepthResolution:16.0]]
[2020.01.20-12.56.25:661][  0]LogConfig: Setting CVar [[r.SkyAtmosphere.FastSkyLUT:1]]
[2020.01.20-12.56.25:661][  0]LogConfig: Setting CVar [[r.SkyAtmosphere.FastSkyLUT.SampleCountMin:4.0]]
[2020.01.20-12.56.25:661][  0]LogConfig: Setting CVar [[r.SkyAtmosphere.FastSkyLUT.SampleCountMax:32.0]]
[2020.01.20-12.56.25:661][  0]LogConfig: Setting CVar [[r.SkyAtmosphere.SampleCountMin:4.0]]
[2020.01.20-12.56.25:661][  0]LogConfig: Setting CVar [[r.SkyAtmosphere.SampleCountMax:32.0]]
[2020.01.20-12.56.25:661][  0]LogConfig: Setting CVar [[r.SkyAtmosphere.TransmittanceLUT.UseSmallFormat:0]]
[2020.01.20-12.56.25:661][  0]LogConfig: Setting CVar [[r.SkyAtmosphere.TransmittanceLUT.SampleCount:10.0]]
[2020.01.20-12.56.25:661][  0]LogConfig: Setting CVar [[r.SkyAtmosphere.MultiScatteringLUT.SampleCount:15.0]]
[2020.01.20-12.56.25:661][  0]LogConfig: Applying CVar settings from Section [FoliageQuality@3] File [C:/Users/q/madcamp4/Saved/Config/Windows/Scalability.ini]
[2020.01.20-12.56.25:661][  0]LogConfig: Setting CVar [[foliage.DensityScale:1.0]]
[2020.01.20-12.56.25:661][  0]LogConfig: Setting CVar [[grass.DensityScale:1.0]]
[2020.01.20-12.56.25:661][  0]LogConfig: Applying CVar settings from Section [ShadingQuality@3] File [C:/Users/q/madcamp4/Saved/Config/Windows/Scalability.ini]
[2020.01.20-12.56.25:661][  0]LogConfig: Setting CVar [[r.HairStrands.SkyLighting.SampleCount:16]]
[2020.01.20-12.56.25:661][  0]LogConfig: Setting CVar [[r.HairStrands.SkyLighting.JitterIntegration:0]]
[2020.01.20-12.56.25:661][  0]LogConfig: Setting CVar [[r.HairStrands.SkyAO.SampleCount:16]]
[2020.01.20-12.56.25:661][  0]LogConfig: Applying CVar settings from Section [Startup] File [../../../Engine/Config/ConsoleVariables.ini]
[2020.01.20-12.56.25:661][  0]LogConfig: Setting CVar [[net.UseAdaptiveNetUpdateFrequency:0]]
[2020.01.20-12.56.25:661][  0]LogConfig: Setting CVar [[p.chaos.AllowCreatePhysxBodies:1]]
[2020.01.20-12.56.25:661][  0]LogConfig: Applying CVar settings from Section [ConsoleVariables] File [C:/Users/q/madcamp4/Saved/Config/Windows/Engine.ini]
[2020.01.20-12.56.25:661][  0]LogInit: Computer: DESKTOP-L9TIVUF
[2020.01.20-12.56.25:661][  0]LogInit: User: q
[2020.01.20-12.56.25:661][  0]LogInit: CPU Page size=4096, Cores=4
[2020.01.20-12.56.25:661][  0]LogInit: High frequency timer resolution =10.000000 MHz
[2020.01.20-12.56.25:661][  0]LogMemory: Memory total: Physical=7.9GB (8GB approx)
[2020.01.20-12.56.25:661][  0]LogMemory: Platform Memory Stats for Windows
[2020.01.20-12.56.25:661][  0]LogMemory: Process Physical Memory: 105.22 MB used, 105.22 MB peak
[2020.01.20-12.56.25:661][  0]LogMemory: Process Virtual Memory: 100.61 MB used, 100.61 MB peak
[2020.01.20-12.56.25:662][  0]LogMemory: Physical Memory: 3589.86 MB used,  4499.18 MB free, 8089.04 MB total
[2020.01.20-12.56.25:662][  0]LogMemory: Virtual Memory: 5137.59 MB used,  134212592.00 MB free, 134217728.00 MB total
[2020.01.20-12.56.25:664][  0]LogWindows: WindowsPlatformFeatures enabled
[2020.01.20-12.56.25:676][  0]LogInit: Using OS detected language (ko-KR).
[2020.01.20-12.56.25:676][  0]LogInit: Using OS detected locale (ko-KR).
[2020.01.20-12.56.25:677][  0]LogTextLocalizationManager: No specific localization for 'ko-KR' exists, so the 'ko' localization will be used.
[2020.01.20-12.56.25:752][  0]LogInit: Setting process to per monitor DPI aware
[2020.01.20-12.56.25:789][  0]LogSlate: New Slate User Created.  User Index 0, Is Virtual User: 0
[2020.01.20-12.56.25:790][  0]LogSlate: Slate User Registered.  User Index 0, Is Virtual User: 0
[2020.01.20-12.56.25:937][  0]LogHMD: Failed to initialize OpenVR with code 110
[2020.01.20-12.56.25:937][  0]LogD3D11RHI: D3D11 min allowed feature level: 11_0
[2020.01.20-12.56.25:938][  0]LogD3D11RHI: D3D11 max allowed feature level: 11_0
[2020.01.20-12.56.25:938][  0]LogD3D11RHI: D3D11 adapters:
[2020.01.20-12.56.26:026][  0]LogD3D11RHI:    0. 'NVIDIA GeForce GTX 1650' (Feature Level 11_0)
[2020.01.20-12.56.26:026][  0]LogD3D11RHI:       3962/0/4044 MB DedicatedVideo/DedicatedSystem/SharedSystem, Outputs:2, VendorId:0x10de
[2020.01.20-12.56.26:031][  0]LogD3D11RHI:    1. 'Intel(R) HD Graphics 4000' (Feature Level 11_0)
[2020.01.20-12.56.26:031][  0]LogD3D11RHI:       32/0/1760 MB DedicatedVideo/DedicatedSystem/SharedSystem, Outputs:0, VendorId:0x8086
[2020.01.20-12.56.26:033][  0]LogD3D11RHI:    2. 'Microsoft Basic Render Driver' (Feature Level 11_0)
[2020.01.20-12.56.26:033][  0]LogD3D11RHI:       0/0/4044 MB DedicatedVideo/DedicatedSystem/SharedSystem, Outputs:0, VendorId:0x1414
[2020.01.20-12.56.26:033][  0]LogD3D11RHI: Chosen D3D11 Adapter: 0
[2020.01.20-12.56.26:038][  0]LogD3D11RHI: Creating new Direct3DDevice
[2020.01.20-12.56.26:039][  0]LogD3D11RHI:     GPU DeviceId: 0x1f82 (for the marketing name, search the web for "GPU Device Id")
[2020.01.20-12.56.26:039][  0]LogWindows: EnumDisplayDevices:
[2020.01.20-12.56.26:039][  0]LogWindows:    0. 'NVIDIA GeForce GTX 1650' (P:1 D:1)
[2020.01.20-12.56.26:039][  0]LogWindows:    1. 'NVIDIA GeForce GTX 1650' (P:0 D:1)
[2020.01.20-12.56.26:039][  0]LogWindows:    2. 'NVIDIA GeForce GTX 1650' (P:0 D:0)
[2020.01.20-12.56.26:040][  0]LogWindows:    3. 'NVIDIA GeForce GTX 1650' (P:0 D:0)
[2020.01.20-12.56.26:040][  0]LogWindows:    4. 'Intel(R) HD Graphics 4000' (P:0 D:0)
[2020.01.20-12.56.26:040][  0]LogWindows:    5. 'Intel(R) HD Graphics 4000' (P:0 D:0)
[2020.01.20-12.56.26:040][  0]LogWindows: DebugString: PrimaryIsNotTheChoosenAdapter PrimaryIsNotTheChoosenAdapter FoundDriverCount:4 
[2020.01.20-12.56.26:040][  0]LogD3D11RHI:     Adapter Name: NVIDIA GeForce GTX 1650
[2020.01.20-12.56.26:040][  0]LogD3D11RHI:   Driver Version: 432.00 (internal:26.21.14.3200, unified:432.00)
[2020.01.20-12.56.26:040][  0]LogD3D11RHI:      Driver Date: 7-24-2019
[2020.01.20-12.56.26:040][  0]LogRHI: Texture pool is 2773 MB (70% of 3962 MB)
[2020.01.20-12.56.26:100][  0]LogD3D11RHI: RHI has support for 64 bit atomics
[2020.01.20-12.56.26:100][  0]LogD3D11RHI: Async texture creation enabled
[2020.01.20-12.56.26:112][  0]LogD3D11RHI: GPU Timing Frequency: 1000.000000 (Debug: 2 1)
[2020.01.20-12.56.26:571][  0]LogTargetPlatformManager: Display: Loaded TargetPlatform 'AllDesktop'
[2020.01.20-12.56.26:601][  0]LogTargetPlatformManager: Display: Loaded TargetPlatform 'Android'
[2020.01.20-12.56.26:601][  0]LogTargetPlatformManager: Display: Loaded TargetPlatform 'Android_ASTC'
[2020.01.20-12.56.26:601][  0]LogTargetPlatformManager: Display: Loaded TargetPlatform 'Android_ATC'
[2020.01.20-12.56.26:601][  0]LogTargetPlatformManager: Display: Loaded TargetPlatform 'Android_DXT'
[2020.01.20-12.56.26:601][  0]LogTargetPlatformManager: Display: Loaded TargetPlatform 'Android_ETC1'
[2020.01.20-12.56.26:601][  0]LogTargetPlatformManager: Display: Loaded TargetPlatform 'Android_ETC1a'
[2020.01.20-12.56.26:601][  0]LogTargetPlatformManager: Display: Loaded TargetPlatform 'Android_ETC2'
[2020.01.20-12.56.26:601][  0]LogTargetPlatformManager: Display: Loaded TargetPlatform 'Android_PVRTC'
[2020.01.20-12.56.26:601][  0]LogTargetPlatformManager: Display: Loaded TargetPlatform 'AndroidClient'
[2020.01.20-12.56.26:601][  0]LogTargetPlatformManager: Display: Loaded TargetPlatform 'Android_ASTCClient'
[2020.01.20-12.56.26:601][  0]LogTargetPlatformManager: Display: Loaded TargetPlatform 'Android_ATCClient'
[2020.01.20-12.56.26:601][  0]LogTargetPlatformManager: Display: Loaded TargetPlatform 'Android_DXTClient'
[2020.01.20-12.56.26:601][  0]LogTargetPlatformManager: Display: Loaded TargetPlatform 'Android_ETC1Client'
[2020.01.20-12.56.26:601][  0]LogTargetPlatformManager: Display: Loaded TargetPlatform 'Android_ETC1aClient'
[2020.01.20-12.56.26:601][  0]LogTargetPlatformManager: Display: Loaded TargetPlatform 'Android_ETC2Client'
[2020.01.20-12.56.26:601][  0]LogTargetPlatformManager: Display: Loaded TargetPlatform 'Android_PVRTCClient'
[2020.01.20-12.56.26:601][  0]LogTargetPlatformManager: Display: Loaded TargetPlatform 'Android_Multi'
[2020.01.20-12.56.26:601][  0]LogTargetPlatformManager: Display: Loaded TargetPlatform 'Android_MultiClient'
[2020.01.20-12.56.26:620][  0]LogTargetPlatformManager: Display: Loaded TargetPlatform 'IOSClient'
[2020.01.20-12.56.26:620][  0]LogTargetPlatformManager: Display: Loaded TargetPlatform 'IOS'
[2020.01.20-12.56.26:627][  0]LogTargetPlatformManager: Display: Loaded TargetPlatform 'LinuxNoEditor'
[2020.01.20-12.56.26:635][  0]LogTargetPlatformManager: Display: Loaded TargetPlatform 'LinuxClient'
[2020.01.20-12.56.26:642][  0]LogTargetPlatformManager: Display: Loaded TargetPlatform 'LinuxServer'
[2020.01.20-12.56.26:649][  0]LogTargetPlatformManager: Display: Loaded TargetPlatform 'LinuxAArch64NoEditor'
[2020.01.20-12.56.26:657][  0]LogTargetPlatformManager: Display: Loaded TargetPlatform 'LinuxAArch64Client'
[2020.01.20-12.56.26:664][  0]LogTargetPlatformManager: Display: Loaded TargetPlatform 'LinuxAArch64Server'
[2020.01.20-12.56.26:689][  0]LogTargetPlatformManager: Display: Loaded TargetPlatform 'Lumin'
[2020.01.20-12.56.26:689][  0]LogTargetPlatformManager: Display: Loaded TargetPlatform 'LuminClient'
[2020.01.20-12.56.26:703][  0]LogTargetPlatformManager: Display: Loaded TargetPlatform 'TVOSClient'
[2020.01.20-12.56.26:703][  0]LogTargetPlatformManager: Display: Loaded TargetPlatform 'TVOS'
[2020.01.20-12.56.26:711][  0]LogTargetPlatformManager: Display: Loaded TargetPlatform 'WindowsNoEditor'
[2020.01.20-12.56.26:719][  0]LogTargetPlatformManager: Display: Loaded TargetPlatform 'Windows'
[2020.01.20-12.56.26:726][  0]LogTargetPlatformManager: Display: Loaded TargetPlatform 'WindowsClient'
[2020.01.20-12.56.26:734][  0]LogTargetPlatformManager: Display: Loaded TargetPlatform 'WindowsServer'
[2020.01.20-12.56.26:734][  0]LogTargetPlatformManager: Display: Building Assets For Windows
[2020.01.20-12.56.26:736][  0]LogAudioDebug: Display: Lib vorbis DLL was dynamically loaded.
[2020.01.20-12.56.26:757][  0]LogShaderCompilers: Guid format shader working directory is 7 characters bigger than the processId version (../../../../../../Users/q/madcamp4/Intermediate/Shaders/WorkingDirectory/12548/).
[2020.01.20-12.56.26:757][  0]LogShaderCompilers: Cleaned the shader compiler working directory 'C:/Users/q/AppData/Local/Temp/UnrealShaderWorkingDir/5C6135554E6D27B8F3A1759C6D04C954/'.
[2020.01.20-12.56.26:758][  0]LogXGEController: Cannot use XGE Controller as Incredibuild is not installed on this machine.
[2020.01.20-12.56.26:758][  0]LogShaderCompilers: Cannot use XGE Shader Compiler as Incredibuild is not installed on this machine.
[2020.01.20-12.56.26:758][  0]LogShaderCompilers: Display: Using Local Shader Compiler.
[2020.01.20-12.56.27:492][  0]LogDerivedDataCache: Display: Max Cache Size: 512 MB
[2020.01.20-12.56.27:554][  0]LogDerivedDataCache: Loaded boot cache 0.06s 78MB C:/Users/q/AppData/Local/UnrealEngine/4.24/DerivedDataCache/Boot.ddc.
[2020.01.20-12.56.27:554][  0]LogDerivedDataCache: Display: Loaded Boot cache: C:/Users/q/AppData/Local/UnrealEngine/4.24/DerivedDataCache/Boot.ddc
[2020.01.20-12.56.27:554][  0]LogDerivedDataCache: FDerivedDataBackendGraph:  Pak pak cache file ../../../../../../Users/q/madcamp4/DerivedDataCache/DDC.ddp not found, will not use a pak cache.
[2020.01.20-12.56.27:554][  0]LogDerivedDataCache: Unable to find inner node Pak for hierarchical cache Hierarchy.
[2020.01.20-12.56.27:554][  0]LogDerivedDataCache: FDerivedDataBackendGraph:  CompressedPak pak cache file ../../../../../../Users/q/madcamp4/DerivedDataCache/Compressed.ddp not found, will not use a pak cache.
[2020.01.20-12.56.27:554][  0]LogDerivedDataCache: Unable to find inner node CompressedPak for hierarchical cache Hierarchy.
[2020.01.20-12.56.27:564][  0]LogDerivedDataCache: Display: Pak cache opened for reading ../../../Engine/DerivedDataCache/Compressed.ddp.
[2020.01.20-12.56.27:564][  0]LogDerivedDataCache: FDerivedDataBackendGraph:  EnterprisePak pak cache file ../../../Enterprise/DerivedDataCache/Compressed.ddp not found, will not use a pak cache.
[2020.01.20-12.56.27:564][  0]LogDerivedDataCache: Unable to find inner node EnterprisePak for hierarchical cache Hierarchy.
[2020.01.20-12.56.27:566][  0]LogDerivedDataCache: Using Local data cache path C:/Users/q/AppData/Local/UnrealEngine/Common/DerivedDataCache: Writable
[2020.01.20-12.56.27:566][  0]LogDerivedDataCache: Shared data cache path not found in *engine.ini, will not use an Shared cache.
[2020.01.20-12.56.27:566][  0]LogDerivedDataCache: Unable to find inner node Shared for hierarchical cache Hierarchy.
[2020.01.20-12.56.27:593][  0]LogMaterial: Verifying Global Shaders for PCD3D_SM5
[2020.01.20-12.56.27:596][  0]LogSlate: Using FreeType 2.10.0
[2020.01.20-12.56.27:596][  0]LogSlate: SlateFontServices - WITH_FREETYPE: 1, WITH_HARFBUZZ: 1
[2020.01.20-12.56.27:645][  0]LogAssetRegistry: FAssetRegistry took 0.0024 seconds to start up
[2020.01.20-12.56.27:981][  0]LogInit: Selected Device Profile: [Windows]
[2020.01.20-12.56.28:142][  0]LogMeshReduction: Using QuadricMeshReduction for automatic static mesh reduction
[2020.01.20-12.56.28:142][  0]LogMeshReduction: Using SimplygonMeshReduction for automatic skeletal mesh reduction
[2020.01.20-12.56.28:142][  0]LogMeshReduction: Using ProxyLODMeshReduction for automatic mesh merging
[2020.01.20-12.56.28:142][  0]LogMeshReduction: No distributed automatic mesh merging module available
[2020.01.20-12.56.28:142][  0]LogMeshMerging: No distributed automatic mesh merging module available
[2020.01.20-12.56.28:159][  0]LogNetVersion: start4 1.0.0, NetCL: 10570792, EngineNetVer: 13, GameNetVer: 0 (Checksum: 3748034330)
[2020.01.20-12.56.29:201][  0]LogPackageLocalizationCache: Processed 10 localized package path(s) for 1 prioritized culture(s) in 0.053491 seconds
[2020.01.20-12.56.29:209][  0]LogUObjectArray: 46750 objects as part of root set at end of initial load.
[2020.01.20-12.56.29:209][  0]LogUObjectAllocator: 8137160 out of 0 bytes used by permanent object pool.
[2020.01.20-12.56.29:209][  0]LogUObjectArray: CloseDisregardForGC: 0/0 objects in disregard for GC pool
[2020.01.20-12.56.29:613][  0]LogTcpMessaging: Initializing TcpMessaging bridge
[2020.01.20-12.56.29:616][  0]LogUdpMessaging: Initializing bridge on interface 0.0.0.0:0 to multicast group 230.0.0.1:6666.
[2020.01.20-12.56.29:666][  0]SourceControl: 소스 컨트롤이 꺼졌습니다.
[2020.01.20-12.56.29:666][  0]SourceControl: 소스 컨트롤이 꺼졌습니다.
[2020.01.20-12.56.29:667][  0]SourceControl: 소스 컨트롤이 꺼졌습니다.
[2020.01.20-12.56.29:668][  0]SourceControl: 소스 컨트롤이 꺼졌습니다.
[2020.01.20-12.56.29:669][  0]SourceControl: 소스 컨트롤이 꺼졌습니다.
[2020.01.20-12.56.29:746][  0]LogAndroidPermission: UAndroidPermissionCallbackProxy::GetInstance
[2020.01.20-12.56.29:755][  0]LogAudioCaptureCore: Display: No Audio Capture implementations found. Audio input will be silent.
[2020.01.20-12.56.29:755][  0]LogAudioCaptureCore: Display: No Audio Capture implementations found. Audio input will be silent.
[2020.01.20-12.56.29:846][  0]LogOcInput: OculusInput pre-init called
[2020.01.20-12.56.29:853][  0]LogWindows: Failed to load 'OVRPlugin.dll' (GetLastError=126)
[2020.01.20-12.56.29:853][  0]LogWindows: File 'OVRPlugin.dll' does not exist
[2020.01.20-12.56.29:924][  0]LogEngine: Initializing Engine...
[2020.01.20-12.56.29:925][  0]LogHMD: Failed to initialize OpenVR with code 110
[2020.01.20-12.56.29:926][  0]LogStats: UGameplayTagsManager::InitializeManager -  0.000 s
[2020.01.20-12.56.30:284][  0]LogInit: Initializing FReadOnlyCVARCache
[2020.01.20-12.56.30:295][  0]LogAIModule: Creating AISystem for world Untitled
[2020.01.20-12.56.30:304][  0]LogAudioMixer: Display: Audio Mixer Platform Settings:
[2020.01.20-12.56.30:304][  0]LogAudioMixer: Display: 	Sample Rate:						  48000
[2020.01.20-12.56.30:304][  0]LogAudioMixer: Display: 	Callback Buffer Frame Size Requested: 1024
[2020.01.20-12.56.30:304][  0]LogAudioMixer: Display: 	Callback Buffer Frame Size To Use:	  1024
[2020.01.20-12.56.30:304][  0]LogAudioMixer: Display: 	Number of buffers to queue:			  2
[2020.01.20-12.56.30:304][  0]LogAudioMixer: Display: 	Max Channels (voices):				  32
[2020.01.20-12.56.30:304][  0]LogAudioMixer: Display: 	Number of Async Source Workers:		  0
[2020.01.20-12.56.30:304][  0]LogAudio: Display: AudioDevice MaxSources: 32
[2020.01.20-12.56.30:305][  0]LogAudio: Display: Using built-in audio occlusion.
[2020.01.20-12.56.30:305][  0]LogAudioMixer: Display: Initializing audio mixer.
[2020.01.20-12.56.30:333][  0]LogAudioMixer: Display: Audio Device Output Speaker Info:
[2020.01.20-12.56.30:333][  0]LogAudioMixer: Display: Name: 스피커(High Definition Audio Device)
[2020.01.20-12.56.30:333][  0]LogAudioMixer: Display: Is Default: Yes
[2020.01.20-12.56.30:333][  0]LogAudioMixer: Display: Sample Rate: 48000
[2020.01.20-12.56.30:333][  0]LogAudioMixer: Display: Channel Count Used: 2
[2020.01.20-12.56.30:333][  0]LogAudioMixer: Display: Device Channel Count: 2
[2020.01.20-12.56.30:333][  0]LogAudioMixer: Display: Channel Order:
[2020.01.20-12.56.30:333][  0]LogAudioMixer: Display: 0: FrontLeft
[2020.01.20-12.56.30:333][  0]LogAudioMixer: Display: 1: FrontRight
[2020.01.20-12.56.30:360][  0]LogAudioMixer: Display: Using Audio Device 스피커(High Definition Audio Device)
[2020.01.20-12.56.30:366][  0]LogInit: FAudioDevice initialized.
[2020.01.20-12.56.30:367][  0]LogNetVersion: Set ProjectVersion to 1.0.0.0. Version Checksum will be recalculated on next use.
[2020.01.20-12.56.30:482][  0]LogDerivedDataCache: Saved boot cache 0.12s 78MB C:/Users/q/AppData/Local/UnrealEngine/4.24/DerivedDataCache/Boot.ddc.
[2020.01.20-12.56.30:486][  0]LogInit: Texture streaming: Enabled
[2020.01.20-12.56.30:497][  0]LogEngineSessionManager: EngineSessionManager initialized
[2020.01.20-12.56.30:497][  0]LogEditorSessionSummary: Verbose: Initializing EditorSessionSummaryWriter for editor session tracking
[2020.01.20-12.56.30:498][  0]LogEditorSessionSummary: EditorSessionSummaryWriter initialized
[2020.01.20-12.56.30:555][  0]LogInit: Transaction tracking system initialized
[2020.01.20-12.56.30:565][  0]BlueprintLog: New page: 에디터 로드
[2020.01.20-12.56.30:596][  0]LocalizationService: 현지화 서비스가 비활성화되었습니다.
[2020.01.20-12.56.30:911][  0]LogFileCache: Scanning file cache for directory 'C:/Users/q/madcamp4/Content/' took 0.00s
[2020.01.20-12.56.30:912][  0]LogCook: Display: Max memory allowance for cook 16384mb min free memory 0mb
[2020.01.20-12.56.30:912][  0]LogCook: Display: Mobile HDR setting 1
[2020.01.20-12.56.31:590][  0]SourceControl: 소스 컨트롤이 꺼졌습니다.
[2020.01.20-12.56.31:590][  0]Cmd: MAP LOAD FILE="../../../../../../Users/q/madcamp4/Content/Maps/Level_0.umap" TEMPLATE=0 SHOWPROGRESS=1 FEATURELEVEL=3
[2020.01.20-12.56.31:592][  0]LightingResults: New page: 라이팅 빌드
[2020.01.20-12.56.31:593][  0]LogWorld: UWorld::CleanupWorld for Untitled, bSessionEnded=true, bCleanupResources=true
[2020.01.20-12.56.31:593][  0]LogSlate: InvalidateAllWidgets triggered.  All widgets were invalidated
[2020.01.20-12.56.31:593][  0]MapCheck: New page: 맵 체크
[2020.01.20-12.56.31:593][  0]LightingResults: New page: 라이팅 빌드
[2020.01.20-12.56.31:617][  0]LogUObjectHash: Compacting FUObjectHashTables data took   2.32ms
[2020.01.20-12.56.31:628][  0]LogAIModule: Creating AISystem for world Level_0
[2020.01.20-12.56.31:632][  0]LogEditorServer: Finished looking for orphan Actors (0.000 secs)
[2020.01.20-12.56.31:654][  0]LogUObjectHash: Compacting FUObjectHashTables data took   1.15ms
[2020.01.20-12.56.31:654][  0]Cmd: MAP CHECKDEP NOCLEARLOG
[2020.01.20-12.56.31:655][  0]MapCheck: 맵 체크 완료: 오류 0 회, 경고 0 회, 소요 시간 0.182ms.
[2020.01.20-12.56.31:655][  0]LogFileHelpers: Loading map 'Level_0' took 0.064
[2020.01.20-12.56.31:799][  0]LogSlate: Updating window title bar state: overlay mode, drag disabled, window buttons hidden, title bar hidden
[2020.01.20-12.56.31:806][  0]LogSlate: Updating window title bar state: overlay mode, drag disabled, window buttons hidden, title bar hidden
[2020.01.20-12.56.31:814][  0]LogSlate: Updating window title bar state: overlay mode, drag disabled, window buttons hidden, title bar hidden
[2020.01.20-12.56.31:822][  0]LogSlate: Updating window title bar state: overlay mode, drag disabled, window buttons hidden, title bar hidden
[2020.01.20-12.56.31:827][  0]LogCollectionManager: Loaded 0 collections in 0.001717 seconds
[2020.01.20-12.56.31:841][  0]LogFileCache: Scanning file cache for directory 'C:/Users/q/madcamp4/Saved/Collections/' took 0.00s
[2020.01.20-12.56.31:841][  0]LogFileCache: Scanning file cache for directory 'C:/Users/q/madcamp4/Content/Developers/q/Collections/' took 0.00s
[2020.01.20-12.56.31:841][  0]LogFileCache: Scanning file cache for directory 'C:/Users/q/madcamp4/Content/Collections/' took 0.00s
[2020.01.20-12.56.31:841][  0]LogContentBrowser: Native class hierarchy populated in 0.0086 seconds. Added 3015 classes and 717 folders.
[2020.01.20-12.56.31:846][  0]LogContentBrowser: Native class hierarchy updated for 'WidgetCarousel' in 0.0002 seconds. Added 0 classes and 0 folders.
[2020.01.20-12.56.32:220][  0]LogContentBrowser: Native class hierarchy updated for 'AddContentDialog' in 0.0002 seconds. Added 0 classes and 0 folders.
[2020.01.20-12.56.32:226][  0]LogContentBrowser: Native class hierarchy updated for 'SceneOutliner' in 0.0003 seconds. Added 2 classes and 3 folders.
[2020.01.20-12.56.32:275][  0]LogSlate: Took 0.000170 seconds to synchronously load lazily loaded font '../../../Engine/Content/Slate/Fonts/Roboto-Regular.ttf' (155K)
[2020.01.20-12.56.32:279][  0]LogSlate: Took 0.002571 seconds to synchronously load lazily loaded font '../../../Engine/Content/Editor/Slate/Fonts/NanumGothic.ttf' (4243K)
[2020.01.20-12.56.32:281][  0]LogSlate: Took 0.002045 seconds to synchronously load lazily loaded font '../../../Engine/Content/Editor/Slate/Fonts/NanumGothicBold.ttf' (4188K)
[2020.01.20-12.56.32:282][  0]LogSlate: Took 0.000167 seconds to synchronously load lazily loaded font '../../../Engine/Content/Slate/Fonts/Roboto-Bold.ttf' (160K)
[2020.01.20-12.56.32:287][  0]LogSlate: Took 0.001300 seconds to synchronously load lazily loaded font '../../../Engine/Content/Editor/Slate/Fonts/FontAwesome.ttf' (139K)
[2020.01.20-12.56.32:379][  0]LogRenderer: Reallocating scene render targets to support 1208x572 Format 10 NumSamples 1 (Frame:1).
[2020.01.20-12.56.32:484][  0]LogContentBrowser: Native class hierarchy updated for 'HierarchicalLODOutliner' in 0.0003 seconds. Added 0 classes and 0 folders.
[2020.01.20-12.56.32:484][  0]LogLoad: (Engine Initialization) Total time: 8.08 seconds
[2020.01.20-12.56.32:484][  0]LogLoad: (Engine Initialization) Total Blueprint compile time: 0.00 seconds
[2020.01.20-12.56.32:538][  0]LogAssetRegistry: Asset discovery search completed in 4.8942 seconds
[2020.01.20-12.56.32:542][  0]LogCollectionManager: Fixed up redirectors for 0 collections in 0.000009 seconds (updated 0 objects)
[2020.01.20-12.56.32:544][  0]LogContentStreaming: Texture pool size now 1000 MB
[2020.01.20-12.56.32:588][  0]LogSlate: Took 0.006445 seconds to synchronously load lazily loaded font '../../../Engine/Content/Slate/Fonts/Roboto-Light.ttf' (167K)
[2020.01.20-12.56.33:546][ 94]LogSlate: Took 0.000221 seconds to synchronously load lazily loaded font '../../../Engine/Content/Slate/Fonts/Roboto-Light.ttf' (167K)
[2020.01.20-12.56.37:978][537]LogUObjectHash: Compacting FUObjectHashTables data took   0.64ms
[2020.01.20-12.56.37:979][537]Cmd: MAP LOAD FILE="../../../../../../Users/q/madcamp4/Content/Maps/Level_1.umap" TEMPLATE=0 SHOWPROGRESS=1 FEATURELEVEL=3
[2020.01.20-12.56.38:003][537]LightingResults: New page: 라이팅 빌드
[2020.01.20-12.56.38:004][537]LoadErrors: New page: 맵 로드중: Level_1.umap
[2020.01.20-12.56.38:005][537]LogWorld: UWorld::CleanupWorld for Level_0, bSessionEnded=true, bCleanupResources=true
[2020.01.20-12.56.38:005][537]LogSlate: InvalidateAllWidgets triggered.  All widgets were invalidated
[2020.01.20-12.56.38:005][537]MapCheck: New page: 맵 체크
[2020.01.20-12.56.38:005][537]LightingResults: New page: 라이팅 빌드
[2020.01.20-12.56.38:029][537]LogUObjectHash: Compacting FUObjectHashTables data took   1.69ms
[2020.01.20-12.56.38:064][537]LogLinker: Warning: '../../../../../../Users/q/madcamp4/Content/Maps/Level_1.umap' 로드 도중 '/Game/Blueprints/이마트송_브금_Cue_Blueprint' 로드에 실패했습니다: 파일을 찾을 수 없습니다.
[2020.01.20-12.56.38:064][537]LogLinker: Warning: '../../../../../../Users/q/madcamp4/Content/Maps/Level_1.umap' 로드 도중 '/Game/Blueprints/이마트송_브금_Cue_Blueprint' 로드에 실패했습니다: 애셋에 대한 파일을 찾을 수 없습니다.
[2020.01.20-12.56.38:064][537]LogLinker: Warning: '../../../../../../Users/q/madcamp4/Content/Maps/Level_1.umap' 로드 도중 '/Game/Blueprints/이마트송_브금_Cue_Blueprint' 로드에 실패했습니다: 파일을 찾을 수 없습니다.
[2020.01.20-12.56.38:064][537]LogLinker: Warning: '../../../../../../Users/q/madcamp4/Content/Maps/Level_1.umap' 로드 도중 '/Game/Blueprints/이마트송_브금_Cue_Blueprint' 로드에 실패했습니다: 애셋에 대한 파일을 찾을 수 없습니다.
[2020.01.20-12.56.38:103][537]LogLinker: Warning: '../../../../../../Users/q/madcamp4/Content/Maps/Level_1.umap' 로드 도중 '/Game/Blueprints/이마트송_브금_Cue_Blueprint' 로드에 실패했습니다: 파일을 찾을 수 없습니다.
[2020.01.20-12.56.38:103][537]LogLinker: Warning: '../../../../../../Users/q/madcamp4/Content/Maps/Level_1.umap' 로드 도중 '/Game/Blueprints/이마트송_브금_Cue_Blueprint' 로드에 실패했습니다: 애셋에 대한 파일을 찾을 수 없습니다.
[2020.01.20-12.56.38:189][537]LogLinker: Warning: '../../../../../../Users/q/madcamp4/Content/Maps/Level_1.umap' 로드 도중 '/Game/Blueprints/이마트송_브금_Cue_Blueprint' 로드에 실패했습니다: 파일을 찾을 수 없습니다.
[2020.01.20-12.56.38:189][537]LogLinker: Warning: '../../../../../../Users/q/madcamp4/Content/Maps/Level_1.umap' 로드 도중 '/Game/Blueprints/이마트송_브금_Cue_Blueprint' 로드에 실패했습니다: 애셋에 대한 파일을 찾을 수 없습니다.
[2020.01.20-12.56.38:272][537]LogLinker: Warning: '../../../../../../Users/q/madcamp4/Content/Maps/Level_1.umap' 로드 도중 '/Game/Blueprints/이마트송_브금_Cue_Blueprint' 로드에 실패했습니다: 파일을 찾을 수 없습니다.
[2020.01.20-12.56.38:272][537]LogLinker: Warning: '../../../../../../Users/q/madcamp4/Content/Maps/Level_1.umap' 로드 도중 '/Game/Blueprints/이마트송_브금_Cue_Blueprint' 로드에 실패했습니다: 애셋에 대한 파일을 찾을 수 없습니다.
[2020.01.20-12.56.38:274][537]LogLinker: Warning: '{FileName}': 파일을 찾을 수 없습니다. 로드에 실패했습니다.
[2020.01.20-12.56.38:274][537]LogLinker: Warning: '{FileName}': 애셋에 대한 파일을 찾을 수 없습니다. 로드에 실패했습니다.
[2020.01.20-12.56.38:274][537]LogLinker: Warning: '{FileName}': 파일을 찾을 수 없습니다. 로드에 실패했습니다.
[2020.01.20-12.56.38:274][537]LogLinker: Warning: '{FileName}': 애셋에 대한 파일을 찾을 수 없습니다. 로드에 실패했습니다.
[2020.01.20-12.56.38:274][537]LogLinker: Warning: '{FileName}': 파일을 찾을 수 없습니다. 로드에 실패했습니다.
[2020.01.20-12.56.38:274][537]LogLinker: Warning: '{FileName}': 애셋에 대한 파일을 찾을 수 없습니다. 로드에 실패했습니다.
[2020.01.20-12.56.38:274][537]LogLinker: Warning: '{FileName}': 파일을 찾을 수 없습니다. 로드에 실패했습니다.
[2020.01.20-12.56.38:275][537]LogLinker: Warning: '{FileName}': 애셋에 대한 파일을 찾을 수 없습니다. 로드에 실패했습니다.
[2020.01.20-12.56.38:275][537]LogLinker: Warning: '{FileName}': 파일을 찾을 수 없습니다. 로드에 실패했습니다.
[2020.01.20-12.56.38:275][537]LogLinker: Warning: '{FileName}': 애셋에 대한 파일을 찾을 수 없습니다. 로드에 실패했습니다.
[2020.01.20-12.56.38:275][537]LogLinker: Warning: '{FileName}': 파일을 찾을 수 없습니다. 로드에 실패했습니다.
[2020.01.20-12.56.38:275][537]LogLinker: Warning: '{FileName}': 애셋에 대한 파일을 찾을 수 없습니다. 로드에 실패했습니다.
[2020.01.20-12.56.38:275][537]LogLinker: Warning: '../../../../../../Users/q/madcamp4/Content/Maps/Level_1.umap' 로드 도중 '/Game/Blueprints/이마트송_브금_Cue_Blueprint' 로드에 실패했습니다: 파일을 찾을 수 없습니다.
[2020.01.20-12.56.38:275][537]LogLinker: Warning: '../../../../../../Users/q/madcamp4/Content/Maps/Level_1.umap' 로드 도중 '/Game/Blueprints/이마트송_브금_Cue_Blueprint' 로드에 실패했습니다: 애셋에 대한 파일을 찾을 수 없습니다.
[2020.01.20-12.56.38:276][537]LogLinker: Warning: '../../../../../../Users/q/madcamp4/Content/Maps/Level_1.umap' 로드 도중 '/Game/Blueprints/이마트송_브금_Cue_Blueprint' 로드에 실패했습니다: 파일을 찾을 수 없습니다.
[2020.01.20-12.56.38:276][537]LoadErrors: 로드에 실패했습니다. /Game/Blueprints/이마트송_브금_Cue_Blueprint.이마트송_브금_Cue_Blueprint_C 참조한 것: Default__Level_1_C
[2020.01.20-12.56.38:276][537]LogLinker: Warning: '../../../../../../Users/q/madcamp4/Content/Maps/Level_1.umap' 로드 도중 '/Game/Blueprints/이마트송_브금_Cue_Blueprint' 로드에 실패했습니다: 애셋에 대한 파일을 찾을 수 없습니다.
[2020.01.20-12.56.38:279][537]LogLinker: Warning: '../../../../../../Users/q/madcamp4/Content/Maps/Level_1.umap' 로드 도중 '/Game/Blueprints/이마트송_브금_Cue_Blueprint' 로드에 실패했습니다: 파일을 찾을 수 없습니다.
[2020.01.20-12.56.38:280][537]LoadErrors: 로드에 실패했습니다. /Game/Blueprints/이마트송_브금_Cue_Blueprint.이마트송_브금_Cue_Blueprint_C 참조한 것: K2Node_Literal_8
[2020.01.20-12.56.38:280][537]LogLinker: Warning: '../../../../../../Users/q/madcamp4/Content/Maps/Level_1.umap' 로드 도중 '/Game/Blueprints/이마트송_브금_Cue_Blueprint' 로드에 실패했습니다: 애셋에 대한 파일을 찾을 수 없습니다.
[2020.01.20-12.56.38:280][537]LogLinker: Warning: '../../../../../../Users/q/madcamp4/Content/Maps/Level_1.umap' 로드 도중 '/Game/Blueprints/이마트송_브금_Cue_Blueprint' 로드에 실패했습니다: 파일을 찾을 수 없습니다.
[2020.01.20-12.56.38:280][537]LoadErrors: 로드에 실패했습니다. /Game/Blueprints/이마트송_브금_Cue_Blueprint.이마트송_브금_Cue_Blueprint_C 참조한 것: K2Node_Literal_9
[2020.01.20-12.56.38:280][537]LogLinker: Warning: '../../../../../../Users/q/madcamp4/Content/Maps/Level_1.umap' 로드 도중 '/Game/Blueprints/이마트송_브금_Cue_Blueprint' 로드에 실패했습니다: 애셋에 대한 파일을 찾을 수 없습니다.
[2020.01.20-12.56.38:286][537]LogBlueprint: Warning: [Compiler PersistentLevel.Level_1] 미확인  노드가 유효한 레벨 액터를 참조하고 있지 않습니다.
[2020.01.20-12.56.38:286][537]LogBlueprint: Warning: [Compiler PersistentLevel.Level_1] 미확인  노드가 유효한 레벨 액터를 참조하고 있지 않습니다.
[2020.01.20-12.56.39:628][537]LogAIModule: Creating AISystem for world Level_1
[2020.01.20-12.56.41:229][537]LogEditorServer: Finished looking for orphan Actors (0.000 secs)
[2020.01.20-12.56.41:329][537]LogUObjectHash: Compacting FUObjectHashTables data took   2.67ms
[2020.01.20-12.56.41:377][537]Cmd: MAP CHECKDEP NOCLEARLOG
[2020.01.20-12.56.41:377][537]MapCheck: 맵 체크 완료: 오류 0 회, 경고 0 회, 소요 시간 0.161ms.
[2020.01.20-12.56.41:377][537]LogFileHelpers: Loading map 'Level_1' took 3.399
[2020.01.20-12.56.41:377][537]LogSlate: Window '레벨 열기' being destroyed
[2020.01.20-12.56.41:384][537]LoadErrors: Warning: CreateExport: 'AudioComponent0' 리소스에 대한 이마트송_브금_Cue_Blueprint_C /Game/Maps/Level_1.Level_1:PersistentLevel.이마트송_브금_Cue_Blueprint Outer 로드에 실패했습니다.
[2020.01.20-12.56.41:384][537]LoadErrors: Warning: CreateExport: '이마트송_브금_Cue' 리소스에 대한 이마트송_브금_Cue_Blueprint_C /Game/Maps/Level_1.Level_1:PersistentLevel.이마트송_브금_Cue_Blueprint Outer 로드에 실패했습니다.
[2020.01.20-12.57.05:202][917]LogSlate: Window '메시지 로그' being destroyed
[2020.01.20-12.57.05:206][917]LogSlate: Window '메시지 로그' being destroyed
[2020.01.20-12.57.36:542][988]LogSlate: Took 0.007343 seconds to synchronously load lazily loaded font '../../../Engine/Content/Slate/Fonts/Roboto-Italic.ttf' (157K)
[2020.01.20-12.57.44:569][501]LogSlate: Window '경로 선택' being destroyed
[2020.01.20-12.57.44:603][501]LogUObjectHash: Compacting FUObjectHashTables data took   2.12ms
[2020.01.20-12.57.44:647][501]LogAssetEditorSubsystem: Opening Asset editor for Blueprint /Game/Blueprints/이마트송_브금_Cue_Blueprint.이마트송_브금_Cue_Blueprint
[2020.01.20-12.57.44:875][501]LogContentBrowser: Native class hierarchy updated for 'BlueprintGraph' in 0.0006 seconds. Added 121 classes and 0 folders.
[2020.01.20-12.57.46:071][502]LogRenderer: Reallocating scene render targets to support 1208x608 Format 10 NumSamples 1 (Frame:1).
[2020.01.20-13.00.13:419][749]LogUObjectHash: Compacting FUObjectHashTables data took   3.85ms
[2020.01.20-13.00.15:576][749]LogSlate: Window 'Delete Assets' being destroyed
[2020.01.20-13.00.26:991][522]LogSlate: Window '이마트송_브금_Cue_Blueprint' being destroyed
[2020.01.20-13.00.27:005][522]LogWorld: UWorld::CleanupWorld for World_0, bSessionEnded=true, bCleanupResources=true
[2020.01.20-13.00.27:005][522]LogSlate: InvalidateAllWidgets triggered.  All widgets were invalidated
[2020.01.20-13.00.28:929][717]LogAssetEditorSubsystem: Opening Asset editor for Blueprint /Game/Blueprints/이마트송_브금_Cue_Blueprint.이마트송_브금_Cue_Blueprint
[2020.01.20-13.00.36:490][303]LogSlate: Window '이마트송_브금_Cue_Blueprint' being destroyed
[2020.01.20-13.00.36:496][303]LogSlate: Window '이마트송_브금_Cue_Blueprint' being destroyed
[2020.01.20-13.00.36:502][303]LogWorld: UWorld::CleanupWorld for World_1, bSessionEnded=true, bCleanupResources=true
[2020.01.20-13.00.36:502][303]LogSlate: InvalidateAllWidgets triggered.  All widgets were invalidated
[2020.01.20-13.00.45:238][ 78]Cmd: DELETE
[2020.01.20-13.00.45:238][ 78]Cmd: ACTOR DELETE
[2020.01.20-13.00.45:246][ 78]LogEditorActor: Deleted 1 Components (0.001 secs)
[2020.01.20-13.00.47:160][249]Cmd: DELETE
[2020.01.20-13.00.47:160][249]Cmd: ACTOR DELETE
[2020.01.20-13.00.51:463][649]LogAssetEditorSubsystem: Opening Asset editor for Blueprint /Game/Blueprints/이마트송_브금_Cue_Blueprint.이마트송_브금_Cue_Blueprint
[2020.01.20-13.00.53:140][751]LogSlate: Window '이마트송_브금_Cue_Blueprint' being destroyed
[2020.01.20-13.00.53:145][751]LogSlate: Window '이마트송_브금_Cue_Blueprint' being destroyed
[2020.01.20-13.00.53:145][751]LogWorld: UWorld::CleanupWorld for World_2, bSessionEnded=true, bCleanupResources=true
[2020.01.20-13.00.53:145][751]LogSlate: InvalidateAllWidgets triggered.  All widgets were invalidated
[2020.01.20-13.00.58:593][280]Cmd: DELETE
[2020.01.20-13.00.58:593][280]Cmd: ACTOR DELETE
[2020.01.20-13.00.58:657][280]LogEditorActor: Deleted Actor: 이마트송_브금_Cue_Blueprint_C
[2020.01.20-13.00.58:689][280]LogUObjectHash: Compacting FUObjectHashTables data took   3.09ms
[2020.01.20-13.00.58:692][280]LogEditorActor: Deleted 1 Actors (0.098 secs)
[2020.01.20-13.01.52:714][898]LogSlate: Window '경로 선택' being destroyed
[2020.01.20-13.01.56:690][217]LogSlate: Window '경로 선택' being destroyed
[2020.01.20-13.02.00:263][485]LogUObjectHash: Compacting FUObjectHashTables data took   3.60ms
[2020.01.20-13.02.07:147][485]LogSlate: Window 'Delete Assets' being destroyed
[2020.01.20-13.02.07:736][485]LogUObjectGlobals: Force Deleting 1 Package(s):
	Asset Name: /Game/Blueprints/이마트송_브금_Cue_Blueprint.이마트송_브금_Cue_Blueprint
[2020.01.20-13.02.10:381][485]LogUObjectHash: Compacting FUObjectHashTables data took   3.10ms
[2020.01.20-13.02.17:999][  1]LogSlate: Window '경로 선택' being destroyed
[2020.01.20-13.02.18:041][  1]LogUObjectHash: Compacting FUObjectHashTables data took   3.50ms
[2020.01.20-13.02.18:079][  1]LogAssetEditorSubsystem: Opening Asset editor for Blueprint /Game/Blueprints/이마트송_브금_Cue_Blueprint.이마트송_브금_Cue_Blueprint
[2020.01.20-13.03.02:567][382]Cmd: OBJ SAVEPACKAGE PACKAGE="/Game/Maps/Level_1" FILE="../../../../../../Users/q/madcamp4/Content/Maps/Level_1.umap" SILENT=true AUTOSAVING=false KEEPDIRTY=false
[2020.01.20-13.03.02:604][382]LogUObjectHash: Compacting FUObjectHashTables data took   3.15ms
[2020.01.20-13.03.02:632][382]LogBlueprint: Warning: [Compiler PersistentLevel.Level_1] 미확인  노드가 유효한 레벨 액터를 참조하고 있지 않습니다.
[2020.01.20-13.03.02:632][382]LogBlueprint: Warning: [Compiler PersistentLevel.Level_1] 미확인  노드가 유효한 레벨 액터를 참조하고 있지 않습니다.
[2020.01.20-13.03.03:844][382]LogSavePackage: Moving '../../../../../../Users/q/madcamp4/Saved/Level_18A6019C34E85559DE0F0BB94D6F0D3BA.tmp' to '../../../../../../Users/q/madcamp4/Content/Maps/Level_1.umap'
[2020.01.20-13.03.03:888][382]Cmd: OBJ SAVEPACKAGE PACKAGE="/Game/Maps/Level_1_BuiltData" FILE="../../../../../../Users/q/madcamp4/Content/Maps/Level_1_BuiltData.uasset" SILENT=true
[2020.01.20-13.03.03:900][382]LogSavePackage: Moving '../../../../../../Users/q/madcamp4/Saved/Level_1_BuiltData7C6BF07144165266C29BCD8BEC63325B.tmp' to '../../../../../../Users/q/madcamp4/Content/Maps/Level_1_BuiltData.uasset'
[2020.01.20-13.03.03:921][382]AssetCheck: New page: Asset Save: 애셋이 다수입니다.
[2020.01.20-13.03.03:922][382]LogContentValidation: Display: World /Game/Maps/Level_1.Level_1 유효성 검사
[2020.01.20-13.03.03:922][382]LogContentValidation: Display: MapBuildDataRegistry /Game/Maps/Level_1_BuiltData.Level_1_BuiltData 유효성 검사
[2020.01.20-13.03.07:109][517]LogSlate: Took 0.000254 seconds to synchronously load lazily loaded font '../../../Engine/Content/Slate/Fonts/Roboto-BoldCondensed.ttf' (158K)
[2020.01.20-13.03.25:304][814]BlueprintLog: New page: 이마트송_브금_Cue_Blueprint 컴파일
[2020.01.20-13.03.25:583][814]LogUObjectHash: Compacting FUObjectHashTables data took   3.70ms
[2020.01.20-13.03.29:262][ 58]LogAssetEditorSubsystem: Opening Asset editor for LevelScriptBlueprint /Game/Maps/Level_1.Level_1:PersistentLevel.Level_1
[2020.01.20-13.04.14:713][971]BlueprintLog: New page: Level_1 컴파일
[2020.01.20-13.04.15:033][971]LogUObjectHash: Compacting FUObjectHashTables data took   4.23ms
[2020.01.20-13.04.18:516][164]Cmd: OBJ SAVEPACKAGE PACKAGE="/Game/Maps/Level_1" FILE="../../../../../../Users/q/madcamp4/Content/Maps/Level_1.umap" SILENT=true AUTOSAVING=false KEEPDIRTY=false
[2020.01.20-13.04.18:554][164]LogUObjectHash: Compacting FUObjectHashTables data took   3.55ms
[2020.01.20-13.04.19:753][164]LogSavePackage: Moving '../../../../../../Users/q/madcamp4/Saved/Level_18E5A26D3447D9BFE7F6E7BA23B9B3F89.tmp' to '../../../../../../Users/q/madcamp4/Content/Maps/Level_1.umap'
[2020.01.20-13.04.19:798][164]Cmd: OBJ SAVEPACKAGE PACKAGE="/Game/Maps/Level_1_BuiltData" FILE="../../../../../../Users/q/madcamp4/Content/Maps/Level_1_BuiltData.uasset" SILENT=true
[2020.01.20-13.04.19:805][164]LogSavePackage: Moving '../../../../../../Users/q/madcamp4/Saved/Level_1_BuiltDataBD78C150401E1BA839056C80290E8726.tmp' to '../../../../../../Users/q/madcamp4/Content/Maps/Level_1_BuiltData.uasset'
[2020.01.20-13.04.19:842][164]AssetCheck: New page: Asset Save: 애셋이 다수입니다.
[2020.01.20-13.04.19:842][164]LogContentValidation: Display: World /Game/Maps/Level_1.Level_1 유효성 검사
[2020.01.20-13.04.19:842][164]LogContentValidation: Display: MapBuildDataRegistry /Game/Maps/Level_1_BuiltData.Level_1_BuiltData 유효성 검사
[2020.01.20-13.04.21:865][290]LogTemp: Repeating last play command: 선택된 뷰포트
[2020.01.20-13.04.21:888][290]LogBlueprintUserMessages: Early PlayInEditor Detection: Level '/Game/Maps/Level_1.Level_1:PersistentLevel' has LevelScriptBlueprint '/Game/Maps/Level_1.Level_1:PersistentLevel.Level_1' with GeneratedClass '/Game/Maps/Level_1.Level_1_C' with ClassGeneratedBy '/Game/Maps/Level_1.Level_1:PersistentLevel.Level_1'
[2020.01.20-13.04.21:888][290]LogPlayLevel: PlayLevel: No blueprints needed recompiling
[2020.01.20-13.04.21:888][290]PIE: New page: PIE 세션: Level_1 (2020. 1. 21. 오전 7:04:21)
[2020.01.20-13.04.21:889][290]LogOnline: OSS: Creating online subsystem instance for: NULL
[2020.01.20-13.04.21:890][290]LogOnline: OSS: TryLoadSubsystemAndSetDefault: Loaded subsystem for module [NULL]
[2020.01.20-13.04.21:890][290]LogPlayLevel: Creating play world package: /Game/Maps/UEDPIE_0_Level_1
[2020.01.20-13.04.22:279][290]LogPlayLevel: PIE: StaticDuplicateObject took: (0.388378s)
[2020.01.20-13.04.22:280][290]LogAIModule: Creating AISystem for world Level_1
[2020.01.20-13.04.22:280][290]LogPlayLevel: PIE: World Init took: (0.001354s)
[2020.01.20-13.04.22:280][290]LogPlayLevel: PIE: Created PIE world by copying editor world from /Game/Maps/Level_1.Level_1 to /Game/Maps/UEDPIE_0_Level_1.Level_1 (0.390031s)
[2020.01.20-13.04.22:314][290]LogUObjectHash: Compacting FUObjectHashTables data took   3.65ms
[2020.01.20-13.04.22:316][290]LogAudioMixer: Display: Audio Mixer Platform Settings:
[2020.01.20-13.04.22:316][290]LogAudioMixer: Display: 	Sample Rate:						  48000
[2020.01.20-13.04.22:316][290]LogAudioMixer: Display: 	Callback Buffer Frame Size Requested: 1024
[2020.01.20-13.04.22:316][290]LogAudioMixer: Display: 	Callback Buffer Frame Size To Use:	  1024
[2020.01.20-13.04.22:316][290]LogAudioMixer: Display: 	Number of buffers to queue:			  2
[2020.01.20-13.04.22:316][290]LogAudioMixer: Display: 	Max Channels (voices):				  32
[2020.01.20-13.04.22:316][290]LogAudioMixer: Display: 	Number of Async Source Workers:		  0
[2020.01.20-13.04.22:316][290]LogAudio: Display: AudioDevice MaxSources: 32
[2020.01.20-13.04.22:316][290]LogAudio: Display: Using built-in audio occlusion.
[2020.01.20-13.04.22:316][290]LogAudioMixer: Display: Initializing audio mixer.
[2020.01.20-13.04.22:341][290]LogAudioMixer: Display: Audio Device Output Speaker Info:
[2020.01.20-13.04.22:341][290]LogAudioMixer: Display: Name: 스피커(High Definition Audio Device)
[2020.01.20-13.04.22:341][290]LogAudioMixer: Display: Is Default: Yes
[2020.01.20-13.04.22:341][290]LogAudioMixer: Display: Sample Rate: 48000
[2020.01.20-13.04.22:341][290]LogAudioMixer: Display: Channel Count Used: 2
[2020.01.20-13.04.22:341][290]LogAudioMixer: Display: Device Channel Count: 2
[2020.01.20-13.04.22:341][290]LogAudioMixer: Display: Channel Order:
[2020.01.20-13.04.22:341][290]LogAudioMixer: Display: 0: FrontLeft
[2020.01.20-13.04.22:341][290]LogAudioMixer: Display: 1: FrontRight
[2020.01.20-13.04.22:352][290]LogAudioMixer: Display: Using Audio Device 스피커(High Definition Audio Device)
[2020.01.20-13.04.22:353][290]LogInit: FAudioDevice initialized.
[2020.01.20-13.04.22:360][290]LogLoad: Game class is 'OurGame_GameMode_C'
[2020.01.20-13.04.22:839][290]LogWorld: Bringing World /Game/Maps/UEDPIE_0_Level_1.Level_1 up for play (max tick rate 0) at 2020.01.20-22.04.22
[2020.01.20-13.04.22:840][290]LogWorld: Bringing up level for play took: 0.477875
[2020.01.20-13.04.22:840][290]LogOnline: OSS: Creating online subsystem instance for: :Context_7
[2020.01.20-13.04.22:894][290]LogContentBrowser: Native class hierarchy updated for 'MovieSceneCapture' in 0.0003 seconds. Added 20 classes and 0 folders.
[2020.01.20-13.04.22:896][290]PIE: /Game/Maps/UEDPIE_0_Level_1 에 대한 에디터에서 플레이 시작 시간: 1.375
[2020.01.20-13.04.22:896][290]LogBlueprintUserMessages: Late PlayInEditor Detection: Level '/Game/Maps/Level_1.Level_1:PersistentLevel' has LevelScriptBlueprint '/Game/Maps/Level_1.Level_1:PersistentLevel.Level_1' with GeneratedClass '/Game/Maps/Level_1.Level_1_C' with ClassGeneratedBy '/Game/Maps/Level_1.Level_1:PersistentLevel.Level_1'
[2020.01.20-13.05.18:515][842]LogScript: Warning: 런어웨이 루프가 (1,000,000 회에 걸쳐) 감지되었습니다. 로그에서 스택 추적 내역을 확인하세요.
	Level_1_C /Game/Maps/UEDPIE_0_Level_1.Level_1:PersistentLevel.Level_1_C_2
	Function /Game/Maps/Level_1.Level_1_C:ExecuteUbergraph_Level_1:0061
[2020.01.20-13.05.18:516][842]PIE: Error: 무한 루프가 감지되었습니다. 블루프린트:  Level_1 함수:  시퀀스 콜 스택:  표시
