Log file open, 01/20/20 21:18:42
LogWindows: Failed to load 'aqProf.dll' (GetLastError=126)
LogWindows: File 'aqProf.dll' does not exist
LogWindows: Failed to load 'VtuneApi.dll' (GetLastError=126)
LogWindows: File 'VtuneApi.dll' does not exist
LogWindows: Failed to load 'VtuneApi32e.dll' (GetLastError=126)
LogWindows: File 'VtuneApi32e.dll' does not exist
LogConsoleResponse: Display: Failed to find resolution value strings in scalability ini. Falling back to default.
LogInit: Display: Running engine for game: start4
LogPlatformFile: Not using cached read wrapper
LogTaskGraph: Started task graph with 5 named threads and 23 total threads with 3 sets of task threads.
LogStats: Stats thread started at 0.081035
LogD3D11RHI: Loaded GFSDK_Aftermath_Lib.x64.dll
LogICUInternationalization: ICU TimeZone Detection - Raw Offset: +9:00, Platform Override: ''
LogPluginManager: Mounting plugin Paper2D
LogPluginManager: Mounting plugin AISupport
LogPluginManager: Mounting plugin LightPropagationVolume
LogPluginManager: Mounting plugin ActorLayerUtilities
LogPluginManager: Mounting plugin AnimationSharing
LogPluginManager: Mounting plugin CLionSourceCodeAccess
LogPluginManager: Mounting plugin CodeLiteSourceCodeAccess
LogPluginManager: Mounting plugin GitSourceControl
LogPluginManager: Mounting plugin KDevelopSourceCodeAccess
LogPluginManager: Mounting plugin NullSourceCodeAccess
LogPluginManager: Mounting plugin PerforceSourceControl
LogPluginManager: Mounting plugin PlasticSourceControl
LogPluginManager: Mounting plugin SubversionSourceControl
LogPluginManager: Mounting plugin UObjectPlugin
LogPluginManager: Mounting plugin VisualStudioCodeSourceCodeAccess
LogPluginManager: Mounting plugin VisualStudioSourceCodeAccess
LogPluginManager: Mounting plugin XCodeSourceCodeAccess
LogPluginManager: Mounting plugin AssetManagerEditor
LogPluginManager: Mounting plugin CryptoKeys
LogPluginManager: Mounting plugin CurveEditorTools
LogPluginManager: Mounting plugin DataValidation
LogPluginManager: Mounting plugin FacialAnimation
LogPluginManager: Mounting plugin GameplayTagsEditor
LogPluginManager: Mounting plugin MacGraphicsSwitching
LogPluginManager: Mounting plugin MaterialAnalyzer
LogPluginManager: Mounting plugin MobileLauncherProfileWizard
LogPluginManager: Mounting plugin PluginBrowser
LogPluginManager: Mounting plugin SpeedTreeImporter
LogPluginManager: Mounting plugin DatasmithContent
LogPluginManager: Mounting plugin VariantManagerContent
LogPluginManager: Mounting plugin AlembicImporter
LogPluginManager: Mounting plugin AutomationUtils
LogPluginManager: Mounting plugin BackChannel
LogPluginManager: Mounting plugin CharacterAI
LogPluginManager: Mounting plugin GeometryCache
LogPluginManager: Mounting plugin PlatformCrypto
LogPluginManager: Mounting plugin ProxyLODPlugin
LogPluginManager: Mounting plugin SkeletalReduction
LogPluginManager: Mounting plugin MagicLeap
LogPluginManager: Mounting plugin MagicLeapMedia
LogPluginManager: Mounting plugin MLSDK
LogPluginManager: Mounting plugin AndroidMedia
LogPluginManager: Mounting plugin AvfMedia
LogPluginManager: Mounting plugin ImgMedia
LogPluginManager: Mounting plugin MediaCompositing
LogPluginManager: Mounting plugin MediaPlayerEditor
LogPluginManager: Mounting plugin WebMMedia
LogPluginManager: Mounting plugin WmfMedia
LogPluginManager: Mounting plugin TcpMessaging
LogPluginManager: Mounting plugin UdpMessaging
LogPluginManager: Mounting plugin ActorSequence
LogPluginManager: Mounting plugin LevelSequenceEditor
LogPluginManager: Mounting plugin MatineeToLevelSequence
LogPluginManager: Mounting plugin NetcodeUnitTest
LogPluginManager: Mounting plugin NUTUnrealEngine4
LogPluginManager: Mounting plugin OnlineSubsystemGooglePlay
LogPluginManager: Mounting plugin OnlineSubsystemIOS
LogPluginManager: Mounting plugin OnlineSubsystem
LogPluginManager: Mounting plugin OnlineSubsystemNull
LogPluginManager: Mounting plugin OnlineSubsystemUtils
LogPluginManager: Mounting plugin LauncherChunkInstaller
LogPluginManager: Mounting plugin AndroidDeviceProfileSelector
LogPluginManager: Mounting plugin AndroidMoviePlayer
LogPluginManager: Mounting plugin AndroidPermission
LogPluginManager: Mounting plugin AppleImageUtils
LogPluginManager: Mounting plugin AppleMoviePlayer
LogPluginManager: Mounting plugin ArchVisCharacter
LogPluginManager: Mounting plugin AssetTags
LogPluginManager: Mounting plugin AudioCapture
LogPluginManager: Mounting plugin CableComponent
LogPluginManager: Mounting plugin CustomMeshComponent
LogPluginManager: Mounting plugin EditableMesh
LogPluginManager: Mounting plugin ExampleDeviceProfileSelector
LogPluginManager: Mounting plugin GoogleCloudMessaging
LogPluginManager: Mounting plugin IOSDeviceProfileSelector
LogPluginManager: Mounting plugin LinuxDeviceProfileSelector
LogPluginManager: Mounting plugin LocationServicesBPLibrary
LogPluginManager: Mounting plugin MobilePatchingUtils
LogPluginManager: Mounting plugin OculusVR
LogPluginManager: Mounting plugin PhysXVehicles
LogPluginManager: Mounting plugin PostSplashScreen
LogPluginManager: Mounting plugin ProceduralMeshComponent
LogPluginManager: Mounting plugin RuntimePhysXCooking
LogPluginManager: Mounting plugin SignificanceManager
LogPluginManager: Mounting plugin SteamVR
LogPluginManager: Mounting plugin WebMMoviePlayer
LogPluginManager: Mounting plugin WindowsMoviePlayer
LogPluginManager: Mounting plugin ScreenshotTools
LogInit: Using libcurl 7.55.1-DEV
LogInit:  - built for x86_64-pc-win32
LogInit:  - supports SSL with OpenSSL/1.1.1
LogInit:  - supports HTTP deflate (compression) using libz 1.2.8
LogInit:  - other features:
LogInit:      CURL_VERSION_SSL
LogInit:      CURL_VERSION_LIBZ
LogInit:      CURL_VERSION_IPV6
LogInit:      CURL_VERSION_ASYNCHDNS
LogInit:      CURL_VERSION_LARGEFILE
LogInit:      CURL_VERSION_IDN
LogInit:  CurlRequestOptions (configurable via config and command line):
LogInit:  - bVerifyPeer = true  - Libcurl will verify peer certificate
LogInit:  - bUseHttpProxy = false  - Libcurl will NOT use HTTP proxy
LogInit:  - bDontReuseConnections = false  - Libcurl will reuse connections
LogInit:  - MaxHostConnections = 16  - Libcurl will limit the number of connections to a host
LogInit:  - LocalHostAddr = Default
LogInit:  - BufferSize = 65536
LogOnline: OSS: Creating online subsystem instance for: NULL
LogInit: WinSock: version 1.1 (2.2), MaxSocks=32767, MaxUdp=65467
LogOnline: OSS: TryLoadSubsystemAndSetDefault: Loaded subsystem for module [NULL]
LogInit: Build: ++UE4+Release-4.24-CL-10757647
LogInit: Engine Version: 4.24.1-10757647+++UE4+Release-4.24
LogInit: Compatible Engine Version: 4.24.0-10570792+++UE4+Release-4.24
LogInit: Net CL: 10570792
LogInit: OS: Windows 10 (Release 1909) (), CPU:         Intel(R) Core(TM) i7-3770 CPU @ 3.40GHz, GPU: NVIDIA GeForce GTX 1650
LogInit: Compiled (64-bit): Dec 17 2019 02:08:03
LogInit: Compiled with Visual C++: 19.16.27032.01
LogInit: Build Configuration: Development
LogInit: Branch Name: ++UE4+Release-4.24
LogInit: Command Line: 
LogInit: Base Directory: C:/Program Files/Epic Games/UE_4.24/Engine/Binaries/Win64/
LogInit: Installed Engine Build: 1
LogDevObjectVersion: Number of dev versions registered: 25
LogDevObjectVersion:   Dev-Blueprints (B0D832E4-1F89-4F0D-ACCF-7EB736FD4AA2): 10
LogDevObjectVersion:   Dev-Build (E1C64328-A22C-4D53-A36C-8E866417BD8C): 0
LogDevObjectVersion:   Dev-Core (375EC13C-06E4-48FB-B500-84F0262A717E): 3
LogDevObjectVersion:   Dev-Editor (E4B068ED-F494-42E9-A231-DA0B2E46BB41): 37
LogDevObjectVersion:   Dev-Framework (CFFC743F-43B0-4480-9391-14DF171D2073): 36
LogDevObjectVersion:   Dev-Mobile (B02B49B5-BB20-44E9-A304-32B752E40360): 2
LogDevObjectVersion:   Dev-Networking (A4E4105C-59A1-49B5-A7C5-40C4547EDFEE): 0
LogDevObjectVersion:   Dev-Online (39C831C9-5AE6-47DC-9A44-9C173E1C8E7C): 0
LogDevObjectVersion:   Dev-Physics (78F01B33-EBEA-4F98-B9B4-84EACCB95AA2): 2
LogDevObjectVersion:   Dev-Platform (6631380F-2D4D-43E0-8009-CF276956A95A): 0
LogDevObjectVersion:   Dev-Rendering (12F88B9F-8875-4AFC-A67C-D90C383ABD29): 36
LogDevObjectVersion:   Dev-Sequencer (7B5AE74C-D270-4C10-A958-57980B212A5A): 11
LogDevObjectVersion:   Dev-VR (D7296918-1DD6-4BDD-9DE2-64A83CC13884): 2
LogDevObjectVersion:   Dev-LoadTimes (C2A15278-BFE7-4AFE-6C17-90FF531DF755): 1
LogDevObjectVersion:   Private-Geometry (6EACA3D4-40EC-4CC1-B786-8BED09428FC5): 3
LogDevObjectVersion:   Dev-AnimPhys (29E575DD-E0A3-4627-9D10-D276232CDCEA): 17
LogDevObjectVersion:   Dev-Anim (AF43A65D-7FD3-4947-9873-3E8ED9C1BB05): 2
LogDevObjectVersion:   Dev-ReflectionCapture (6B266CEC-1EC7-4B8F-A30B-E4D90942FC07): 1
LogDevObjectVersion:   Dev-Automation (0DF73D61-A23F-47EA-B727-89E90C41499A): 1
LogDevObjectVersion:   FortniteMain (601D1886-AC64-4F84-AA16-D3DE0DEAC7D6): 31
LogDevObjectVersion:   Dev-Enterprise (9DFFBCD6-494F-0158-E221-12823C92A888): 8
LogDevObjectVersion:   Dev-Niagara (F2AED0AC-9AFE-416F-8664-AA7FFA26D6FC): 1
LogDevObjectVersion:   Dev-Destruction (174F1F0B-B4C6-45A5-B13F-2EE8D0FB917D): 9
LogDevObjectVersion:   Dev-Physics-Ext (35F94A83-E258-406C-A318-09F59610247C): 8
LogDevObjectVersion:   Dev-CineCamera (B2E18506-4273-CFC2-A54E-F4BB758BBA07): 1
LogInit: Presizing for max 25165824 objects, including 0 objects not considered by GC, pre-allocating 0 bytes for permanent pool.
LogInit: Object subsystem initialized
LogConfig: Setting CVar [[con.DebugEarlyDefault:1]]
LogConfig: Setting CVar [[r.setres:1280x720]]
[2020.01.20-12.18.43:076][  0]LogConfig: Setting CVar [[r.VSync:0]]
[2020.01.20-12.18.43:076][  0]LogConfig: Setting CVar [[r.RHICmdBypass:0]]
[2020.01.20-12.18.43:076][  0]LogConfig: Applying CVar settings from Section [/Script/Engine.RendererSettings] File [C:/Users/q/madcamp4/Saved/Config/Windows/Engine.ini]
[2020.01.20-12.18.43:076][  0]LogConfig: Setting CVar [[r.GPUCrashDebugging:0]]
[2020.01.20-12.18.43:076][  0]LogConfig: Applying CVar settings from Section [/Script/Engine.RendererOverrideSettings] File [C:/Users/q/madcamp4/Saved/Config/Windows/Engine.ini]
[2020.01.20-12.18.43:076][  0]LogConfig: Applying CVar settings from Section [/Script/Engine.StreamingSettings] File [C:/Users/q/madcamp4/Saved/Config/Windows/Engine.ini]
[2020.01.20-12.18.43:076][  0]LogConfig: Setting CVar [[s.MinBulkDataSizeForAsyncLoading:131072]]
[2020.01.20-12.18.43:076][  0]LogConfig: Setting CVar [[s.AsyncLoadingThreadEnabled:0]]
[2020.01.20-12.18.43:076][  0]LogConfig: Setting CVar [[s.EventDrivenLoaderEnabled:1]]
[2020.01.20-12.18.43:076][  0]LogConfig: Setting CVar [[s.WarnIfTimeLimitExceeded:0]]
[2020.01.20-12.18.43:076][  0]LogConfig: Setting CVar [[s.TimeLimitExceededMultiplier:1.5]]
[2020.01.20-12.18.43:076][  0]LogConfig: Setting CVar [[s.TimeLimitExceededMinTime:0.005]]
[2020.01.20-12.18.43:076][  0]LogConfig: Setting CVar [[s.UseBackgroundLevelStreaming:1]]
[2020.01.20-12.18.43:076][  0]LogConfig: Setting CVar [[s.PriorityAsyncLoadingExtraTime:15.0]]
[2020.01.20-12.18.43:076][  0]LogConfig: Setting CVar [[s.LevelStreamingActorsUpdateTimeLimit:5.0]]
[2020.01.20-12.18.43:076][  0]LogConfig: Setting CVar [[s.PriorityLevelStreamingActorsUpdateExtraTime:5.0]]
[2020.01.20-12.18.43:076][  0]LogConfig: Setting CVar [[s.LevelStreamingComponentsRegistrationGranularity:10]]
[2020.01.20-12.18.43:076][  0]LogConfig: Setting CVar [[s.UnregisterComponentsTimeLimit:1.0]]
[2020.01.20-12.18.43:076][  0]LogConfig: Setting CVar [[s.LevelStreamingComponentsUnregistrationGranularity:5]]
[2020.01.20-12.18.43:076][  0]LogConfig: Setting CVar [[s.FlushStreamingOnExit:1]]
[2020.01.20-12.18.43:076][  0]LogConfig: Applying CVar settings from Section [/Script/Engine.GarbageCollectionSettings] File [C:/Users/q/madcamp4/Saved/Config/Windows/Engine.ini]
[2020.01.20-12.18.43:076][  0]LogConfig: Setting CVar [[gc.MaxObjectsNotConsideredByGC:1]]
[2020.01.20-12.18.43:076][  0]LogConfig: Setting CVar [[gc.SizeOfPermanentObjectPool:0]]
[2020.01.20-12.18.43:076][  0]LogConfig: Setting CVar [[gc.FlushStreamingOnGC:0]]
[2020.01.20-12.18.43:076][  0]LogConfig: Setting CVar [[gc.NumRetriesBeforeForcingGC:10]]
[2020.01.20-12.18.43:076][  0]LogConfig: Setting CVar [[gc.AllowParallelGC:1]]
[2020.01.20-12.18.43:076][  0]LogConfig: Setting CVar [[gc.TimeBetweenPurgingPendingKillObjects:61.1]]
[2020.01.20-12.18.43:076][  0]LogConfig: Setting CVar [[gc.MaxObjectsInEditor:25165824]]
[2020.01.20-12.18.43:076][  0]LogConfig: Setting CVar [[gc.IncrementalBeginDestroyEnabled:1]]
[2020.01.20-12.18.43:076][  0]LogConfig: Setting CVar [[gc.CreateGCClusters:1]]
[2020.01.20-12.18.43:076][  0]LogConfig: Setting CVar [[gc.MinGCClusterSize:5]]
[2020.01.20-12.18.43:076][  0]LogConfig: Setting CVar [[gc.ActorClusteringEnabled:0]]
[2020.01.20-12.18.43:076][  0]LogConfig: Setting CVar [[gc.BlueprintClusteringEnabled:0]]
[2020.01.20-12.18.43:076][  0]LogConfig: Setting CVar [[gc.UseDisregardForGCOnDedicatedServers:0]]
[2020.01.20-12.18.43:076][  0]LogConfig: Applying CVar settings from Section [/Script/Engine.NetworkSettings] File [C:/Users/q/madcamp4/Saved/Config/Windows/Engine.ini]
[2020.01.20-12.18.43:076][  0]LogConfig: Applying CVar settings from Section [/Script/UnrealEd.CookerSettings] File [C:/Users/q/madcamp4/Saved/Config/Windows/Engine.ini]
[2020.01.20-12.18.43:084][  0]LogConfig: Applying CVar settings from Section [ViewDistanceQuality@3] File [C:/Users/q/madcamp4/Saved/Config/Windows/Scalability.ini]
[2020.01.20-12.18.43:084][  0]LogConfig: Setting CVar [[r.SkeletalMeshLODBias:0]]
[2020.01.20-12.18.43:084][  0]LogConfig: Setting CVar [[r.ViewDistanceScale:1.0]]
[2020.01.20-12.18.43:084][  0]LogConfig: Applying CVar settings from Section [AntiAliasingQuality@3] File [C:/Users/q/madcamp4/Saved/Config/Windows/Scalability.ini]
[2020.01.20-12.18.43:084][  0]LogConfig: Setting CVar [[r.PostProcessAAQuality:4]]
[2020.01.20-12.18.43:084][  0]LogConfig: Applying CVar settings from Section [ShadowQuality@3] File [C:/Users/q/madcamp4/Saved/Config/Windows/Scalability.ini]
[2020.01.20-12.18.43:084][  0]LogConfig: Setting CVar [[r.LightFunctionQuality:1]]
[2020.01.20-12.18.43:084][  0]LogConfig: Setting CVar [[r.ShadowQuality:5]]
[2020.01.20-12.18.43:084][  0]LogConfig: Setting CVar [[r.Shadow.CSM.MaxCascades:10]]
[2020.01.20-12.18.43:084][  0]LogConfig: Setting CVar [[r.Shadow.MaxResolution:2048]]
[2020.01.20-12.18.43:084][  0]LogConfig: Setting CVar [[r.Shadow.MaxCSMResolution:2048]]
[2020.01.20-12.18.43:085][  0]LogConfig: Setting CVar [[r.Shadow.RadiusThreshold:0.01]]
[2020.01.20-12.18.43:085][  0]LogConfig: Setting CVar [[r.Shadow.DistanceScale:1.0]]
[2020.01.20-12.18.43:085][  0]LogConfig: Setting CVar [[r.Shadow.CSM.TransitionScale:1.0]]
[2020.01.20-12.18.43:085][  0]LogConfig: Setting CVar [[r.Shadow.PreShadowResolutionFactor:1.0]]
[2020.01.20-12.18.43:085][  0]LogConfig: Setting CVar [[r.DistanceFieldShadowing:1]]
[2020.01.20-12.18.43:085][  0]LogConfig: Setting CVar [[r.DistanceFieldAO:1]]
[2020.01.20-12.18.43:085][  0]LogConfig: Setting CVar [[r.AOQuality:2]]
[2020.01.20-12.18.43:085][  0]LogConfig: Setting CVar [[r.VolumetricFog:1]]
[2020.01.20-12.18.43:085][  0]LogConfig: Setting CVar [[r.VolumetricFog.GridPixelSize:8]]
[2020.01.20-12.18.43:085][  0]LogConfig: Setting CVar [[r.VolumetricFog.GridSizeZ:128]]
[2020.01.20-12.18.43:085][  0]LogConfig: Setting CVar [[r.VolumetricFog.HistoryMissSupersampleCount:4]]
[2020.01.20-12.18.43:085][  0]LogConfig: Setting CVar [[r.LightMaxDrawDistanceScale:1]]
[2020.01.20-12.18.43:085][  0]LogConfig: Setting CVar [[r.CapsuleShadows:1]]
[2020.01.20-12.18.43:085][  0]LogConfig: Applying CVar settings from Section [PostProcessQuality@3] File [C:/Users/q/madcamp4/Saved/Config/Windows/Scalability.ini]
[2020.01.20-12.18.43:085][  0]LogConfig: Setting CVar [[r.MotionBlurQuality:4]]
[2020.01.20-12.18.43:085][  0]LogConfig: Setting CVar [[r.AmbientOcclusionMipLevelFactor:0.4]]
[2020.01.20-12.18.43:085][  0]LogConfig: Setting CVar [[r.AmbientOcclusionMaxQuality:100]]
[2020.01.20-12.18.43:085][  0]LogConfig: Setting CVar [[r.AmbientOcclusionLevels:-1]]
[2020.01.20-12.18.43:085][  0]LogConfig: Setting CVar [[r.AmbientOcclusionRadiusScale:1.0]]
[2020.01.20-12.18.43:085][  0]LogConfig: Setting CVar [[r.DepthOfFieldQuality:2]]
[2020.01.20-12.18.43:085][  0]LogConfig: Setting CVar [[r.RenderTargetPoolMin:400]]
[2020.01.20-12.18.43:085][  0]LogConfig: Setting CVar [[r.LensFlareQuality:2]]
[2020.01.20-12.18.43:085][  0]LogConfig: Setting CVar [[r.SceneColorFringeQuality:1]]
[2020.01.20-12.18.43:085][  0]LogConfig: Setting CVar [[r.EyeAdaptationQuality:2]]
[2020.01.20-12.18.43:085][  0]LogConfig: Setting CVar [[r.BloomQuality:5]]
[2020.01.20-12.18.43:085][  0]LogConfig: Setting CVar [[r.FastBlurThreshold:100]]
[2020.01.20-12.18.43:085][  0]LogConfig: Setting CVar [[r.Upscale.Quality:3]]
[2020.01.20-12.18.43:085][  0]LogConfig: Setting CVar [[r.Tonemapper.GrainQuantization:1]]
[2020.01.20-12.18.43:085][  0]LogConfig: Setting CVar [[r.LightShaftQuality:1]]
[2020.01.20-12.18.43:085][  0]LogConfig: Setting CVar [[r.Filter.SizeScale:1]]
[2020.01.20-12.18.43:085][  0]LogConfig: Setting CVar [[r.Tonemapper.Quality:5]]
[2020.01.20-12.18.43:085][  0]LogConfig: Setting CVar [[r.DOF.Gather.AccumulatorQuality:1        ; higher gathering accumulator quality]]
[2020.01.20-12.18.43:085][  0]LogConfig: Setting CVar [[r.DOF.Gather.PostfilterMethod:1          ; Median3x3 postfilering method]]
[2020.01.20-12.18.43:085][  0]LogConfig: Setting CVar [[r.DOF.Gather.EnableBokehSettings:0       ; no bokeh simulation when gathering]]
[2020.01.20-12.18.43:085][  0]LogConfig: Setting CVar [[r.DOF.Gather.RingCount:4                 ; medium number of samples when gathering]]
[2020.01.20-12.18.43:085][  0]LogConfig: Setting CVar [[r.DOF.Scatter.ForegroundCompositing:1    ; additive foreground scattering]]
[2020.01.20-12.18.43:085][  0]LogConfig: Setting CVar [[r.DOF.Scatter.BackgroundCompositing:2    ; additive background scattering]]
[2020.01.20-12.18.43:085][  0]LogConfig: Setting CVar [[r.DOF.Scatter.EnableBokehSettings:1      ; bokeh simulation when scattering]]
[2020.01.20-12.18.43:085][  0]LogConfig: Setting CVar [[r.DOF.Scatter.MaxSpriteRatio:0.1         ; only a maximum of 10% of scattered bokeh]]
[2020.01.20-12.18.43:085][  0]LogConfig: Setting CVar [[r.DOF.Recombine.Quality:1                ; cheap slight out of focus]]
[2020.01.20-12.18.43:085][  0]LogConfig: Setting CVar [[r.DOF.Recombine.EnableBokehSettings:0    ; no bokeh simulation on slight out of focus]]
[2020.01.20-12.18.43:085][  0]LogConfig: Setting CVar [[r.DOF.TemporalAAQuality:1                ; more stable temporal accumulation]]
[2020.01.20-12.18.43:085][  0]LogConfig: Setting CVar [[r.DOF.Kernel.MaxForegroundRadius:0.025]]
[2020.01.20-12.18.43:085][  0]LogConfig: Setting CVar [[r.DOF.Kernel.MaxBackgroundRadius:0.025]]
[2020.01.20-12.18.43:085][  0]LogConfig: Applying CVar settings from Section [TextureQuality@3] File [C:/Users/q/madcamp4/Saved/Config/Windows/Scalability.ini]
[2020.01.20-12.18.43:085][  0]LogConfig: Setting CVar [[r.Streaming.MipBias:0]]
[2020.01.20-12.18.43:085][  0]LogConfig: Setting CVar [[r.Streaming.AmortizeCPUToGPUCopy:0]]
[2020.01.20-12.18.43:085][  0]LogConfig: Setting CVar [[r.Streaming.MaxNumTexturesToStreamPerFrame:0]]
[2020.01.20-12.18.43:085][  0]LogConfig: Setting CVar [[r.Streaming.Boost:1]]
[2020.01.20-12.18.43:085][  0]LogConfig: Setting CVar [[r.MaxAnisotropy:8]]
[2020.01.20-12.18.43:085][  0]LogConfig: Setting CVar [[r.VT.MaxAnisotropy:8]]
[2020.01.20-12.18.43:085][  0]LogConfig: Setting CVar [[r.Streaming.LimitPoolSizeToVRAM:0]]
[2020.01.20-12.18.43:085][  0]LogConfig: Setting CVar [[r.Streaming.PoolSize:1000]]
[2020.01.20-12.18.43:085][  0]LogConfig: Setting CVar [[r.Streaming.MaxEffectiveScreenSize:0]]
[2020.01.20-12.18.43:085][  0]LogConfig: Applying CVar settings from Section [EffectsQuality@3] File [C:/Users/q/madcamp4/Saved/Config/Windows/Scalability.ini]
[2020.01.20-12.18.43:085][  0]LogConfig: Setting CVar [[r.TranslucencyLightingVolumeDim:64]]
[2020.01.20-12.18.43:085][  0]LogConfig: Setting CVar [[r.RefractionQuality:2]]
[2020.01.20-12.18.43:085][  0]LogConfig: Setting CVar [[r.SSR.Quality:3]]
[2020.01.20-12.18.43:085][  0]LogConfig: Setting CVar [[r.SSR.HalfResSceneColor:0]]
[2020.01.20-12.18.43:085][  0]LogConfig: Setting CVar [[r.SceneColorFormat:4]]
[2020.01.20-12.18.43:085][  0]LogConfig: Setting CVar [[r.DetailMode:2]]
[2020.01.20-12.18.43:085][  0]LogConfig: Setting CVar [[r.TranslucencyVolumeBlur:1]]
[2020.01.20-12.18.43:085][  0]LogConfig: Setting CVar [[r.MaterialQualityLevel:1 ; High quality]]
[2020.01.20-12.18.43:085][  0]LogConfig: Setting CVar [[r.SSS.Scale:1]]
[2020.01.20-12.18.43:086][  0]LogConfig: Setting CVar [[r.SSS.SampleSet:2]]
[2020.01.20-12.18.43:086][  0]LogConfig: Setting CVar [[r.SSS.Quality:1]]
[2020.01.20-12.18.43:086][  0]LogConfig: Setting CVar [[r.SSS.HalfRes:1]]
[2020.01.20-12.18.43:086][  0]LogConfig: Setting CVar [[r.SSGI.Quality:3]]
[2020.01.20-12.18.43:086][  0]LogConfig: Setting CVar [[r.EmitterSpawnRateScale:1.0]]
[2020.01.20-12.18.43:086][  0]LogConfig: Setting CVar [[r.ParticleLightQuality:2]]
[2020.01.20-12.18.43:086][  0]LogConfig: Setting CVar [[r.SkyAtmosphere.AerialPerspectiveLUT.FastApplyOnOpaque:1 ; Always have FastSkyLUT 1 in this case to avoid wrong sky]]
[2020.01.20-12.18.43:086][  0]LogConfig: Setting CVar [[r.SkyAtmosphere.AerialPerspectiveLUT.SampleCountPerSlice:1]]
[2020.01.20-12.18.43:086][  0]LogConfig: Setting CVar [[r.SkyAtmosphere.AerialPerspectiveLUT.DepthResolution:16.0]]
[2020.01.20-12.18.43:086][  0]LogConfig: Setting CVar [[r.SkyAtmosphere.FastSkyLUT:1]]
[2020.01.20-12.18.43:086][  0]LogConfig: Setting CVar [[r.SkyAtmosphere.FastSkyLUT.SampleCountMin:4.0]]
[2020.01.20-12.18.43:086][  0]LogConfig: Setting CVar [[r.SkyAtmosphere.FastSkyLUT.SampleCountMax:32.0]]
[2020.01.20-12.18.43:086][  0]LogConfig: Setting CVar [[r.SkyAtmosphere.SampleCountMin:4.0]]
[2020.01.20-12.18.43:086][  0]LogConfig: Setting CVar [[r.SkyAtmosphere.SampleCountMax:32.0]]
[2020.01.20-12.18.43:086][  0]LogConfig: Setting CVar [[r.SkyAtmosphere.TransmittanceLUT.UseSmallFormat:0]]
[2020.01.20-12.18.43:086][  0]LogConfig: Setting CVar [[r.SkyAtmosphere.TransmittanceLUT.SampleCount:10.0]]
[2020.01.20-12.18.43:086][  0]LogConfig: Setting CVar [[r.SkyAtmosphere.MultiScatteringLUT.SampleCount:15.0]]
[2020.01.20-12.18.43:086][  0]LogConfig: Applying CVar settings from Section [FoliageQuality@3] File [C:/Users/q/madcamp4/Saved/Config/Windows/Scalability.ini]
[2020.01.20-12.18.43:086][  0]LogConfig: Setting CVar [[foliage.DensityScale:1.0]]
[2020.01.20-12.18.43:086][  0]LogConfig: Setting CVar [[grass.DensityScale:1.0]]
[2020.01.20-12.18.43:086][  0]LogConfig: Applying CVar settings from Section [ShadingQuality@3] File [C:/Users/q/madcamp4/Saved/Config/Windows/Scalability.ini]
[2020.01.20-12.18.43:086][  0]LogConfig: Setting CVar [[r.HairStrands.SkyLighting.SampleCount:16]]
[2020.01.20-12.18.43:086][  0]LogConfig: Setting CVar [[r.HairStrands.SkyLighting.JitterIntegration:0]]
[2020.01.20-12.18.43:086][  0]LogConfig: Setting CVar [[r.HairStrands.SkyAO.SampleCount:16]]
[2020.01.20-12.18.43:086][  0]LogInit: Selected Device Profile: [Windows]
[2020.01.20-12.18.43:086][  0]LogInit: Applying CVar settings loaded from the selected device profile: [Windows]
[2020.01.20-12.18.43:089][  0]LogHAL: Display: Platform has ~ 8 GB [8481972224 / 8589934592 / 8], which maps to Default [LargestMinGB=32, LargerMinGB=12, DefaultMinGB=8, SmallerMinGB=6, SmallestMinGB=0)
[2020.01.20-12.18.43:089][  0]LogInit: Going up to parent DeviceProfile []
[2020.01.20-12.18.43:089][  0]LogConfig: Applying CVar settings from Section [ViewDistanceQuality@3] File [C:/Users/q/madcamp4/Saved/Config/Windows/Scalability.ini]
[2020.01.20-12.18.43:089][  0]LogConfig: Setting CVar [[r.SkeletalMeshLODBias:0]]
[2020.01.20-12.18.43:089][  0]LogConfig: Setting CVar [[r.ViewDistanceScale:1.0]]
[2020.01.20-12.18.43:089][  0]LogConfig: Applying CVar settings from Section [AntiAliasingQuality@3] File [C:/Users/q/madcamp4/Saved/Config/Windows/Scalability.ini]
[2020.01.20-12.18.43:089][  0]LogConfig: Setting CVar [[r.PostProcessAAQuality:4]]
[2020.01.20-12.18.43:089][  0]LogConfig: Applying CVar settings from Section [ShadowQuality@3] File [C:/Users/q/madcamp4/Saved/Config/Windows/Scalability.ini]
[2020.01.20-12.18.43:089][  0]LogConfig: Setting CVar [[r.LightFunctionQuality:1]]
[2020.01.20-12.18.43:089][  0]LogConfig: Setting CVar [[r.ShadowQuality:5]]
[2020.01.20-12.18.43:089][  0]LogConfig: Setting CVar [[r.Shadow.CSM.MaxCascades:10]]
[2020.01.20-12.18.43:089][  0]LogConfig: Setting CVar [[r.Shadow.MaxResolution:2048]]
[2020.01.20-12.18.43:089][  0]LogConfig: Setting CVar [[r.Shadow.MaxCSMResolution:2048]]
[2020.01.20-12.18.43:089][  0]LogConfig: Setting CVar [[r.Shadow.RadiusThreshold:0.01]]
[2020.01.20-12.18.43:089][  0]LogConfig: Setting CVar [[r.Shadow.DistanceScale:1.0]]
[2020.01.20-12.18.43:089][  0]LogConfig: Setting CVar [[r.Shadow.CSM.TransitionScale:1.0]]
[2020.01.20-12.18.43:089][  0]LogConfig: Setting CVar [[r.Shadow.PreShadowResolutionFactor:1.0]]
[2020.01.20-12.18.43:089][  0]LogConfig: Setting CVar [[r.DistanceFieldShadowing:1]]
[2020.01.20-12.18.43:089][  0]LogConfig: Setting CVar [[r.DistanceFieldAO:1]]
[2020.01.20-12.18.43:089][  0]LogConfig: Setting CVar [[r.AOQuality:2]]
[2020.01.20-12.18.43:089][  0]LogConfig: Setting CVar [[r.VolumetricFog:1]]
[2020.01.20-12.18.43:089][  0]LogConfig: Setting CVar [[r.VolumetricFog.GridPixelSize:8]]
[2020.01.20-12.18.43:089][  0]LogConfig: Setting CVar [[r.VolumetricFog.GridSizeZ:128]]
[2020.01.20-12.18.43:089][  0]LogConfig: Setting CVar [[r.VolumetricFog.HistoryMissSupersampleCount:4]]
[2020.01.20-12.18.43:089][  0]LogConfig: Setting CVar [[r.LightMaxDrawDistanceScale:1]]
[2020.01.20-12.18.43:089][  0]LogConfig: Setting CVar [[r.CapsuleShadows:1]]
[2020.01.20-12.18.43:089][  0]LogConfig: Applying CVar settings from Section [PostProcessQuality@3] File [C:/Users/q/madcamp4/Saved/Config/Windows/Scalability.ini]
[2020.01.20-12.18.43:089][  0]LogConfig: Setting CVar [[r.MotionBlurQuality:4]]
[2020.01.20-12.18.43:089][  0]LogConfig: Setting CVar [[r.AmbientOcclusionMipLevelFactor:0.4]]
[2020.01.20-12.18.43:089][  0]LogConfig: Setting CVar [[r.AmbientOcclusionMaxQuality:100]]
[2020.01.20-12.18.43:089][  0]LogConfig: Setting CVar [[r.AmbientOcclusionLevels:-1]]
[2020.01.20-12.18.43:089][  0]LogConfig: Setting CVar [[r.AmbientOcclusionRadiusScale:1.0]]
[2020.01.20-12.18.43:089][  0]LogConfig: Setting CVar [[r.DepthOfFieldQuality:2]]
[2020.01.20-12.18.43:089][  0]LogConfig: Setting CVar [[r.RenderTargetPoolMin:400]]
[2020.01.20-12.18.43:089][  0]LogConfig: Setting CVar [[r.LensFlareQuality:2]]
[2020.01.20-12.18.43:089][  0]LogConfig: Setting CVar [[r.SceneColorFringeQuality:1]]
[2020.01.20-12.18.43:089][  0]LogConfig: Setting CVar [[r.EyeAdaptationQuality:2]]
[2020.01.20-12.18.43:089][  0]LogConfig: Setting CVar [[r.BloomQuality:5]]
[2020.01.20-12.18.43:089][  0]LogConfig: Setting CVar [[r.FastBlurThreshold:100]]
[2020.01.20-12.18.43:089][  0]LogConfig: Setting CVar [[r.Upscale.Quality:3]]
[2020.01.20-12.18.43:089][  0]LogConfig: Setting CVar [[r.Tonemapper.GrainQuantization:1]]
[2020.01.20-12.18.43:089][  0]LogConfig: Setting CVar [[r.LightShaftQuality:1]]
[2020.01.20-12.18.43:089][  0]LogConfig: Setting CVar [[r.Filter.SizeScale:1]]
[2020.01.20-12.18.43:089][  0]LogConfig: Setting CVar [[r.Tonemapper.Quality:5]]
[2020.01.20-12.18.43:089][  0]LogConfig: Setting CVar [[r.DOF.Gather.AccumulatorQuality:1        ; higher gathering accumulator quality]]
[2020.01.20-12.18.43:089][  0]LogConfig: Setting CVar [[r.DOF.Gather.PostfilterMethod:1          ; Median3x3 postfilering method]]
[2020.01.20-12.18.43:089][  0]LogConfig: Setting CVar [[r.DOF.Gather.EnableBokehSettings:0       ; no bokeh simulation when gathering]]
[2020.01.20-12.18.43:089][  0]LogConfig: Setting CVar [[r.DOF.Gather.RingCount:4                 ; medium number of samples when gathering]]
[2020.01.20-12.18.43:089][  0]LogConfig: Setting CVar [[r.DOF.Scatter.ForegroundCompositing:1    ; additive foreground scattering]]
[2020.01.20-12.18.43:089][  0]LogConfig: Setting CVar [[r.DOF.Scatter.BackgroundCompositing:2    ; additive background scattering]]
[2020.01.20-12.18.43:089][  0]LogConfig: Setting CVar [[r.DOF.Scatter.EnableBokehSettings:1      ; bokeh simulation when scattering]]
[2020.01.20-12.18.43:090][  0]LogConfig: Setting CVar [[r.DOF.Scatter.MaxSpriteRatio:0.1         ; only a maximum of 10% of scattered bokeh]]
[2020.01.20-12.18.43:090][  0]LogConfig: Setting CVar [[r.DOF.Recombine.Quality:1                ; cheap slight out of focus]]
[2020.01.20-12.18.43:090][  0]LogConfig: Setting CVar [[r.DOF.Recombine.EnableBokehSettings:0    ; no bokeh simulation on slight out of focus]]
[2020.01.20-12.18.43:090][  0]LogConfig: Setting CVar [[r.DOF.TemporalAAQuality:1                ; more stable temporal accumulation]]
[2020.01.20-12.18.43:090][  0]LogConfig: Setting CVar [[r.DOF.Kernel.MaxForegroundRadius:0.025]]
[2020.01.20-12.18.43:090][  0]LogConfig: Setting CVar [[r.DOF.Kernel.MaxBackgroundRadius:0.025]]
[2020.01.20-12.18.43:090][  0]LogConfig: Applying CVar settings from Section [TextureQuality@3] File [C:/Users/q/madcamp4/Saved/Config/Windows/Scalability.ini]
[2020.01.20-12.18.43:090][  0]LogConfig: Setting CVar [[r.Streaming.MipBias:0]]
[2020.01.20-12.18.43:090][  0]LogConfig: Setting CVar [[r.Streaming.AmortizeCPUToGPUCopy:0]]
[2020.01.20-12.18.43:090][  0]LogConfig: Setting CVar [[r.Streaming.MaxNumTexturesToStreamPerFrame:0]]
[2020.01.20-12.18.43:090][  0]LogConfig: Setting CVar [[r.Streaming.Boost:1]]
[2020.01.20-12.18.43:090][  0]LogConfig: Setting CVar [[r.MaxAnisotropy:8]]
[2020.01.20-12.18.43:090][  0]LogConfig: Setting CVar [[r.VT.MaxAnisotropy:8]]
[2020.01.20-12.18.43:090][  0]LogConfig: Setting CVar [[r.Streaming.LimitPoolSizeToVRAM:0]]
[2020.01.20-12.18.43:090][  0]LogConfig: Setting CVar [[r.Streaming.PoolSize:1000]]
[2020.01.20-12.18.43:090][  0]LogConfig: Setting CVar [[r.Streaming.MaxEffectiveScreenSize:0]]
[2020.01.20-12.18.43:090][  0]LogConfig: Applying CVar settings from Section [EffectsQuality@3] File [C:/Users/q/madcamp4/Saved/Config/Windows/Scalability.ini]
[2020.01.20-12.18.43:090][  0]LogConfig: Setting CVar [[r.TranslucencyLightingVolumeDim:64]]
[2020.01.20-12.18.43:090][  0]LogConfig: Setting CVar [[r.RefractionQuality:2]]
[2020.01.20-12.18.43:090][  0]LogConfig: Setting CVar [[r.SSR.Quality:3]]
[2020.01.20-12.18.43:090][  0]LogConfig: Setting CVar [[r.SSR.HalfResSceneColor:0]]
[2020.01.20-12.18.43:090][  0]LogConfig: Setting CVar [[r.SceneColorFormat:4]]
[2020.01.20-12.18.43:090][  0]LogConfig: Setting CVar [[r.DetailMode:2]]
[2020.01.20-12.18.43:090][  0]LogConfig: Setting CVar [[r.TranslucencyVolumeBlur:1]]
[2020.01.20-12.18.43:090][  0]LogConfig: Setting CVar [[r.MaterialQualityLevel:1 ; High quality]]
[2020.01.20-12.18.43:090][  0]LogConfig: Setting CVar [[r.SSS.Scale:1]]
[2020.01.20-12.18.43:090][  0]LogConfig: Setting CVar [[r.SSS.SampleSet:2]]
[2020.01.20-12.18.43:090][  0]LogConfig: Setting CVar [[r.SSS.Quality:1]]
[2020.01.20-12.18.43:090][  0]LogConfig: Setting CVar [[r.SSS.HalfRes:1]]
[2020.01.20-12.18.43:090][  0]LogConfig: Setting CVar [[r.SSGI.Quality:3]]
[2020.01.20-12.18.43:090][  0]LogConfig: Setting CVar [[r.EmitterSpawnRateScale:1.0]]
[2020.01.20-12.18.43:090][  0]LogConfig: Setting CVar [[r.ParticleLightQuality:2]]
[2020.01.20-12.18.43:090][  0]LogConfig: Setting CVar [[r.SkyAtmosphere.AerialPerspectiveLUT.FastApplyOnOpaque:1 ; Always have FastSkyLUT 1 in this case to avoid wrong sky]]
[2020.01.20-12.18.43:090][  0]LogConfig: Setting CVar [[r.SkyAtmosphere.AerialPerspectiveLUT.SampleCountPerSlice:1]]
[2020.01.20-12.18.43:090][  0]LogConfig: Setting CVar [[r.SkyAtmosphere.AerialPerspectiveLUT.DepthResolution:16.0]]
[2020.01.20-12.18.43:090][  0]LogConfig: Setting CVar [[r.SkyAtmosphere.FastSkyLUT:1]]
[2020.01.20-12.18.43:090][  0]LogConfig: Setting CVar [[r.SkyAtmosphere.FastSkyLUT.SampleCountMin:4.0]]
[2020.01.20-12.18.43:090][  0]LogConfig: Setting CVar [[r.SkyAtmosphere.FastSkyLUT.SampleCountMax:32.0]]
[2020.01.20-12.18.43:090][  0]LogConfig: Setting CVar [[r.SkyAtmosphere.SampleCountMin:4.0]]
[2020.01.20-12.18.43:090][  0]LogConfig: Setting CVar [[r.SkyAtmosphere.SampleCountMax:32.0]]
[2020.01.20-12.18.43:090][  0]LogConfig: Setting CVar [[r.SkyAtmosphere.TransmittanceLUT.UseSmallFormat:0]]
[2020.01.20-12.18.43:090][  0]LogConfig: Setting CVar [[r.SkyAtmosphere.TransmittanceLUT.SampleCount:10.0]]
[2020.01.20-12.18.43:090][  0]LogConfig: Setting CVar [[r.SkyAtmosphere.MultiScatteringLUT.SampleCount:15.0]]
[2020.01.20-12.18.43:090][  0]LogConfig: Applying CVar settings from Section [FoliageQuality@3] File [C:/Users/q/madcamp4/Saved/Config/Windows/Scalability.ini]
[2020.01.20-12.18.43:090][  0]LogConfig: Setting CVar [[foliage.DensityScale:1.0]]
[2020.01.20-12.18.43:090][  0]LogConfig: Setting CVar [[grass.DensityScale:1.0]]
[2020.01.20-12.18.43:090][  0]LogConfig: Applying CVar settings from Section [ShadingQuality@3] File [C:/Users/q/madcamp4/Saved/Config/Windows/Scalability.ini]
[2020.01.20-12.18.43:090][  0]LogConfig: Setting CVar [[r.HairStrands.SkyLighting.SampleCount:16]]
[2020.01.20-12.18.43:090][  0]LogConfig: Setting CVar [[r.HairStrands.SkyLighting.JitterIntegration:0]]
[2020.01.20-12.18.43:090][  0]LogConfig: Setting CVar [[r.HairStrands.SkyAO.SampleCount:16]]
[2020.01.20-12.18.43:090][  0]LogConfig: Applying CVar settings from Section [Startup] File [../../../Engine/Config/ConsoleVariables.ini]
[2020.01.20-12.18.43:090][  0]LogConfig: Setting CVar [[net.UseAdaptiveNetUpdateFrequency:0]]
[2020.01.20-12.18.43:091][  0]LogConfig: Setting CVar [[p.chaos.AllowCreatePhysxBodies:1]]
[2020.01.20-12.18.43:091][  0]LogConfig: Applying CVar settings from Section [ConsoleVariables] File [C:/Users/q/madcamp4/Saved/Config/Windows/Engine.ini]
[2020.01.20-12.18.43:091][  0]LogInit: Computer: DESKTOP-L9TIVUF
[2020.01.20-12.18.43:091][  0]LogInit: User: q
[2020.01.20-12.18.43:091][  0]LogInit: CPU Page size=4096, Cores=4
[2020.01.20-12.18.43:091][  0]LogInit: High frequency timer resolution =10.000000 MHz
[2020.01.20-12.18.43:091][  0]LogMemory: Memory total: Physical=7.9GB (8GB approx)
[2020.01.20-12.18.43:091][  0]LogMemory: Platform Memory Stats for Windows
[2020.01.20-12.18.43:091][  0]LogMemory: Process Physical Memory: 104.80 MB used, 104.81 MB peak
[2020.01.20-12.18.43:091][  0]LogMemory: Process Virtual Memory: 100.51 MB used, 100.51 MB peak
[2020.01.20-12.18.43:091][  0]LogMemory: Physical Memory: 3494.88 MB used,  4594.16 MB free, 8089.04 MB total
[2020.01.20-12.18.43:091][  0]LogMemory: Virtual Memory: 5137.59 MB used,  134212592.00 MB free, 134217728.00 MB total
[2020.01.20-12.18.43:093][  0]LogWindows: WindowsPlatformFeatures enabled
[2020.01.20-12.18.43:105][  0]LogInit: Using OS detected language (ko-KR).
[2020.01.20-12.18.43:105][  0]LogInit: Using OS detected locale (ko-KR).
[2020.01.20-12.18.43:106][  0]LogTextLocalizationManager: No specific localization for 'ko-KR' exists, so the 'ko' localization will be used.
[2020.01.20-12.18.43:175][  0]LogInit: Setting process to per monitor DPI aware
[2020.01.20-12.18.43:216][  0]LogSlate: New Slate User Created.  User Index 0, Is Virtual User: 0
[2020.01.20-12.18.43:216][  0]LogSlate: Slate User Registered.  User Index 0, Is Virtual User: 0
[2020.01.20-12.18.43:364][  0]LogHMD: Failed to initialize OpenVR with code 110
[2020.01.20-12.18.43:364][  0]LogD3D11RHI: D3D11 min allowed feature level: 11_0
[2020.01.20-12.18.43:364][  0]LogD3D11RHI: D3D11 max allowed feature level: 11_0
[2020.01.20-12.18.43:364][  0]LogD3D11RHI: D3D11 adapters:
[2020.01.20-12.18.43:452][  0]LogD3D11RHI:    0. 'NVIDIA GeForce GTX 1650' (Feature Level 11_0)
[2020.01.20-12.18.43:452][  0]LogD3D11RHI:       3962/0/4044 MB DedicatedVideo/DedicatedSystem/SharedSystem, Outputs:2, VendorId:0x10de
[2020.01.20-12.18.43:457][  0]LogD3D11RHI:    1. 'Intel(R) HD Graphics 4000' (Feature Level 11_0)
[2020.01.20-12.18.43:457][  0]LogD3D11RHI:       32/0/1760 MB DedicatedVideo/DedicatedSystem/SharedSystem, Outputs:0, VendorId:0x8086
[2020.01.20-12.18.43:459][  0]LogD3D11RHI:    2. 'Microsoft Basic Render Driver' (Feature Level 11_0)
[2020.01.20-12.18.43:459][  0]LogD3D11RHI:       0/0/4044 MB DedicatedVideo/DedicatedSystem/SharedSystem, Outputs:0, VendorId:0x1414
[2020.01.20-12.18.43:459][  0]LogD3D11RHI: Chosen D3D11 Adapter: 0
[2020.01.20-12.18.43:465][  0]LogD3D11RHI: Creating new Direct3DDevice
[2020.01.20-12.18.43:465][  0]LogD3D11RHI:     GPU DeviceId: 0x1f82 (for the marketing name, search the web for "GPU Device Id")
[2020.01.20-12.18.43:465][  0]LogWindows: EnumDisplayDevices:
[2020.01.20-12.18.43:465][  0]LogWindows:    0. 'NVIDIA GeForce GTX 1650' (P:1 D:1)
[2020.01.20-12.18.43:465][  0]LogWindows:    1. 'NVIDIA GeForce GTX 1650' (P:0 D:1)
[2020.01.20-12.18.43:465][  0]LogWindows:    2. 'NVIDIA GeForce GTX 1650' (P:0 D:0)
[2020.01.20-12.18.43:466][  0]LogWindows:    3. 'NVIDIA GeForce GTX 1650' (P:0 D:0)
[2020.01.20-12.18.43:466][  0]LogWindows:    4. 'Intel(R) HD Graphics 4000' (P:0 D:0)
[2020.01.20-12.18.43:466][  0]LogWindows:    5. 'Intel(R) HD Graphics 4000' (P:0 D:0)
[2020.01.20-12.18.43:466][  0]LogWindows: DebugString: PrimaryIsNotTheChoosenAdapter PrimaryIsNotTheChoosenAdapter FoundDriverCount:4 
[2020.01.20-12.18.43:466][  0]LogD3D11RHI:     Adapter Name: NVIDIA GeForce GTX 1650
[2020.01.20-12.18.43:466][  0]LogD3D11RHI:   Driver Version: 432.00 (internal:26.21.14.3200, unified:432.00)
[2020.01.20-12.18.43:466][  0]LogD3D11RHI:      Driver Date: 7-24-2019
[2020.01.20-12.18.43:466][  0]LogRHI: Texture pool is 2773 MB (70% of 3962 MB)
[2020.01.20-12.18.43:523][  0]LogD3D11RHI: RHI has support for 64 bit atomics
[2020.01.20-12.18.43:524][  0]LogD3D11RHI: Async texture creation enabled
[2020.01.20-12.18.43:535][  0]LogD3D11RHI: GPU Timing Frequency: 1000.000000 (Debug: 2 1)
[2020.01.20-12.18.43:972][  0]LogTargetPlatformManager: Display: Loaded TargetPlatform 'AllDesktop'
[2020.01.20-12.18.44:002][  0]LogTargetPlatformManager: Display: Loaded TargetPlatform 'Android'
[2020.01.20-12.18.44:003][  0]LogTargetPlatformManager: Display: Loaded TargetPlatform 'Android_ASTC'
[2020.01.20-12.18.44:003][  0]LogTargetPlatformManager: Display: Loaded TargetPlatform 'Android_ATC'
[2020.01.20-12.18.44:003][  0]LogTargetPlatformManager: Display: Loaded TargetPlatform 'Android_DXT'
[2020.01.20-12.18.44:003][  0]LogTargetPlatformManager: Display: Loaded TargetPlatform 'Android_ETC1'
[2020.01.20-12.18.44:003][  0]LogTargetPlatformManager: Display: Loaded TargetPlatform 'Android_ETC1a'
[2020.01.20-12.18.44:003][  0]LogTargetPlatformManager: Display: Loaded TargetPlatform 'Android_ETC2'
[2020.01.20-12.18.44:003][  0]LogTargetPlatformManager: Display: Loaded TargetPlatform 'Android_PVRTC'
[2020.01.20-12.18.44:003][  0]LogTargetPlatformManager: Display: Loaded TargetPlatform 'AndroidClient'
[2020.01.20-12.18.44:003][  0]LogTargetPlatformManager: Display: Loaded TargetPlatform 'Android_ASTCClient'
[2020.01.20-12.18.44:003][  0]LogTargetPlatformManager: Display: Loaded TargetPlatform 'Android_ATCClient'
[2020.01.20-12.18.44:003][  0]LogTargetPlatformManager: Display: Loaded TargetPlatform 'Android_DXTClient'
[2020.01.20-12.18.44:003][  0]LogTargetPlatformManager: Display: Loaded TargetPlatform 'Android_ETC1Client'
[2020.01.20-12.18.44:003][  0]LogTargetPlatformManager: Display: Loaded TargetPlatform 'Android_ETC1aClient'
[2020.01.20-12.18.44:003][  0]LogTargetPlatformManager: Display: Loaded TargetPlatform 'Android_ETC2Client'
[2020.01.20-12.18.44:003][  0]LogTargetPlatformManager: Display: Loaded TargetPlatform 'Android_PVRTCClient'
[2020.01.20-12.18.44:003][  0]LogTargetPlatformManager: Display: Loaded TargetPlatform 'Android_Multi'
[2020.01.20-12.18.44:003][  0]LogTargetPlatformManager: Display: Loaded TargetPlatform 'Android_MultiClient'
[2020.01.20-12.18.44:022][  0]LogTargetPlatformManager: Display: Loaded TargetPlatform 'IOSClient'
[2020.01.20-12.18.44:022][  0]LogTargetPlatformManager: Display: Loaded TargetPlatform 'IOS'
[2020.01.20-12.18.44:030][  0]LogTargetPlatformManager: Display: Loaded TargetPlatform 'LinuxNoEditor'
[2020.01.20-12.18.44:038][  0]LogTargetPlatformManager: Display: Loaded TargetPlatform 'LinuxClient'
[2020.01.20-12.18.44:045][  0]LogTargetPlatformManager: Display: Loaded TargetPlatform 'LinuxServer'
[2020.01.20-12.18.44:052][  0]LogTargetPlatformManager: Display: Loaded TargetPlatform 'LinuxAArch64NoEditor'
[2020.01.20-12.18.44:060][  0]LogTargetPlatformManager: Display: Loaded TargetPlatform 'LinuxAArch64Client'
[2020.01.20-12.18.44:068][  0]LogTargetPlatformManager: Display: Loaded TargetPlatform 'LinuxAArch64Server'
[2020.01.20-12.18.44:095][  0]LogTargetPlatformManager: Display: Loaded TargetPlatform 'Lumin'
[2020.01.20-12.18.44:095][  0]LogTargetPlatformManager: Display: Loaded TargetPlatform 'LuminClient'
[2020.01.20-12.18.44:110][  0]LogTargetPlatformManager: Display: Loaded TargetPlatform 'TVOSClient'
[2020.01.20-12.18.44:110][  0]LogTargetPlatformManager: Display: Loaded TargetPlatform 'TVOS'
[2020.01.20-12.18.44:118][  0]LogTargetPlatformManager: Display: Loaded TargetPlatform 'WindowsNoEditor'
[2020.01.20-12.18.44:126][  0]LogTargetPlatformManager: Display: Loaded TargetPlatform 'Windows'
[2020.01.20-12.18.44:133][  0]LogTargetPlatformManager: Display: Loaded TargetPlatform 'WindowsClient'
[2020.01.20-12.18.44:141][  0]LogTargetPlatformManager: Display: Loaded TargetPlatform 'WindowsServer'
[2020.01.20-12.18.44:141][  0]LogTargetPlatformManager: Display: Building Assets For Windows
[2020.01.20-12.18.44:143][  0]LogAudioDebug: Display: Lib vorbis DLL was dynamically loaded.
[2020.01.20-12.18.44:166][  0]LogShaderCompilers: Guid format shader working directory is 8 characters bigger than the processId version (../../../../../../Users/q/madcamp4/Intermediate/Shaders/WorkingDirectory/5840/).
[2020.01.20-12.18.44:166][  0]LogShaderCompilers: Cleaned the shader compiler working directory 'C:/Users/q/AppData/Local/Temp/UnrealShaderWorkingDir/2453B3A54716884F4D2B4C96B0F6A4B1/'.
[2020.01.20-12.18.44:167][  0]LogXGEController: Cannot use XGE Controller as Incredibuild is not installed on this machine.
[2020.01.20-12.18.44:167][  0]LogShaderCompilers: Cannot use XGE Shader Compiler as Incredibuild is not installed on this machine.
[2020.01.20-12.18.44:167][  0]LogShaderCompilers: Display: Using Local Shader Compiler.
[2020.01.20-12.18.44:893][  0]LogDerivedDataCache: Display: Max Cache Size: 512 MB
[2020.01.20-12.18.44:955][  0]LogDerivedDataCache: Loaded boot cache 0.06s 78MB C:/Users/q/AppData/Local/UnrealEngine/4.24/DerivedDataCache/Boot.ddc.
[2020.01.20-12.18.44:955][  0]LogDerivedDataCache: Display: Loaded Boot cache: C:/Users/q/AppData/Local/UnrealEngine/4.24/DerivedDataCache/Boot.ddc
[2020.01.20-12.18.44:955][  0]LogDerivedDataCache: FDerivedDataBackendGraph:  Pak pak cache file ../../../../../../Users/q/madcamp4/DerivedDataCache/DDC.ddp not found, will not use a pak cache.
[2020.01.20-12.18.44:955][  0]LogDerivedDataCache: Unable to find inner node Pak for hierarchical cache Hierarchy.
[2020.01.20-12.18.44:955][  0]LogDerivedDataCache: FDerivedDataBackendGraph:  CompressedPak pak cache file ../../../../../../Users/q/madcamp4/DerivedDataCache/Compressed.ddp not found, will not use a pak cache.
[2020.01.20-12.18.44:956][  0]LogDerivedDataCache: Unable to find inner node CompressedPak for hierarchical cache Hierarchy.
[2020.01.20-12.18.44:965][  0]LogDerivedDataCache: Display: Pak cache opened for reading ../../../Engine/DerivedDataCache/Compressed.ddp.
[2020.01.20-12.18.44:965][  0]LogDerivedDataCache: FDerivedDataBackendGraph:  EnterprisePak pak cache file ../../../Enterprise/DerivedDataCache/Compressed.ddp not found, will not use a pak cache.
[2020.01.20-12.18.44:965][  0]LogDerivedDataCache: Unable to find inner node EnterprisePak for hierarchical cache Hierarchy.
[2020.01.20-12.18.44:967][  0]LogDerivedDataCache: Using Local data cache path C:/Users/q/AppData/Local/UnrealEngine/Common/DerivedDataCache: Writable
[2020.01.20-12.18.44:967][  0]LogDerivedDataCache: Shared data cache path not found in *engine.ini, will not use an Shared cache.
[2020.01.20-12.18.44:967][  0]LogDerivedDataCache: Unable to find inner node Shared for hierarchical cache Hierarchy.
[2020.01.20-12.18.44:996][  0]LogMaterial: Verifying Global Shaders for PCD3D_SM5
[2020.01.20-12.18.44:998][  0]LogSlate: Using FreeType 2.10.0
[2020.01.20-12.18.44:999][  0]LogSlate: SlateFontServices - WITH_FREETYPE: 1, WITH_HARFBUZZ: 1
[2020.01.20-12.18.45:048][  0]LogAssetRegistry: FAssetRegistry took 0.0024 seconds to start up
[2020.01.20-12.18.45:375][  0]LogInit: Selected Device Profile: [Windows]
[2020.01.20-12.18.45:534][  0]LogMeshReduction: Using QuadricMeshReduction for automatic static mesh reduction
[2020.01.20-12.18.45:534][  0]LogMeshReduction: Using SimplygonMeshReduction for automatic skeletal mesh reduction
[2020.01.20-12.18.45:534][  0]LogMeshReduction: Using ProxyLODMeshReduction for automatic mesh merging
[2020.01.20-12.18.45:534][  0]LogMeshReduction: No distributed automatic mesh merging module available
[2020.01.20-12.18.45:534][  0]LogMeshMerging: No distributed automatic mesh merging module available
[2020.01.20-12.18.45:552][  0]LogNetVersion: start4 1.0.0, NetCL: 10570792, EngineNetVer: 13, GameNetVer: 0 (Checksum: 3748034330)
[2020.01.20-12.18.46:549][  0]LogPackageLocalizationCache: Processed 10 localized package path(s) for 1 prioritized culture(s) in 0.046750 seconds
[2020.01.20-12.18.46:556][  0]LogUObjectArray: 46750 objects as part of root set at end of initial load.
[2020.01.20-12.18.46:556][  0]LogUObjectAllocator: 8137160 out of 0 bytes used by permanent object pool.
[2020.01.20-12.18.46:556][  0]LogUObjectArray: CloseDisregardForGC: 0/0 objects in disregard for GC pool
[2020.01.20-12.18.46:944][  0]LogTcpMessaging: Initializing TcpMessaging bridge
[2020.01.20-12.18.46:946][  0]LogUdpMessaging: Initializing bridge on interface 0.0.0.0:0 to multicast group 230.0.0.1:6666.
[2020.01.20-12.18.46:993][  0]SourceControl: 소스 컨트롤이 꺼졌습니다.
[2020.01.20-12.18.46:993][  0]SourceControl: 소스 컨트롤이 꺼졌습니다.
[2020.01.20-12.18.46:994][  0]SourceControl: 소스 컨트롤이 꺼졌습니다.
[2020.01.20-12.18.46:994][  0]SourceControl: 소스 컨트롤이 꺼졌습니다.
[2020.01.20-12.18.46:995][  0]SourceControl: 소스 컨트롤이 꺼졌습니다.
[2020.01.20-12.18.47:068][  0]LogAndroidPermission: UAndroidPermissionCallbackProxy::GetInstance
[2020.01.20-12.18.47:078][  0]LogAudioCaptureCore: Display: No Audio Capture implementations found. Audio input will be silent.
[2020.01.20-12.18.47:078][  0]LogAudioCaptureCore: Display: No Audio Capture implementations found. Audio input will be silent.
[2020.01.20-12.18.47:164][  0]LogOcInput: OculusInput pre-init called
[2020.01.20-12.18.47:172][  0]LogWindows: Failed to load 'OVRPlugin.dll' (GetLastError=126)
[2020.01.20-12.18.47:172][  0]LogWindows: File 'OVRPlugin.dll' does not exist
[2020.01.20-12.18.47:241][  0]LogEngine: Initializing Engine...
[2020.01.20-12.18.47:242][  0]LogHMD: Failed to initialize OpenVR with code 110
[2020.01.20-12.18.47:242][  0]LogStats: UGameplayTagsManager::InitializeManager -  0.000 s
[2020.01.20-12.18.47:593][  0]LogInit: Initializing FReadOnlyCVARCache
[2020.01.20-12.18.47:603][  0]LogAIModule: Creating AISystem for world Untitled
[2020.01.20-12.18.47:612][  0]LogAudioMixer: Display: Audio Mixer Platform Settings:
[2020.01.20-12.18.47:612][  0]LogAudioMixer: Display: 	Sample Rate:						  48000
[2020.01.20-12.18.47:612][  0]LogAudioMixer: Display: 	Callback Buffer Frame Size Requested: 1024
[2020.01.20-12.18.47:612][  0]LogAudioMixer: Display: 	Callback Buffer Frame Size To Use:	  1024
[2020.01.20-12.18.47:612][  0]LogAudioMixer: Display: 	Number of buffers to queue:			  2
[2020.01.20-12.18.47:612][  0]LogAudioMixer: Display: 	Max Channels (voices):				  32
[2020.01.20-12.18.47:612][  0]LogAudioMixer: Display: 	Number of Async Source Workers:		  0
[2020.01.20-12.18.47:612][  0]LogAudio: Display: AudioDevice MaxSources: 32
[2020.01.20-12.18.47:612][  0]LogAudio: Display: Using built-in audio occlusion.
[2020.01.20-12.18.47:612][  0]LogAudioMixer: Display: Initializing audio mixer.
[2020.01.20-12.18.47:640][  0]LogAudioMixer: Display: Audio Device Output Speaker Info:
[2020.01.20-12.18.47:640][  0]LogAudioMixer: Display: Name: 스피커(High Definition Audio Device)
[2020.01.20-12.18.47:640][  0]LogAudioMixer: Display: Is Default: Yes
[2020.01.20-12.18.47:640][  0]LogAudioMixer: Display: Sample Rate: 48000
[2020.01.20-12.18.47:640][  0]LogAudioMixer: Display: Channel Count Used: 2
[2020.01.20-12.18.47:640][  0]LogAudioMixer: Display: Device Channel Count: 2
[2020.01.20-12.18.47:640][  0]LogAudioMixer: Display: Channel Order:
[2020.01.20-12.18.47:640][  0]LogAudioMixer: Display: 0: FrontLeft
[2020.01.20-12.18.47:640][  0]LogAudioMixer: Display: 1: FrontRight
[2020.01.20-12.18.47:666][  0]LogAudioMixer: Display: Using Audio Device 스피커(High Definition Audio Device)
[2020.01.20-12.18.47:670][  0]LogInit: FAudioDevice initialized.
[2020.01.20-12.18.47:670][  0]LogNetVersion: Set ProjectVersion to 1.0.0.0. Version Checksum will be recalculated on next use.
[2020.01.20-12.18.47:820][  0]LogDerivedDataCache: Saved boot cache 0.15s 78MB C:/Users/q/AppData/Local/UnrealEngine/4.24/DerivedDataCache/Boot.ddc.
[2020.01.20-12.18.47:828][  0]LogInit: Texture streaming: Enabled
[2020.01.20-12.18.47:841][  0]LogEngineSessionManager: EngineSessionManager initialized
[2020.01.20-12.18.47:842][  0]LogEngineSessionManager: EngineSessionManager sent abnormal shutdown report. Type=AbnormalShutdown, SessionId={7321ACAC-402C-711A-BA3B-D1949FBA0BE1}
[2020.01.20-12.18.47:842][  0]LogEditorSessionSummary: Verbose: Initializing EditorSessionSummaryWriter for editor session tracking
[2020.01.20-12.18.47:844][  0]LogEditorSessionSummary: EditorSessionSummaryWriter initialized
[2020.01.20-12.18.47:906][  0]LogInit: Transaction tracking system initialized
[2020.01.20-12.18.47:915][  0]BlueprintLog: New page: 에디터 로드
[2020.01.20-12.18.47:945][  0]LocalizationService: 현지화 서비스가 비활성화되었습니다.
[2020.01.20-12.18.48:282][  0]LogFileCache: Scanning file cache for directory 'C:/Users/q/madcamp4/Content/' took 0.01s
[2020.01.20-12.18.48:282][  0]LogCook: Display: Max memory allowance for cook 16384mb min free memory 0mb
[2020.01.20-12.18.48:282][  0]LogCook: Display: Mobile HDR setting 1
[2020.01.20-12.18.48:897][  0]SourceControl: 소스 컨트롤이 꺼졌습니다.
[2020.01.20-12.18.49:050][  0]LogSlate: Took 0.002620 seconds to synchronously load lazily loaded font '../../../Engine/Content/Editor/Slate/Fonts/NanumGothic.ttf' (4243K)
[2020.01.20-12.18.49:050][  0]LogSlate: Took 0.000223 seconds to synchronously load lazily loaded font '../../../Engine/Content/Slate/Fonts/Roboto-Regular.ttf' (155K)
[2020.01.20-12.18.55:412][  0]LogSlate: Window '패키지 복원' being destroyed
[2020.01.20-12.18.55:414][  0]LogWindowsTextInputMethodSystem: Display: IME system now activated using TSF (Microsoft 입력기).
[2020.01.20-12.18.55:419][  0]LogWindowsTextInputMethodSystem: Display: IME system now activated using TSF (Microsoft 입력기).
[2020.01.20-12.18.57:838][  0]LogSlate: Window '소스 컨트롤에서 체크아웃할 수 없습니다!' being destroyed
[2020.01.20-12.18.57:840][  0]LogWindowsTextInputMethodSystem: Display: IME system now activated using TSF (Microsoft 입력기).
[2020.01.20-12.18.57:845][  0]LogWindowsTextInputMethodSystem: Display: IME system now activated using TSF (Microsoft 입력기).
[2020.01.20-12.18.57:915][  0]Cmd: MAP LOAD FILE="../../../../../../Users/q/madcamp4/Content/Maps/Level_0.umap" TEMPLATE=0 SHOWPROGRESS=1 FEATURELEVEL=3
[2020.01.20-12.18.57:925][  0]LightingResults: New page: 라이팅 빌드
[2020.01.20-12.18.57:926][  0]LogWorld: UWorld::CleanupWorld for Untitled, bSessionEnded=true, bCleanupResources=true
[2020.01.20-12.18.57:926][  0]LogSlate: InvalidateAllWidgets triggered.  All widgets were invalidated
[2020.01.20-12.18.57:926][  0]MapCheck: New page: 맵 체크
[2020.01.20-12.18.57:926][  0]LightingResults: New page: 라이팅 빌드
[2020.01.20-12.18.57:953][  0]LogUObjectHash: Compacting FUObjectHashTables data took   2.38ms
[2020.01.20-12.18.57:966][  0]LogAIModule: Creating AISystem for world Level_0
[2020.01.20-12.18.57:971][  0]LogEditorServer: Finished looking for orphan Actors (0.000 secs)
[2020.01.20-12.18.57:998][  0]LogUObjectHash: Compacting FUObjectHashTables data took   1.32ms
[2020.01.20-12.18.57:999][  0]Cmd: MAP CHECKDEP NOCLEARLOG
[2020.01.20-12.18.57:999][  0]MapCheck: 맵 체크 완료: 오류 0 회, 경고 0 회, 소요 시간 0.212ms.
[2020.01.20-12.18.57:999][  0]LogFileHelpers: Loading map 'Level_0' took 0.085
[2020.01.20-12.18.58:129][  0]LogSlate: Updating window title bar state: overlay mode, drag disabled, window buttons hidden, title bar hidden
[2020.01.20-12.18.58:145][  0]LogSlate: Updating window title bar state: overlay mode, drag disabled, window buttons hidden, title bar hidden
[2020.01.20-12.18.58:155][  0]LogSlate: Updating window title bar state: overlay mode, drag disabled, window buttons hidden, title bar hidden
[2020.01.20-12.18.58:163][  0]LogSlate: Updating window title bar state: overlay mode, drag disabled, window buttons hidden, title bar hidden
[2020.01.20-12.18.58:174][  0]LogCollectionManager: Loaded 0 collections in 0.001644 seconds
[2020.01.20-12.18.58:189][  0]LogFileCache: Scanning file cache for directory 'C:/Users/q/madcamp4/Saved/Collections/' took 0.00s
[2020.01.20-12.18.58:189][  0]LogFileCache: Scanning file cache for directory 'C:/Users/q/madcamp4/Content/Developers/q/Collections/' took 0.00s
[2020.01.20-12.18.58:189][  0]LogFileCache: Scanning file cache for directory 'C:/Users/q/madcamp4/Content/Collections/' took 0.00s
[2020.01.20-12.18.58:189][  0]LogContentBrowser: Native class hierarchy populated in 0.0092 seconds. Added 3015 classes and 717 folders.
[2020.01.20-12.18.58:196][  0]LogContentBrowser: Native class hierarchy updated for 'WidgetCarousel' in 0.0002 seconds. Added 0 classes and 0 folders.
[2020.01.20-12.18.58:669][  0]LogContentBrowser: Native class hierarchy updated for 'AddContentDialog' in 0.0003 seconds. Added 0 classes and 0 folders.
[2020.01.20-12.18.58:674][  0]LogContentBrowser: Native class hierarchy updated for 'SceneOutliner' in 0.0004 seconds. Added 2 classes and 3 folders.
[2020.01.20-12.18.58:738][  0]LogSlate: Took 0.003146 seconds to synchronously load lazily loaded font '../../../Engine/Content/Editor/Slate/Fonts/NanumGothicBold.ttf' (4188K)
[2020.01.20-12.18.58:739][  0]LogSlate: Took 0.000265 seconds to synchronously load lazily loaded font '../../../Engine/Content/Slate/Fonts/Roboto-Bold.ttf' (160K)
[2020.01.20-12.18.58:756][  0]LogSlate: Took 0.010150 seconds to synchronously load lazily loaded font '../../../Engine/Content/Editor/Slate/Fonts/FontAwesome.ttf' (139K)
[2020.01.20-12.18.58:898][  0]LogRenderer: Reallocating scene render targets to support 1208x572 Format 10 NumSamples 1 (Frame:1).
[2020.01.20-12.18.58:993][  0]LogContentBrowser: Native class hierarchy updated for 'HierarchicalLODOutliner' in 0.0003 seconds. Added 0 classes and 0 folders.
[2020.01.20-12.18.58:993][  0]LogLoad: (Engine Initialization) Total time: 17.18 seconds
[2020.01.20-12.18.58:993][  0]LogLoad: (Engine Initialization) Total Blueprint compile time: 0.00 seconds
[2020.01.20-12.18.59:056][  0]LogContentStreaming: Texture pool size now 1000 MB
[2020.01.20-12.18.59:091][  0]LogSlate: Took 0.007164 seconds to synchronously load lazily loaded font '../../../Engine/Content/Slate/Fonts/Roboto-Light.ttf' (167K)
[2020.01.20-12.18.59:130][  1]LogAssetRegistry: Asset discovery search completed in 14.0827 seconds
[2020.01.20-12.18.59:133][  1]LogCollectionManager: Fixed up redirectors for 0 collections in 0.000006 seconds (updated 0 objects)
[2020.01.20-12.19.00:038][ 86]LogSlate: Took 0.000244 seconds to synchronously load lazily loaded font '../../../Engine/Content/Slate/Fonts/Roboto-Light.ttf' (167K)
[2020.01.20-12.19.03:252][399]LogUObjectHash: Compacting FUObjectHashTables data took   0.66ms
[2020.01.20-12.19.03:253][399]Cmd: MAP LOAD FILE="../../../../../../Users/q/madcamp4/Content/Maps/Level_1.umap" TEMPLATE=0 SHOWPROGRESS=1 FEATURELEVEL=3
[2020.01.20-12.19.03:275][399]LightingResults: New page: 라이팅 빌드
[2020.01.20-12.19.03:276][399]LoadErrors: New page: 맵 로드중: Level_1.umap
[2020.01.20-12.19.03:277][399]LogWorld: UWorld::CleanupWorld for Level_0, bSessionEnded=true, bCleanupResources=true
[2020.01.20-12.19.03:277][399]LogSlate: InvalidateAllWidgets triggered.  All widgets were invalidated
[2020.01.20-12.19.03:277][399]MapCheck: New page: 맵 체크
[2020.01.20-12.19.03:277][399]LightingResults: New page: 라이팅 빌드
[2020.01.20-12.19.03:301][399]LogUObjectHash: Compacting FUObjectHashTables data took   1.91ms
[2020.01.20-12.19.05:691][399]LogAIModule: Creating AISystem for world Level_1
[2020.01.20-12.19.09:492][399]LogEditorServer: Finished looking for orphan Actors (0.000 secs)
[2020.01.20-12.19.09:565][399]LogUObjectHash: Compacting FUObjectHashTables data took   2.52ms
[2020.01.20-12.19.09:609][399]Cmd: MAP CHECKDEP NOCLEARLOG
[2020.01.20-12.19.09:639][399]MapCheck: 맵 체크 완료: 오류 0 회, 경고 0 회, 소요 시간 29.735ms.
[2020.01.20-12.19.09:639][399]LogFileHelpers: Loading map 'Level_1' took 6.387
[2020.01.20-12.19.09:639][399]LogSlate: Window '레벨 열기' being destroyed
[2020.01.20-12.19.11:304][466]LogAssetEditorSubsystem: Opening Asset editor for Blueprint /Game/Blueprints/wrong2_Blueprint.wrong2_Blueprint
[2020.01.20-12.19.11:550][466]LogContentBrowser: Native class hierarchy updated for 'BlueprintGraph' in 0.0006 seconds. Added 121 classes and 0 folders.
[2020.01.20-12.19.12:606][466]LogLinker: Warning: '{FileName}': 애셋 이름을 해석할 수 없습니다. 로드에 실패했습니다.
[2020.01.20-12.19.27:303][407]LogEditorViewport: Clicking on Actor (LMB): 이마트송_브금_Cue_Blueprint_C (이마트송_브금_Cue_Blueprint)
[2020.01.20-12.19.29:347][535]LogEditorViewport: Clicking on Actor (LMB): Landscape (Landscape)
[2020.01.20-12.19.31:480][665]LogEditorViewport: Clicking on Actor (LMB): Landscape (Landscape)
[2020.01.20-12.19.44:614][489]LogSlate: Window 'wrong2_Blueprint' being destroyed
[2020.01.20-12.19.44:642][489]LogWorld: UWorld::CleanupWorld for World_0, bSessionEnded=true, bCleanupResources=true
[2020.01.20-12.19.44:642][489]LogSlate: InvalidateAllWidgets triggered.  All widgets were invalidated
[2020.01.20-12.19.46:352][604]LogAssetEditorSubsystem: Opening Asset editor for LevelScriptBlueprint /Game/Maps/Level_1.Level_1:PersistentLevel.Level_1
[2020.01.20-12.19.46:754][604]LogSlate: Took 0.000205 seconds to synchronously load lazily loaded font '../../../Engine/Content/Slate/Fonts/Roboto-BoldCondensed.ttf' (158K)
[2020.01.20-12.19.46:837][605]LogSlate: Took 0.005939 seconds to synchronously load lazily loaded font '../../../Engine/Content/Slate/Fonts/Roboto-Italic.ttf' (157K)
[2020.01.20-12.20.01:159][468]Cmd: OBJ SAVEPACKAGE PACKAGE="/Game/Maps/Level_1" FILE="../../../../../../Users/q/madcamp4/Content/Maps/Level_1.umap" SILENT=true AUTOSAVING=false KEEPDIRTY=false
[2020.01.20-12.20.01:198][468]LogUObjectHash: Compacting FUObjectHashTables data took   3.93ms
[2020.01.20-12.20.02:498][468]LogSavePackage: Moving '../../../../../../Users/q/madcamp4/Saved/Level_13B981AB24C1DD5E6D304DCA23F5C8A9D.tmp' to '../../../../../../Users/q/madcamp4/Content/Maps/Level_1.umap'
[2020.01.20-12.20.02:546][468]Cmd: OBJ SAVEPACKAGE PACKAGE="/Game/Maps/Level_1_BuiltData" FILE="../../../../../../Users/q/madcamp4/Content/Maps/Level_1_BuiltData.uasset" SILENT=true
[2020.01.20-12.20.02:559][468]LogSavePackage: Moving '../../../../../../Users/q/madcamp4/Saved/Level_1_BuiltData005A120347E72797620BE3B5FB3459EB.tmp' to '../../../../../../Users/q/madcamp4/Content/Maps/Level_1_BuiltData.uasset'
[2020.01.20-12.20.02:601][468]AssetCheck: New page: Asset Save: 애셋이 다수입니다.
[2020.01.20-12.20.02:601][468]LogContentValidation: Display: World /Game/Maps/Level_1.Level_1 유효성 검사
[2020.01.20-12.20.02:601][468]LogContentValidation: Display: MapBuildDataRegistry /Game/Maps/Level_1_BuiltData.Level_1_BuiltData 유효성 검사
[2020.01.20-12.20.40:191][744]LogEditorViewport: Clicking on Actor (LMB): TextRenderActor (TextRenderActor2)
[2020.01.20-12.20.41:262][784]Cmd: EDIT COPY
[2020.01.20-12.20.41:966][812]Cmd: EDIT PASTE
[2020.01.20-12.22.14:417][931]LogEditorViewport: Clicking on Actor (LMB): Landscape (Landscape)
[2020.01.20-12.22.15:453][974]LogEditorViewport: Clicking on Actor (LMB): Landscape (Landscape)
[2020.01.20-12.22.15:955][995]LogEditorViewport: Clicking on Actor (LMB): TextRenderActor (TextRenderActor3)
[2020.01.20-12.22.23:202][323]LogEditorViewport: Clicking on Actor (LMB): InstancedFoliageActor (InstancedFoliageActor)
[2020.01.20-12.22.24:179][364]LogEditorViewport: Clicking on Actor (LMB): TextRenderActor (TextRenderActor3)
[2020.01.20-12.22.32:549][744]LogEditorViewport: Clicking on Actor (LMB): InstancedFoliageActor (InstancedFoliageActor)
[2020.01.20-12.22.33:378][778]LogEditorViewport: Clicking on Actor (LMB): TextRenderActor (TextRenderActor3)
[2020.01.20-12.22.51:841][654]LogEditorViewport: Clicking on Actor (LMB): InstancedFoliageActor (InstancedFoliageActor)
[2020.01.20-12.22.52:492][680]LogEditorViewport: Clicking on Actor (LMB): InstancedFoliageActor (InstancedFoliageActor)
[2020.01.20-12.22.53:073][703]LogEditorViewport: Clicking on Actor (LMB): InstancedFoliageActor (InstancedFoliageActor)
[2020.01.20-12.22.53:436][717]LogEditorViewport: Clicking on Actor (LMB): Landscape (Landscape)
[2020.01.20-12.22.54:541][766]LogEditorViewport: Clicking on Actor (LMB): InstancedFoliageActor (InstancedFoliageActor)
[2020.01.20-12.22.55:065][786]LogEditorViewport: Clicking on Actor (LMB): TextRenderActor (TextRenderActor3)
[2020.01.20-12.22.56:242][839]LogEditorViewport: Clicking on Actor (LMB): TextRenderActor (TextRenderActor3)
[2020.01.20-12.22.56:725][860]LogEditorViewport: Clicking on Actor (LMB): Landscape (Landscape)
[2020.01.20-12.22.57:317][885]LogEditorViewport: Clicking on Actor (LMB): InstancedFoliageActor (InstancedFoliageActor)
[2020.01.20-12.22.57:970][911]LogEditorViewport: Clicking on Actor (LMB): TextRenderActor (TextRenderActor3)
[2020.01.20-12.22.59:762][993]LogEditorViewport: Clicking on Actor (LMB): TextRenderActor (TextRenderActor3)
[2020.01.20-12.22.59:828][993]LogEditorViewport: Clicking on Actor (double click): InstancedFoliageActor (InstancedFoliageActor)
[2020.01.20-12.23.00:479][ 22]LogEditorViewport: Clicking on Actor (LMB): TextRenderActor (TextRenderActor3)
[2020.01.20-12.23.00:614][ 23]LogEditorViewport: Clicking on Component (LMB): TextRenderComponent (NewTextRenderComponent)
[2020.01.20-12.23.01:034][ 43]LogEditorViewport: Clicking on Component (LMB): TextRenderComponent (NewTextRenderComponent)
[2020.01.20-12.23.01:330][ 54]LogEditorViewport: Clicking on Actor (double click): TextRenderActor (TextRenderActor3)
[2020.01.20-12.23.01:585][ 66]LogEditorViewport: Clicking on Actor (LMB): TextRenderActor (TextRenderActor3)
[2020.01.20-12.23.01:986][ 82]LogEditorViewport: Clicking on Component (LMB): TextRenderComponent (NewTextRenderComponent)
[2020.01.20-12.23.02:197][ 92]LogEditorViewport: Clicking on Component (LMB): TextRenderComponent (NewTextRenderComponent)
[2020.01.20-12.23.06:827][299]LogEditorViewport: Clicking on Actor (LMB): Landscape (Landscape)
[2020.01.20-12.23.09:389][413]LogEditorViewport: Clicking on Actor (LMB): InstancedFoliageActor (InstancedFoliageActor)
[2020.01.20-12.23.10:189][446]LogEditorViewport: Clicking on Actor (LMB): TextRenderActor (TextRenderActor3)
[2020.01.20-12.24.12:757][910]LogEditorViewport: Clicking on Actor (LMB): InstancedFoliageActor (InstancedFoliageActor)
[2020.01.20-12.24.14:705][  8]LogEditorViewport: Clicking on Actor (LMB): InstancedFoliageActor (InstancedFoliageActor)
[2020.01.20-12.24.15:382][ 39]LogEditorViewport: Clicking on Actor (LMB): 이마트송_브금_Cue_Blueprint_C (이마트송_브금_Cue_Blueprint)
[2020.01.20-12.30.01:317][305]LogUObjectHash: Compacting FUObjectHashTables data took   3.96ms
[2020.01.20-12.30.01:319][305]Cmd: OBJ SAVEPACKAGE PACKAGE="/Game/Maps/Level_1" FILE="../../../../../../Users/q/madcamp4/Saved/Autosaves/Game/Maps/Level_1_Auto1.umap" SILENT=true AUTOSAVING=true KEEPDIRTY=false
[2020.01.20-12.30.02:544][305]LogSavePackage: Moving '../../../../../../Users/q/madcamp4/Saved/Level_1_Auto13E2C913D4FC54AE368CEFC9D0EBD3985.tmp' to '../../../../../../Users/q/madcamp4/Saved/Autosaves/Game/Maps/Level_1_Auto1.umap'
[2020.01.20-12.30.02:546][305]LogFileHelpers: Editor autosave (incl. sublevels) for '/Game/Maps/Level_1' took 1.271
[2020.01.20-12.30.02:546][305]LogFileHelpers: Editor autosave (incl. sublevels) for all levels took 1.271
[2020.01.20-12.31.29:788][754]BlueprintLog: New page: Level_1 컴파일
[2020.01.20-12.31.30:096][754]LogUObjectHash: Compacting FUObjectHashTables data took   3.58ms
[2020.01.20-12.32.53:185][278]BlueprintLog: New page: Level_1 컴파일
[2020.01.20-12.32.53:497][278]LogUObjectHash: Compacting FUObjectHashTables data took   3.58ms
[2020.01.20-12.34.07:855][330]BlueprintLog: New page: Level_1 컴파일
[2020.01.20-12.34.08:169][330]LogUObjectHash: Compacting FUObjectHashTables data took   3.54ms
[2020.01.20-12.34.11:731][507]BlueprintLog: New page: Level_1 컴파일
[2020.01.20-12.34.12:045][507]LogUObjectHash: Compacting FUObjectHashTables data took   3.70ms
[2020.01.20-12.37.05:625][ 64]BlueprintLog: New page: Level_1 컴파일
[2020.01.20-12.37.05:935][ 64]LogUObjectHash: Compacting FUObjectHashTables data took   4.04ms
[2020.01.20-12.37.07:964][161]LogTemp: Repeating last play command: 선택된 뷰포트
[2020.01.20-12.37.07:989][161]LogBlueprintUserMessages: Early PlayInEditor Detection: Level '/Game/Maps/Level_1.Level_1:PersistentLevel' has LevelScriptBlueprint '/Game/Maps/Level_1.Level_1:PersistentLevel.Level_1' with GeneratedClass '/Game/Maps/Level_1.Level_1_C' with ClassGeneratedBy '/Game/Maps/Level_1.Level_1:PersistentLevel.Level_1'
[2020.01.20-12.37.07:990][161]LogPlayLevel: PlayLevel: No blueprints needed recompiling
[2020.01.20-12.37.07:990][161]PIE: New page: PIE 세션: Level_1 (2020. 1. 21. 오전 6:37:07)
[2020.01.20-12.37.07:991][161]LogOnline: OSS: Creating online subsystem instance for: NULL
[2020.01.20-12.37.07:992][161]LogOnline: OSS: TryLoadSubsystemAndSetDefault: Loaded subsystem for module [NULL]
[2020.01.20-12.37.07:992][161]LogPlayLevel: Creating play world package: /Game/Maps/UEDPIE_0_Level_1
[2020.01.20-12.37.08:373][161]LogPlayLevel: PIE: StaticDuplicateObject took: (0.380680s)
[2020.01.20-12.37.08:374][161]LogAIModule: Creating AISystem for world Level_1
[2020.01.20-12.37.08:374][161]LogPlayLevel: PIE: World Init took: (0.001290s)
[2020.01.20-12.37.08:374][161]LogPlayLevel: PIE: Created PIE world by copying editor world from /Game/Maps/Level_1.Level_1 to /Game/Maps/UEDPIE_0_Level_1.Level_1 (0.382294s)
[2020.01.20-12.37.08:406][161]LogUObjectHash: Compacting FUObjectHashTables data took   2.72ms
[2020.01.20-12.37.08:408][161]LogAudioMixer: Display: Audio Mixer Platform Settings:
[2020.01.20-12.37.08:408][161]LogAudioMixer: Display: 	Sample Rate:						  48000
[2020.01.20-12.37.08:408][161]LogAudioMixer: Display: 	Callback Buffer Frame Size Requested: 1024
[2020.01.20-12.37.08:408][161]LogAudioMixer: Display: 	Callback Buffer Frame Size To Use:	  1024
[2020.01.20-12.37.08:408][161]LogAudioMixer: Display: 	Number of buffers to queue:			  2
[2020.01.20-12.37.08:408][161]LogAudioMixer: Display: 	Max Channels (voices):				  32
[2020.01.20-12.37.08:408][161]LogAudioMixer: Display: 	Number of Async Source Workers:		  0
[2020.01.20-12.37.08:408][161]LogAudio: Display: AudioDevice MaxSources: 32
[2020.01.20-12.37.08:409][161]LogAudio: Display: Using built-in audio occlusion.
[2020.01.20-12.37.08:409][161]LogAudioMixer: Display: Initializing audio mixer.
[2020.01.20-12.37.08:434][161]LogAudioMixer: Display: Audio Device Output Speaker Info:
[2020.01.20-12.37.08:434][161]LogAudioMixer: Display: Name: 스피커(High Definition Audio Device)
[2020.01.20-12.37.08:434][161]LogAudioMixer: Display: Is Default: Yes
[2020.01.20-12.37.08:434][161]LogAudioMixer: Display: Sample Rate: 48000
[2020.01.20-12.37.08:434][161]LogAudioMixer: Display: Channel Count Used: 2
[2020.01.20-12.37.08:434][161]LogAudioMixer: Display: Device Channel Count: 2
[2020.01.20-12.37.08:434][161]LogAudioMixer: Display: Channel Order:
[2020.01.20-12.37.08:434][161]LogAudioMixer: Display: 0: FrontLeft
[2020.01.20-12.37.08:434][161]LogAudioMixer: Display: 1: FrontRight
[2020.01.20-12.37.08:446][161]LogAudioMixer: Display: Using Audio Device 스피커(High Definition Audio Device)
[2020.01.20-12.37.08:448][161]LogInit: FAudioDevice initialized.
[2020.01.20-12.37.08:464][161]LogLoad: Game class is 'OurGame_GameMode_C'
[2020.01.20-12.37.08:993][161]LogWorld: Bringing World /Game/Maps/UEDPIE_0_Level_1.Level_1 up for play (max tick rate 0) at 2020.01.20-21.37.08
[2020.01.20-12.37.08:994][161]LogWorld: Bringing up level for play took: 0.528176
[2020.01.20-12.37.08:994][161]LogOnline: OSS: Creating online subsystem instance for: :Context_5
[2020.01.20-12.37.09:049][161]LogContentBrowser: Native class hierarchy updated for 'MovieSceneCapture' in 0.0004 seconds. Added 20 classes and 0 folders.
[2020.01.20-12.37.09:051][161]PIE: /Game/Maps/UEDPIE_0_Level_1 에 대한 에디터에서 플레이 시작 시간: 1.53
[2020.01.20-12.37.09:051][161]LogBlueprintUserMessages: Late PlayInEditor Detection: Level '/Game/Maps/Level_1.Level_1:PersistentLevel' has LevelScriptBlueprint '/Game/Maps/Level_1.Level_1:PersistentLevel.Level_1' with GeneratedClass '/Game/Maps/Level_1.Level_1_C' with ClassGeneratedBy '/Game/Maps/Level_1.Level_1:PersistentLevel.Level_1'
[2020.01.20-12.37.10:829][223]Cmd: OBJ SAVEPACKAGE PACKAGE="/Game/Maps/Level_1" FILE="../../../../../../Users/q/madcamp4/Content/Maps/Level_1.umap" SILENT=true AUTOSAVING=false KEEPDIRTY=false
[2020.01.20-12.37.10:896][223]LogUObjectHash: Compacting FUObjectHashTables data took   4.60ms
[2020.01.20-12.37.12:146][223]LogSavePackage: Moving '../../../../../../Users/q/madcamp4/Saved/Level_1E8AF8F5F405313C283038E9B0EA759BB.tmp' to '../../../../../../Users/q/madcamp4/Content/Maps/Level_1.umap'
[2020.01.20-12.37.12:191][223]Cmd: OBJ SAVEPACKAGE PACKAGE="/Game/Maps/Level_1_BuiltData" FILE="../../../../../../Users/q/madcamp4/Content/Maps/Level_1_BuiltData.uasset" SILENT=true
[2020.01.20-12.37.12:214][223]LogSavePackage: Moving '../../../../../../Users/q/madcamp4/Saved/Level_1_BuiltData7B9916074380656102895E80107A9787.tmp' to '../../../../../../Users/q/madcamp4/Content/Maps/Level_1_BuiltData.uasset'
[2020.01.20-12.37.12:235][223]AssetCheck: New page: Asset Save: 애셋이 다수입니다.
[2020.01.20-12.37.12:235][223]LogContentValidation: Display: World /Game/Maps/Level_1.Level_1 유효성 검사
[2020.01.20-12.37.12:235][223]LogContentValidation: Display: MapBuildDataRegistry /Game/Maps/Level_1_BuiltData.Level_1_BuiltData 유효성 검사
[2020.01.20-12.38.09:903][ 12]LogScript: Warning: 런어웨이 루프가 (1,000,000 회에 걸쳐) 감지되었습니다. 로그에서 스택 추적 내역을 확인하세요.
	Level_1_C /Game/Maps/UEDPIE_0_Level_1.Level_1:PersistentLevel.Level_1_C_7
	Function /Game/Maps/Level_1.Level_1_C:ExecuteUbergraph_Level_1:0061
[2020.01.20-12.38.09:903][ 12]PIE: Error: 무한 루프가 감지되었습니다. 블루프린트:  Level_1 함수:  시퀀스 콜 스택:  표시
