Log file open, 01/21/20 14:58:31
LogWindows: Failed to load 'aqProf.dll' (GetLastError=126)
LogWindows: File 'aqProf.dll' does not exist
LogWindows: Failed to load 'VtuneApi.dll' (GetLastError=126)
LogWindows: File 'VtuneApi.dll' does not exist
LogWindows: Failed to load 'VtuneApi32e.dll' (GetLastError=126)
LogWindows: File 'VtuneApi32e.dll' does not exist
LogConsoleResponse: Display: Failed to find resolution value strings in scalability ini. Falling back to default.
LogInit: Display: Running engine for game: start4
LogPlatformFile: Not using cached read wrapper
LogTaskGraph: Started task graph with 5 named threads and 23 total threads with 3 sets of task threads.
LogStats: Stats thread started at 0.091612
LogD3D11RHI: Loaded GFSDK_Aftermath_Lib.x64.dll
LogICUInternationalization: ICU TimeZone Detection - Raw Offset: +9:00, Platform Override: ''
LogPluginManager: Mounting plugin Paper2D
LogPluginManager: Mounting plugin AISupport
LogPluginManager: Mounting plugin LightPropagationVolume
LogPluginManager: Mounting plugin ActorLayerUtilities
LogPluginManager: Mounting plugin AnimationSharing
LogPluginManager: Mounting plugin CLionSourceCodeAccess
LogPluginManager: Mounting plugin CodeLiteSourceCodeAccess
LogPluginManager: Mounting plugin GitSourceControl
LogPluginManager: Mounting plugin KDevelopSourceCodeAccess
LogPluginManager: Mounting plugin NullSourceCodeAccess
LogPluginManager: Mounting plugin PerforceSourceControl
LogPluginManager: Mounting plugin PlasticSourceControl
LogPluginManager: Mounting plugin SubversionSourceControl
LogPluginManager: Mounting plugin UObjectPlugin
LogPluginManager: Mounting plugin VisualStudioCodeSourceCodeAccess
LogPluginManager: Mounting plugin VisualStudioSourceCodeAccess
LogPluginManager: Mounting plugin XCodeSourceCodeAccess
LogPluginManager: Mounting plugin AssetManagerEditor
LogPluginManager: Mounting plugin CryptoKeys
LogPluginManager: Mounting plugin CurveEditorTools
LogPluginManager: Mounting plugin DataValidation
LogPluginManager: Mounting plugin FacialAnimation
LogPluginManager: Mounting plugin GameplayTagsEditor
LogPluginManager: Mounting plugin MacGraphicsSwitching
LogPluginManager: Mounting plugin MaterialAnalyzer
LogPluginManager: Mounting plugin MobileLauncherProfileWizard
LogPluginManager: Mounting plugin PluginBrowser
LogPluginManager: Mounting plugin SpeedTreeImporter
LogPluginManager: Mounting plugin DatasmithContent
LogPluginManager: Mounting plugin VariantManagerContent
LogPluginManager: Mounting plugin AlembicImporter
LogPluginManager: Mounting plugin AutomationUtils
LogPluginManager: Mounting plugin BackChannel
LogPluginManager: Mounting plugin CharacterAI
LogPluginManager: Mounting plugin GeometryCache
LogPluginManager: Mounting plugin PlatformCrypto
LogPluginManager: Mounting plugin ProxyLODPlugin
LogPluginManager: Mounting plugin SkeletalReduction
LogPluginManager: Mounting plugin MagicLeap
LogPluginManager: Mounting plugin MagicLeapMedia
LogPluginManager: Mounting plugin MLSDK
LogPluginManager: Mounting plugin AndroidMedia
LogPluginManager: Mounting plugin AvfMedia
LogPluginManager: Mounting plugin ImgMedia
LogPluginManager: Mounting plugin MediaCompositing
LogPluginManager: Mounting plugin MediaPlayerEditor
LogPluginManager: Mounting plugin WebMMedia
LogPluginManager: Mounting plugin WmfMedia
LogPluginManager: Mounting plugin TcpMessaging
LogPluginManager: Mounting plugin UdpMessaging
LogPluginManager: Mounting plugin ActorSequence
LogPluginManager: Mounting plugin LevelSequenceEditor
LogPluginManager: Mounting plugin MatineeToLevelSequence
LogPluginManager: Mounting plugin NetcodeUnitTest
LogPluginManager: Mounting plugin NUTUnrealEngine4
LogPluginManager: Mounting plugin OnlineSubsystemGooglePlay
LogPluginManager: Mounting plugin OnlineSubsystemIOS
LogPluginManager: Mounting plugin OnlineSubsystem
LogPluginManager: Mounting plugin OnlineSubsystemNull
LogPluginManager: Mounting plugin OnlineSubsystemUtils
LogPluginManager: Mounting plugin LauncherChunkInstaller
LogPluginManager: Mounting plugin AndroidDeviceProfileSelector
LogPluginManager: Mounting plugin AndroidMoviePlayer
LogPluginManager: Mounting plugin AndroidPermission
LogPluginManager: Mounting plugin AppleImageUtils
LogPluginManager: Mounting plugin AppleMoviePlayer
LogPluginManager: Mounting plugin ArchVisCharacter
LogPluginManager: Mounting plugin AssetTags
LogPluginManager: Mounting plugin AudioCapture
LogPluginManager: Mounting plugin CableComponent
LogPluginManager: Mounting plugin CustomMeshComponent
LogPluginManager: Mounting plugin EditableMesh
LogPluginManager: Mounting plugin ExampleDeviceProfileSelector
LogPluginManager: Mounting plugin GoogleCloudMessaging
LogPluginManager: Mounting plugin IOSDeviceProfileSelector
LogPluginManager: Mounting plugin LinuxDeviceProfileSelector
LogPluginManager: Mounting plugin LocationServicesBPLibrary
LogPluginManager: Mounting plugin MobilePatchingUtils
LogPluginManager: Mounting plugin OculusVR
LogPluginManager: Mounting plugin PhysXVehicles
LogPluginManager: Mounting plugin PostSplashScreen
LogPluginManager: Mounting plugin ProceduralMeshComponent
LogPluginManager: Mounting plugin RuntimePhysXCooking
LogPluginManager: Mounting plugin SignificanceManager
LogPluginManager: Mounting plugin SteamVR
LogPluginManager: Mounting plugin WebMMoviePlayer
LogPluginManager: Mounting plugin WindowsMoviePlayer
LogPluginManager: Mounting plugin ScreenshotTools
LogInit: Using libcurl 7.55.1-DEV
LogInit:  - built for x86_64-pc-win32
LogInit:  - supports SSL with OpenSSL/1.1.1
LogInit:  - supports HTTP deflate (compression) using libz 1.2.8
LogInit:  - other features:
LogInit:      CURL_VERSION_SSL
LogInit:      CURL_VERSION_LIBZ
LogInit:      CURL_VERSION_IPV6
LogInit:      CURL_VERSION_ASYNCHDNS
LogInit:      CURL_VERSION_LARGEFILE
LogInit:      CURL_VERSION_IDN
LogInit:  CurlRequestOptions (configurable via config and command line):
LogInit:  - bVerifyPeer = true  - Libcurl will verify peer certificate
LogInit:  - bUseHttpProxy = false  - Libcurl will NOT use HTTP proxy
LogInit:  - bDontReuseConnections = false  - Libcurl will reuse connections
LogInit:  - MaxHostConnections = 16  - Libcurl will limit the number of connections to a host
LogInit:  - LocalHostAddr = Default
LogInit:  - BufferSize = 65536
LogOnline: OSS: Creating online subsystem instance for: NULL
LogInit: WinSock: version 1.1 (2.2), MaxSocks=32767, MaxUdp=65467
LogOnline: OSS: TryLoadSubsystemAndSetDefault: Loaded subsystem for module [NULL]
LogInit: Build: ++UE4+Release-4.24-CL-10757647
LogInit: Engine Version: 4.24.1-10757647+++UE4+Release-4.24
LogInit: Compatible Engine Version: 4.24.0-10570792+++UE4+Release-4.24
LogInit: Net CL: 10570792
LogInit: OS: Windows 10 (Release 1909) (), CPU:         Intel(R) Core(TM) i7-3770 CPU @ 3.40GHz, GPU: NVIDIA GeForce GTX 1650
LogInit: Compiled (64-bit): Dec 17 2019 02:08:03
LogInit: Compiled with Visual C++: 19.16.27032.01
LogInit: Build Configuration: Development
LogInit: Branch Name: ++UE4+Release-4.24
LogInit: Command Line: 
LogInit: Base Directory: C:/Program Files/Epic Games/UE_4.24/Engine/Binaries/Win64/
LogInit: Installed Engine Build: 1
LogDevObjectVersion: Number of dev versions registered: 25
LogDevObjectVersion:   Dev-Blueprints (B0D832E4-1F89-4F0D-ACCF-7EB736FD4AA2): 10
LogDevObjectVersion:   Dev-Build (E1C64328-A22C-4D53-A36C-8E866417BD8C): 0
LogDevObjectVersion:   Dev-Core (375EC13C-06E4-48FB-B500-84F0262A717E): 3
LogDevObjectVersion:   Dev-Editor (E4B068ED-F494-42E9-A231-DA0B2E46BB41): 37
LogDevObjectVersion:   Dev-Framework (CFFC743F-43B0-4480-9391-14DF171D2073): 36
LogDevObjectVersion:   Dev-Mobile (B02B49B5-BB20-44E9-A304-32B752E40360): 2
LogDevObjectVersion:   Dev-Networking (A4E4105C-59A1-49B5-A7C5-40C4547EDFEE): 0
LogDevObjectVersion:   Dev-Online (39C831C9-5AE6-47DC-9A44-9C173E1C8E7C): 0
LogDevObjectVersion:   Dev-Physics (78F01B33-EBEA-4F98-B9B4-84EACCB95AA2): 2
LogDevObjectVersion:   Dev-Platform (6631380F-2D4D-43E0-8009-CF276956A95A): 0
LogDevObjectVersion:   Dev-Rendering (12F88B9F-8875-4AFC-A67C-D90C383ABD29): 36
LogDevObjectVersion:   Dev-Sequencer (7B5AE74C-D270-4C10-A958-57980B212A5A): 11
LogDevObjectVersion:   Dev-VR (D7296918-1DD6-4BDD-9DE2-64A83CC13884): 2
LogDevObjectVersion:   Dev-LoadTimes (C2A15278-BFE7-4AFE-6C17-90FF531DF755): 1
LogDevObjectVersion:   Private-Geometry (6EACA3D4-40EC-4CC1-B786-8BED09428FC5): 3
LogDevObjectVersion:   Dev-AnimPhys (29E575DD-E0A3-4627-9D10-D276232CDCEA): 17
LogDevObjectVersion:   Dev-Anim (AF43A65D-7FD3-4947-9873-3E8ED9C1BB05): 2
LogDevObjectVersion:   Dev-ReflectionCapture (6B266CEC-1EC7-4B8F-A30B-E4D90942FC07): 1
LogDevObjectVersion:   Dev-Automation (0DF73D61-A23F-47EA-B727-89E90C41499A): 1
LogDevObjectVersion:   FortniteMain (601D1886-AC64-4F84-AA16-D3DE0DEAC7D6): 31
LogDevObjectVersion:   Dev-Enterprise (9DFFBCD6-494F-0158-E221-12823C92A888): 8
LogDevObjectVersion:   Dev-Niagara (F2AED0AC-9AFE-416F-8664-AA7FFA26D6FC): 1
LogDevObjectVersion:   Dev-Destruction (174F1F0B-B4C6-45A5-B13F-2EE8D0FB917D): 9
LogDevObjectVersion:   Dev-Physics-Ext (35F94A83-E258-406C-A318-09F59610247C): 8
LogDevObjectVersion:   Dev-CineCamera (B2E18506-4273-CFC2-A54E-F4BB758BBA07): 1
LogInit: Presizing for max 25165824 objects, including 0 objects not considered by GC, pre-allocating 0 bytes for permanent pool.
LogInit: Object subsystem initialized
LogConfig: Setting CVar [[con.DebugEarlyDefault:1]]
LogConfig: Setting CVar [[r.setres:1280x720]]
[2020.01.21-05.58.31:797][  0]LogConfig: Setting CVar [[r.VSync:0]]
[2020.01.21-05.58.31:797][  0]LogConfig: Setting CVar [[r.RHICmdBypass:0]]
[2020.01.21-05.58.31:797][  0]LogConfig: Applying CVar settings from Section [/Script/Engine.RendererSettings] File [C:/Users/q/madcamp4/Saved/Config/Windows/Engine.ini]
[2020.01.21-05.58.31:797][  0]LogConfig: Setting CVar [[r.GPUCrashDebugging:0]]
[2020.01.21-05.58.31:797][  0]LogConfig: Applying CVar settings from Section [/Script/Engine.RendererOverrideSettings] File [C:/Users/q/madcamp4/Saved/Config/Windows/Engine.ini]
[2020.01.21-05.58.31:797][  0]LogConfig: Applying CVar settings from Section [/Script/Engine.StreamingSettings] File [C:/Users/q/madcamp4/Saved/Config/Windows/Engine.ini]
[2020.01.21-05.58.31:797][  0]LogConfig: Setting CVar [[s.MinBulkDataSizeForAsyncLoading:131072]]
[2020.01.21-05.58.31:797][  0]LogConfig: Setting CVar [[s.AsyncLoadingThreadEnabled:0]]
[2020.01.21-05.58.31:797][  0]LogConfig: Setting CVar [[s.EventDrivenLoaderEnabled:1]]
[2020.01.21-05.58.31:797][  0]LogConfig: Setting CVar [[s.WarnIfTimeLimitExceeded:0]]
[2020.01.21-05.58.31:797][  0]LogConfig: Setting CVar [[s.TimeLimitExceededMultiplier:1.5]]
[2020.01.21-05.58.31:797][  0]LogConfig: Setting CVar [[s.TimeLimitExceededMinTime:0.005]]
[2020.01.21-05.58.31:797][  0]LogConfig: Setting CVar [[s.UseBackgroundLevelStreaming:1]]
[2020.01.21-05.58.31:797][  0]LogConfig: Setting CVar [[s.PriorityAsyncLoadingExtraTime:15.0]]
[2020.01.21-05.58.31:797][  0]LogConfig: Setting CVar [[s.LevelStreamingActorsUpdateTimeLimit:5.0]]
[2020.01.21-05.58.31:797][  0]LogConfig: Setting CVar [[s.PriorityLevelStreamingActorsUpdateExtraTime:5.0]]
[2020.01.21-05.58.31:797][  0]LogConfig: Setting CVar [[s.LevelStreamingComponentsRegistrationGranularity:10]]
[2020.01.21-05.58.31:797][  0]LogConfig: Setting CVar [[s.UnregisterComponentsTimeLimit:1.0]]
[2020.01.21-05.58.31:797][  0]LogConfig: Setting CVar [[s.LevelStreamingComponentsUnregistrationGranularity:5]]
[2020.01.21-05.58.31:797][  0]LogConfig: Setting CVar [[s.FlushStreamingOnExit:1]]
[2020.01.21-05.58.31:797][  0]LogConfig: Applying CVar settings from Section [/Script/Engine.GarbageCollectionSettings] File [C:/Users/q/madcamp4/Saved/Config/Windows/Engine.ini]
[2020.01.21-05.58.31:797][  0]LogConfig: Setting CVar [[gc.MaxObjectsNotConsideredByGC:1]]
[2020.01.21-05.58.31:797][  0]LogConfig: Setting CVar [[gc.SizeOfPermanentObjectPool:0]]
[2020.01.21-05.58.31:797][  0]LogConfig: Setting CVar [[gc.FlushStreamingOnGC:0]]
[2020.01.21-05.58.31:797][  0]LogConfig: Setting CVar [[gc.NumRetriesBeforeForcingGC:10]]
[2020.01.21-05.58.31:797][  0]LogConfig: Setting CVar [[gc.AllowParallelGC:1]]
[2020.01.21-05.58.31:797][  0]LogConfig: Setting CVar [[gc.TimeBetweenPurgingPendingKillObjects:61.1]]
[2020.01.21-05.58.31:797][  0]LogConfig: Setting CVar [[gc.MaxObjectsInEditor:25165824]]
[2020.01.21-05.58.31:797][  0]LogConfig: Setting CVar [[gc.IncrementalBeginDestroyEnabled:1]]
[2020.01.21-05.58.31:797][  0]LogConfig: Setting CVar [[gc.CreateGCClusters:1]]
[2020.01.21-05.58.31:797][  0]LogConfig: Setting CVar [[gc.MinGCClusterSize:5]]
[2020.01.21-05.58.31:797][  0]LogConfig: Setting CVar [[gc.ActorClusteringEnabled:0]]
[2020.01.21-05.58.31:797][  0]LogConfig: Setting CVar [[gc.BlueprintClusteringEnabled:0]]
[2020.01.21-05.58.31:797][  0]LogConfig: Setting CVar [[gc.UseDisregardForGCOnDedicatedServers:0]]
[2020.01.21-05.58.31:797][  0]LogConfig: Applying CVar settings from Section [/Script/Engine.NetworkSettings] File [C:/Users/q/madcamp4/Saved/Config/Windows/Engine.ini]
[2020.01.21-05.58.31:797][  0]LogConfig: Applying CVar settings from Section [/Script/UnrealEd.CookerSettings] File [C:/Users/q/madcamp4/Saved/Config/Windows/Engine.ini]
[2020.01.21-05.58.31:805][  0]LogConfig: Applying CVar settings from Section [ViewDistanceQuality@3] File [C:/Users/q/madcamp4/Saved/Config/Windows/Scalability.ini]
[2020.01.21-05.58.31:805][  0]LogConfig: Setting CVar [[r.SkeletalMeshLODBias:0]]
[2020.01.21-05.58.31:805][  0]LogConfig: Setting CVar [[r.ViewDistanceScale:1.0]]
[2020.01.21-05.58.31:805][  0]LogConfig: Applying CVar settings from Section [AntiAliasingQuality@3] File [C:/Users/q/madcamp4/Saved/Config/Windows/Scalability.ini]
[2020.01.21-05.58.31:805][  0]LogConfig: Setting CVar [[r.PostProcessAAQuality:4]]
[2020.01.21-05.58.31:805][  0]LogConfig: Applying CVar settings from Section [ShadowQuality@3] File [C:/Users/q/madcamp4/Saved/Config/Windows/Scalability.ini]
[2020.01.21-05.58.31:805][  0]LogConfig: Setting CVar [[r.LightFunctionQuality:1]]
[2020.01.21-05.58.31:805][  0]LogConfig: Setting CVar [[r.ShadowQuality:5]]
[2020.01.21-05.58.31:805][  0]LogConfig: Setting CVar [[r.Shadow.CSM.MaxCascades:10]]
[2020.01.21-05.58.31:805][  0]LogConfig: Setting CVar [[r.Shadow.MaxResolution:2048]]
[2020.01.21-05.58.31:805][  0]LogConfig: Setting CVar [[r.Shadow.MaxCSMResolution:2048]]
[2020.01.21-05.58.31:805][  0]LogConfig: Setting CVar [[r.Shadow.RadiusThreshold:0.01]]
[2020.01.21-05.58.31:805][  0]LogConfig: Setting CVar [[r.Shadow.DistanceScale:1.0]]
[2020.01.21-05.58.31:805][  0]LogConfig: Setting CVar [[r.Shadow.CSM.TransitionScale:1.0]]
[2020.01.21-05.58.31:805][  0]LogConfig: Setting CVar [[r.Shadow.PreShadowResolutionFactor:1.0]]
[2020.01.21-05.58.31:805][  0]LogConfig: Setting CVar [[r.DistanceFieldShadowing:1]]
[2020.01.21-05.58.31:805][  0]LogConfig: Setting CVar [[r.DistanceFieldAO:1]]
[2020.01.21-05.58.31:805][  0]LogConfig: Setting CVar [[r.AOQuality:2]]
[2020.01.21-05.58.31:805][  0]LogConfig: Setting CVar [[r.VolumetricFog:1]]
[2020.01.21-05.58.31:805][  0]LogConfig: Setting CVar [[r.VolumetricFog.GridPixelSize:8]]
[2020.01.21-05.58.31:805][  0]LogConfig: Setting CVar [[r.VolumetricFog.GridSizeZ:128]]
[2020.01.21-05.58.31:805][  0]LogConfig: Setting CVar [[r.VolumetricFog.HistoryMissSupersampleCount:4]]
[2020.01.21-05.58.31:805][  0]LogConfig: Setting CVar [[r.LightMaxDrawDistanceScale:1]]
[2020.01.21-05.58.31:805][  0]LogConfig: Setting CVar [[r.CapsuleShadows:1]]
[2020.01.21-05.58.31:805][  0]LogConfig: Applying CVar settings from Section [PostProcessQuality@3] File [C:/Users/q/madcamp4/Saved/Config/Windows/Scalability.ini]
[2020.01.21-05.58.31:805][  0]LogConfig: Setting CVar [[r.MotionBlurQuality:4]]
[2020.01.21-05.58.31:805][  0]LogConfig: Setting CVar [[r.AmbientOcclusionMipLevelFactor:0.4]]
[2020.01.21-05.58.31:805][  0]LogConfig: Setting CVar [[r.AmbientOcclusionMaxQuality:100]]
[2020.01.21-05.58.31:805][  0]LogConfig: Setting CVar [[r.AmbientOcclusionLevels:-1]]
[2020.01.21-05.58.31:805][  0]LogConfig: Setting CVar [[r.AmbientOcclusionRadiusScale:1.0]]
[2020.01.21-05.58.31:805][  0]LogConfig: Setting CVar [[r.DepthOfFieldQuality:2]]
[2020.01.21-05.58.31:805][  0]LogConfig: Setting CVar [[r.RenderTargetPoolMin:400]]
[2020.01.21-05.58.31:805][  0]LogConfig: Setting CVar [[r.LensFlareQuality:2]]
[2020.01.21-05.58.31:805][  0]LogConfig: Setting CVar [[r.SceneColorFringeQuality:1]]
[2020.01.21-05.58.31:805][  0]LogConfig: Setting CVar [[r.EyeAdaptationQuality:2]]
[2020.01.21-05.58.31:805][  0]LogConfig: Setting CVar [[r.BloomQuality:5]]
[2020.01.21-05.58.31:805][  0]LogConfig: Setting CVar [[r.FastBlurThreshold:100]]
[2020.01.21-05.58.31:805][  0]LogConfig: Setting CVar [[r.Upscale.Quality:3]]
[2020.01.21-05.58.31:805][  0]LogConfig: Setting CVar [[r.Tonemapper.GrainQuantization:1]]
[2020.01.21-05.58.31:805][  0]LogConfig: Setting CVar [[r.LightShaftQuality:1]]
[2020.01.21-05.58.31:805][  0]LogConfig: Setting CVar [[r.Filter.SizeScale:1]]
[2020.01.21-05.58.31:805][  0]LogConfig: Setting CVar [[r.Tonemapper.Quality:5]]
[2020.01.21-05.58.31:805][  0]LogConfig: Setting CVar [[r.DOF.Gather.AccumulatorQuality:1        ; higher gathering accumulator quality]]
[2020.01.21-05.58.31:805][  0]LogConfig: Setting CVar [[r.DOF.Gather.PostfilterMethod:1          ; Median3x3 postfilering method]]
[2020.01.21-05.58.31:805][  0]LogConfig: Setting CVar [[r.DOF.Gather.EnableBokehSettings:0       ; no bokeh simulation when gathering]]
[2020.01.21-05.58.31:805][  0]LogConfig: Setting CVar [[r.DOF.Gather.RingCount:4                 ; medium number of samples when gathering]]
[2020.01.21-05.58.31:805][  0]LogConfig: Setting CVar [[r.DOF.Scatter.ForegroundCompositing:1    ; additive foreground scattering]]
[2020.01.21-05.58.31:805][  0]LogConfig: Setting CVar [[r.DOF.Scatter.BackgroundCompositing:2    ; additive background scattering]]
[2020.01.21-05.58.31:805][  0]LogConfig: Setting CVar [[r.DOF.Scatter.EnableBokehSettings:1      ; bokeh simulation when scattering]]
[2020.01.21-05.58.31:805][  0]LogConfig: Setting CVar [[r.DOF.Scatter.MaxSpriteRatio:0.1         ; only a maximum of 10% of scattered bokeh]]
[2020.01.21-05.58.31:805][  0]LogConfig: Setting CVar [[r.DOF.Recombine.Quality:1                ; cheap slight out of focus]]
[2020.01.21-05.58.31:805][  0]LogConfig: Setting CVar [[r.DOF.Recombine.EnableBokehSettings:0    ; no bokeh simulation on slight out of focus]]
[2020.01.21-05.58.31:805][  0]LogConfig: Setting CVar [[r.DOF.TemporalAAQuality:1                ; more stable temporal accumulation]]
[2020.01.21-05.58.31:805][  0]LogConfig: Setting CVar [[r.DOF.Kernel.MaxForegroundRadius:0.025]]
[2020.01.21-05.58.31:806][  0]LogConfig: Setting CVar [[r.DOF.Kernel.MaxBackgroundRadius:0.025]]
[2020.01.21-05.58.31:806][  0]LogConfig: Applying CVar settings from Section [TextureQuality@3] File [C:/Users/q/madcamp4/Saved/Config/Windows/Scalability.ini]
[2020.01.21-05.58.31:806][  0]LogConfig: Setting CVar [[r.Streaming.MipBias:0]]
[2020.01.21-05.58.31:806][  0]LogConfig: Setting CVar [[r.Streaming.AmortizeCPUToGPUCopy:0]]
[2020.01.21-05.58.31:806][  0]LogConfig: Setting CVar [[r.Streaming.MaxNumTexturesToStreamPerFrame:0]]
[2020.01.21-05.58.31:806][  0]LogConfig: Setting CVar [[r.Streaming.Boost:1]]
[2020.01.21-05.58.31:806][  0]LogConfig: Setting CVar [[r.MaxAnisotropy:8]]
[2020.01.21-05.58.31:806][  0]LogConfig: Setting CVar [[r.VT.MaxAnisotropy:8]]
[2020.01.21-05.58.31:806][  0]LogConfig: Setting CVar [[r.Streaming.LimitPoolSizeToVRAM:0]]
[2020.01.21-05.58.31:806][  0]LogConfig: Setting CVar [[r.Streaming.PoolSize:1000]]
[2020.01.21-05.58.31:806][  0]LogConfig: Setting CVar [[r.Streaming.MaxEffectiveScreenSize:0]]
[2020.01.21-05.58.31:806][  0]LogConfig: Applying CVar settings from Section [EffectsQuality@3] File [C:/Users/q/madcamp4/Saved/Config/Windows/Scalability.ini]
[2020.01.21-05.58.31:806][  0]LogConfig: Setting CVar [[r.TranslucencyLightingVolumeDim:64]]
[2020.01.21-05.58.31:806][  0]LogConfig: Setting CVar [[r.RefractionQuality:2]]
[2020.01.21-05.58.31:806][  0]LogConfig: Setting CVar [[r.SSR.Quality:3]]
[2020.01.21-05.58.31:806][  0]LogConfig: Setting CVar [[r.SSR.HalfResSceneColor:0]]
[2020.01.21-05.58.31:806][  0]LogConfig: Setting CVar [[r.SceneColorFormat:4]]
[2020.01.21-05.58.31:806][  0]LogConfig: Setting CVar [[r.DetailMode:2]]
[2020.01.21-05.58.31:806][  0]LogConfig: Setting CVar [[r.TranslucencyVolumeBlur:1]]
[2020.01.21-05.58.31:806][  0]LogConfig: Setting CVar [[r.MaterialQualityLevel:1 ; High quality]]
[2020.01.21-05.58.31:806][  0]LogConfig: Setting CVar [[r.SSS.Scale:1]]
[2020.01.21-05.58.31:806][  0]LogConfig: Setting CVar [[r.SSS.SampleSet:2]]
[2020.01.21-05.58.31:806][  0]LogConfig: Setting CVar [[r.SSS.Quality:1]]
[2020.01.21-05.58.31:806][  0]LogConfig: Setting CVar [[r.SSS.HalfRes:1]]
[2020.01.21-05.58.31:806][  0]LogConfig: Setting CVar [[r.SSGI.Quality:3]]
[2020.01.21-05.58.31:806][  0]LogConfig: Setting CVar [[r.EmitterSpawnRateScale:1.0]]
[2020.01.21-05.58.31:806][  0]LogConfig: Setting CVar [[r.ParticleLightQuality:2]]
[2020.01.21-05.58.31:806][  0]LogConfig: Setting CVar [[r.SkyAtmosphere.AerialPerspectiveLUT.FastApplyOnOpaque:1 ; Always have FastSkyLUT 1 in this case to avoid wrong sky]]
[2020.01.21-05.58.31:806][  0]LogConfig: Setting CVar [[r.SkyAtmosphere.AerialPerspectiveLUT.SampleCountPerSlice:1]]
[2020.01.21-05.58.31:806][  0]LogConfig: Setting CVar [[r.SkyAtmosphere.AerialPerspectiveLUT.DepthResolution:16.0]]
[2020.01.21-05.58.31:806][  0]LogConfig: Setting CVar [[r.SkyAtmosphere.FastSkyLUT:1]]
[2020.01.21-05.58.31:806][  0]LogConfig: Setting CVar [[r.SkyAtmosphere.FastSkyLUT.SampleCountMin:4.0]]
[2020.01.21-05.58.31:806][  0]LogConfig: Setting CVar [[r.SkyAtmosphere.FastSkyLUT.SampleCountMax:32.0]]
[2020.01.21-05.58.31:806][  0]LogConfig: Setting CVar [[r.SkyAtmosphere.SampleCountMin:4.0]]
[2020.01.21-05.58.31:806][  0]LogConfig: Setting CVar [[r.SkyAtmosphere.SampleCountMax:32.0]]
[2020.01.21-05.58.31:806][  0]LogConfig: Setting CVar [[r.SkyAtmosphere.TransmittanceLUT.UseSmallFormat:0]]
[2020.01.21-05.58.31:806][  0]LogConfig: Setting CVar [[r.SkyAtmosphere.TransmittanceLUT.SampleCount:10.0]]
[2020.01.21-05.58.31:806][  0]LogConfig: Setting CVar [[r.SkyAtmosphere.MultiScatteringLUT.SampleCount:15.0]]
[2020.01.21-05.58.31:806][  0]LogConfig: Applying CVar settings from Section [FoliageQuality@3] File [C:/Users/q/madcamp4/Saved/Config/Windows/Scalability.ini]
[2020.01.21-05.58.31:806][  0]LogConfig: Setting CVar [[foliage.DensityScale:1.0]]
[2020.01.21-05.58.31:806][  0]LogConfig: Setting CVar [[grass.DensityScale:1.0]]
[2020.01.21-05.58.31:806][  0]LogConfig: Applying CVar settings from Section [ShadingQuality@3] File [C:/Users/q/madcamp4/Saved/Config/Windows/Scalability.ini]
[2020.01.21-05.58.31:806][  0]LogConfig: Setting CVar [[r.HairStrands.SkyLighting.SampleCount:16]]
[2020.01.21-05.58.31:806][  0]LogConfig: Setting CVar [[r.HairStrands.SkyLighting.JitterIntegration:0]]
[2020.01.21-05.58.31:806][  0]LogConfig: Setting CVar [[r.HairStrands.SkyAO.SampleCount:16]]
[2020.01.21-05.58.31:806][  0]LogInit: Selected Device Profile: [Windows]
[2020.01.21-05.58.31:806][  0]LogInit: Applying CVar settings loaded from the selected device profile: [Windows]
[2020.01.21-05.58.31:814][  0]LogHAL: Display: Platform has ~ 8 GB [8481972224 / 8589934592 / 8], which maps to Default [LargestMinGB=32, LargerMinGB=12, DefaultMinGB=8, SmallerMinGB=6, SmallestMinGB=0)
[2020.01.21-05.58.31:814][  0]LogInit: Going up to parent DeviceProfile []
[2020.01.21-05.58.31:814][  0]LogConfig: Applying CVar settings from Section [ViewDistanceQuality@3] File [C:/Users/q/madcamp4/Saved/Config/Windows/Scalability.ini]
[2020.01.21-05.58.31:814][  0]LogConfig: Setting CVar [[r.SkeletalMeshLODBias:0]]
[2020.01.21-05.58.31:814][  0]LogConfig: Setting CVar [[r.ViewDistanceScale:1.0]]
[2020.01.21-05.58.31:815][  0]LogConfig: Applying CVar settings from Section [AntiAliasingQuality@3] File [C:/Users/q/madcamp4/Saved/Config/Windows/Scalability.ini]
[2020.01.21-05.58.31:815][  0]LogConfig: Setting CVar [[r.PostProcessAAQuality:4]]
[2020.01.21-05.58.31:815][  0]LogConfig: Applying CVar settings from Section [ShadowQuality@3] File [C:/Users/q/madcamp4/Saved/Config/Windows/Scalability.ini]
[2020.01.21-05.58.31:815][  0]LogConfig: Setting CVar [[r.LightFunctionQuality:1]]
[2020.01.21-05.58.31:815][  0]LogConfig: Setting CVar [[r.ShadowQuality:5]]
[2020.01.21-05.58.31:815][  0]LogConfig: Setting CVar [[r.Shadow.CSM.MaxCascades:10]]
[2020.01.21-05.58.31:815][  0]LogConfig: Setting CVar [[r.Shadow.MaxResolution:2048]]
[2020.01.21-05.58.31:815][  0]LogConfig: Setting CVar [[r.Shadow.MaxCSMResolution:2048]]
[2020.01.21-05.58.31:815][  0]LogConfig: Setting CVar [[r.Shadow.RadiusThreshold:0.01]]
[2020.01.21-05.58.31:815][  0]LogConfig: Setting CVar [[r.Shadow.DistanceScale:1.0]]
[2020.01.21-05.58.31:815][  0]LogConfig: Setting CVar [[r.Shadow.CSM.TransitionScale:1.0]]
[2020.01.21-05.58.31:815][  0]LogConfig: Setting CVar [[r.Shadow.PreShadowResolutionFactor:1.0]]
[2020.01.21-05.58.31:815][  0]LogConfig: Setting CVar [[r.DistanceFieldShadowing:1]]
[2020.01.21-05.58.31:815][  0]LogConfig: Setting CVar [[r.DistanceFieldAO:1]]
[2020.01.21-05.58.31:815][  0]LogConfig: Setting CVar [[r.AOQuality:2]]
[2020.01.21-05.58.31:815][  0]LogConfig: Setting CVar [[r.VolumetricFog:1]]
[2020.01.21-05.58.31:815][  0]LogConfig: Setting CVar [[r.VolumetricFog.GridPixelSize:8]]
[2020.01.21-05.58.31:815][  0]LogConfig: Setting CVar [[r.VolumetricFog.GridSizeZ:128]]
[2020.01.21-05.58.31:815][  0]LogConfig: Setting CVar [[r.VolumetricFog.HistoryMissSupersampleCount:4]]
[2020.01.21-05.58.31:815][  0]LogConfig: Setting CVar [[r.LightMaxDrawDistanceScale:1]]
[2020.01.21-05.58.31:815][  0]LogConfig: Setting CVar [[r.CapsuleShadows:1]]
[2020.01.21-05.58.31:815][  0]LogConfig: Applying CVar settings from Section [PostProcessQuality@3] File [C:/Users/q/madcamp4/Saved/Config/Windows/Scalability.ini]
[2020.01.21-05.58.31:815][  0]LogConfig: Setting CVar [[r.MotionBlurQuality:4]]
[2020.01.21-05.58.31:815][  0]LogConfig: Setting CVar [[r.AmbientOcclusionMipLevelFactor:0.4]]
[2020.01.21-05.58.31:815][  0]LogConfig: Setting CVar [[r.AmbientOcclusionMaxQuality:100]]
[2020.01.21-05.58.31:815][  0]LogConfig: Setting CVar [[r.AmbientOcclusionLevels:-1]]
[2020.01.21-05.58.31:815][  0]LogConfig: Setting CVar [[r.AmbientOcclusionRadiusScale:1.0]]
[2020.01.21-05.58.31:815][  0]LogConfig: Setting CVar [[r.DepthOfFieldQuality:2]]
[2020.01.21-05.58.31:815][  0]LogConfig: Setting CVar [[r.RenderTargetPoolMin:400]]
[2020.01.21-05.58.31:815][  0]LogConfig: Setting CVar [[r.LensFlareQuality:2]]
[2020.01.21-05.58.31:815][  0]LogConfig: Setting CVar [[r.SceneColorFringeQuality:1]]
[2020.01.21-05.58.31:815][  0]LogConfig: Setting CVar [[r.EyeAdaptationQuality:2]]
[2020.01.21-05.58.31:815][  0]LogConfig: Setting CVar [[r.BloomQuality:5]]
[2020.01.21-05.58.31:815][  0]LogConfig: Setting CVar [[r.FastBlurThreshold:100]]
[2020.01.21-05.58.31:815][  0]LogConfig: Setting CVar [[r.Upscale.Quality:3]]
[2020.01.21-05.58.31:815][  0]LogConfig: Setting CVar [[r.Tonemapper.GrainQuantization:1]]
[2020.01.21-05.58.31:815][  0]LogConfig: Setting CVar [[r.LightShaftQuality:1]]
[2020.01.21-05.58.31:815][  0]LogConfig: Setting CVar [[r.Filter.SizeScale:1]]
[2020.01.21-05.58.31:815][  0]LogConfig: Setting CVar [[r.Tonemapper.Quality:5]]
[2020.01.21-05.58.31:815][  0]LogConfig: Setting CVar [[r.DOF.Gather.AccumulatorQuality:1        ; higher gathering accumulator quality]]
[2020.01.21-05.58.31:815][  0]LogConfig: Setting CVar [[r.DOF.Gather.PostfilterMethod:1          ; Median3x3 postfilering method]]
[2020.01.21-05.58.31:815][  0]LogConfig: Setting CVar [[r.DOF.Gather.EnableBokehSettings:0       ; no bokeh simulation when gathering]]
[2020.01.21-05.58.31:815][  0]LogConfig: Setting CVar [[r.DOF.Gather.RingCount:4                 ; medium number of samples when gathering]]
[2020.01.21-05.58.31:815][  0]LogConfig: Setting CVar [[r.DOF.Scatter.ForegroundCompositing:1    ; additive foreground scattering]]
[2020.01.21-05.58.31:815][  0]LogConfig: Setting CVar [[r.DOF.Scatter.BackgroundCompositing:2    ; additive background scattering]]
[2020.01.21-05.58.31:815][  0]LogConfig: Setting CVar [[r.DOF.Scatter.EnableBokehSettings:1      ; bokeh simulation when scattering]]
[2020.01.21-05.58.31:815][  0]LogConfig: Setting CVar [[r.DOF.Scatter.MaxSpriteRatio:0.1         ; only a maximum of 10% of scattered bokeh]]
[2020.01.21-05.58.31:815][  0]LogConfig: Setting CVar [[r.DOF.Recombine.Quality:1                ; cheap slight out of focus]]
[2020.01.21-05.58.31:815][  0]LogConfig: Setting CVar [[r.DOF.Recombine.EnableBokehSettings:0    ; no bokeh simulation on slight out of focus]]
[2020.01.21-05.58.31:815][  0]LogConfig: Setting CVar [[r.DOF.TemporalAAQuality:1                ; more stable temporal accumulation]]
[2020.01.21-05.58.31:815][  0]LogConfig: Setting CVar [[r.DOF.Kernel.MaxForegroundRadius:0.025]]
[2020.01.21-05.58.31:815][  0]LogConfig: Setting CVar [[r.DOF.Kernel.MaxBackgroundRadius:0.025]]
[2020.01.21-05.58.31:815][  0]LogConfig: Applying CVar settings from Section [TextureQuality@3] File [C:/Users/q/madcamp4/Saved/Config/Windows/Scalability.ini]
[2020.01.21-05.58.31:815][  0]LogConfig: Setting CVar [[r.Streaming.MipBias:0]]
[2020.01.21-05.58.31:815][  0]LogConfig: Setting CVar [[r.Streaming.AmortizeCPUToGPUCopy:0]]
[2020.01.21-05.58.31:815][  0]LogConfig: Setting CVar [[r.Streaming.MaxNumTexturesToStreamPerFrame:0]]
[2020.01.21-05.58.31:815][  0]LogConfig: Setting CVar [[r.Streaming.Boost:1]]
[2020.01.21-05.58.31:815][  0]LogConfig: Setting CVar [[r.MaxAnisotropy:8]]
[2020.01.21-05.58.31:815][  0]LogConfig: Setting CVar [[r.VT.MaxAnisotropy:8]]
[2020.01.21-05.58.31:815][  0]LogConfig: Setting CVar [[r.Streaming.LimitPoolSizeToVRAM:0]]
[2020.01.21-05.58.31:815][  0]LogConfig: Setting CVar [[r.Streaming.PoolSize:1000]]
[2020.01.21-05.58.31:815][  0]LogConfig: Setting CVar [[r.Streaming.MaxEffectiveScreenSize:0]]
[2020.01.21-05.58.31:816][  0]LogConfig: Applying CVar settings from Section [EffectsQuality@3] File [C:/Users/q/madcamp4/Saved/Config/Windows/Scalability.ini]
[2020.01.21-05.58.31:816][  0]LogConfig: Setting CVar [[r.TranslucencyLightingVolumeDim:64]]
[2020.01.21-05.58.31:816][  0]LogConfig: Setting CVar [[r.RefractionQuality:2]]
[2020.01.21-05.58.31:816][  0]LogConfig: Setting CVar [[r.SSR.Quality:3]]
[2020.01.21-05.58.31:816][  0]LogConfig: Setting CVar [[r.SSR.HalfResSceneColor:0]]
[2020.01.21-05.58.31:816][  0]LogConfig: Setting CVar [[r.SceneColorFormat:4]]
[2020.01.21-05.58.31:816][  0]LogConfig: Setting CVar [[r.DetailMode:2]]
[2020.01.21-05.58.31:816][  0]LogConfig: Setting CVar [[r.TranslucencyVolumeBlur:1]]
[2020.01.21-05.58.31:816][  0]LogConfig: Setting CVar [[r.MaterialQualityLevel:1 ; High quality]]
[2020.01.21-05.58.31:816][  0]LogConfig: Setting CVar [[r.SSS.Scale:1]]
[2020.01.21-05.58.31:816][  0]LogConfig: Setting CVar [[r.SSS.SampleSet:2]]
[2020.01.21-05.58.31:816][  0]LogConfig: Setting CVar [[r.SSS.Quality:1]]
[2020.01.21-05.58.31:816][  0]LogConfig: Setting CVar [[r.SSS.HalfRes:1]]
[2020.01.21-05.58.31:816][  0]LogConfig: Setting CVar [[r.SSGI.Quality:3]]
[2020.01.21-05.58.31:816][  0]LogConfig: Setting CVar [[r.EmitterSpawnRateScale:1.0]]
[2020.01.21-05.58.31:816][  0]LogConfig: Setting CVar [[r.ParticleLightQuality:2]]
[2020.01.21-05.58.31:816][  0]LogConfig: Setting CVar [[r.SkyAtmosphere.AerialPerspectiveLUT.FastApplyOnOpaque:1 ; Always have FastSkyLUT 1 in this case to avoid wrong sky]]
[2020.01.21-05.58.31:816][  0]LogConfig: Setting CVar [[r.SkyAtmosphere.AerialPerspectiveLUT.SampleCountPerSlice:1]]
[2020.01.21-05.58.31:816][  0]LogConfig: Setting CVar [[r.SkyAtmosphere.AerialPerspectiveLUT.DepthResolution:16.0]]
[2020.01.21-05.58.31:816][  0]LogConfig: Setting CVar [[r.SkyAtmosphere.FastSkyLUT:1]]
[2020.01.21-05.58.31:816][  0]LogConfig: Setting CVar [[r.SkyAtmosphere.FastSkyLUT.SampleCountMin:4.0]]
[2020.01.21-05.58.31:816][  0]LogConfig: Setting CVar [[r.SkyAtmosphere.FastSkyLUT.SampleCountMax:32.0]]
[2020.01.21-05.58.31:816][  0]LogConfig: Setting CVar [[r.SkyAtmosphere.SampleCountMin:4.0]]
[2020.01.21-05.58.31:816][  0]LogConfig: Setting CVar [[r.SkyAtmosphere.SampleCountMax:32.0]]
[2020.01.21-05.58.31:816][  0]LogConfig: Setting CVar [[r.SkyAtmosphere.TransmittanceLUT.UseSmallFormat:0]]
[2020.01.21-05.58.31:816][  0]LogConfig: Setting CVar [[r.SkyAtmosphere.TransmittanceLUT.SampleCount:10.0]]
[2020.01.21-05.58.31:816][  0]LogConfig: Setting CVar [[r.SkyAtmosphere.MultiScatteringLUT.SampleCount:15.0]]
[2020.01.21-05.58.31:816][  0]LogConfig: Applying CVar settings from Section [FoliageQuality@3] File [C:/Users/q/madcamp4/Saved/Config/Windows/Scalability.ini]
[2020.01.21-05.58.31:816][  0]LogConfig: Setting CVar [[foliage.DensityScale:1.0]]
[2020.01.21-05.58.31:816][  0]LogConfig: Setting CVar [[grass.DensityScale:1.0]]
[2020.01.21-05.58.31:816][  0]LogConfig: Applying CVar settings from Section [ShadingQuality@3] File [C:/Users/q/madcamp4/Saved/Config/Windows/Scalability.ini]
[2020.01.21-05.58.31:816][  0]LogConfig: Setting CVar [[r.HairStrands.SkyLighting.SampleCount:16]]
[2020.01.21-05.58.31:816][  0]LogConfig: Setting CVar [[r.HairStrands.SkyLighting.JitterIntegration:0]]
[2020.01.21-05.58.31:816][  0]LogConfig: Setting CVar [[r.HairStrands.SkyAO.SampleCount:16]]
[2020.01.21-05.58.31:816][  0]LogConfig: Applying CVar settings from Section [Startup] File [../../../Engine/Config/ConsoleVariables.ini]
[2020.01.21-05.58.31:821][  0]LogConfig: Setting CVar [[net.UseAdaptiveNetUpdateFrequency:0]]
[2020.01.21-05.58.31:821][  0]LogConfig: Setting CVar [[p.chaos.AllowCreatePhysxBodies:1]]
[2020.01.21-05.58.31:821][  0]LogConfig: Applying CVar settings from Section [ConsoleVariables] File [C:/Users/q/madcamp4/Saved/Config/Windows/Engine.ini]
[2020.01.21-05.58.31:821][  0]LogInit: Computer: DESKTOP-L9TIVUF
[2020.01.21-05.58.31:821][  0]LogInit: User: q
[2020.01.21-05.58.31:821][  0]LogInit: CPU Page size=4096, Cores=4
[2020.01.21-05.58.31:821][  0]LogInit: High frequency timer resolution =10.000000 MHz
[2020.01.21-05.58.31:821][  0]LogMemory: Memory total: Physical=7.9GB (8GB approx)
[2020.01.21-05.58.31:821][  0]LogMemory: Platform Memory Stats for Windows
[2020.01.21-05.58.31:821][  0]LogMemory: Process Physical Memory: 105.53 MB used, 105.54 MB peak
[2020.01.21-05.58.31:821][  0]LogMemory: Process Virtual Memory: 100.61 MB used, 100.61 MB peak
[2020.01.21-05.58.31:821][  0]LogMemory: Physical Memory: 3095.96 MB used,  4993.07 MB free, 8089.04 MB total
[2020.01.21-05.58.31:821][  0]LogMemory: Virtual Memory: 5137.59 MB used,  134212592.00 MB free, 134217728.00 MB total
[2020.01.21-05.58.31:824][  0]LogWindows: WindowsPlatformFeatures enabled
[2020.01.21-05.58.31:940][  0]LogInit: Using OS detected language (ko-KR).
[2020.01.21-05.58.31:940][  0]LogInit: Using OS detected locale (ko-KR).
[2020.01.21-05.58.31:941][  0]LogTextLocalizationManager: No specific localization for 'ko-KR' exists, so the 'ko' localization will be used.
[2020.01.21-05.58.32:081][  0]LogInit: Setting process to per monitor DPI aware
[2020.01.21-05.58.32:233][  0]LogSlate: New Slate User Created.  User Index 0, Is Virtual User: 0
[2020.01.21-05.58.32:233][  0]LogSlate: Slate User Registered.  User Index 0, Is Virtual User: 0
[2020.01.21-05.58.34:352][  0]LogHMD: Failed to initialize OpenVR with code 110
[2020.01.21-05.58.34:352][  0]LogD3D11RHI: D3D11 min allowed feature level: 11_0
[2020.01.21-05.58.34:352][  0]LogD3D11RHI: D3D11 max allowed feature level: 11_0
[2020.01.21-05.58.34:352][  0]LogD3D11RHI: D3D11 adapters:
[2020.01.21-05.58.34:441][  0]LogD3D11RHI:    0. 'NVIDIA GeForce GTX 1650' (Feature Level 11_0)
[2020.01.21-05.58.34:441][  0]LogD3D11RHI:       3962/0/4044 MB DedicatedVideo/DedicatedSystem/SharedSystem, Outputs:2, VendorId:0x10de
[2020.01.21-05.58.34:446][  0]LogD3D11RHI:    1. 'Intel(R) HD Graphics 4000' (Feature Level 11_0)
[2020.01.21-05.58.34:446][  0]LogD3D11RHI:       32/0/1760 MB DedicatedVideo/DedicatedSystem/SharedSystem, Outputs:0, VendorId:0x8086
[2020.01.21-05.58.34:449][  0]LogD3D11RHI:    2. 'Microsoft Basic Render Driver' (Feature Level 11_0)
[2020.01.21-05.58.34:449][  0]LogD3D11RHI:       0/0/4044 MB DedicatedVideo/DedicatedSystem/SharedSystem, Outputs:0, VendorId:0x1414
[2020.01.21-05.58.34:449][  0]LogD3D11RHI: Chosen D3D11 Adapter: 0
[2020.01.21-05.58.34:454][  0]LogD3D11RHI: Creating new Direct3DDevice
[2020.01.21-05.58.34:454][  0]LogD3D11RHI:     GPU DeviceId: 0x1f82 (for the marketing name, search the web for "GPU Device Id")
[2020.01.21-05.58.34:454][  0]LogWindows: EnumDisplayDevices:
[2020.01.21-05.58.34:454][  0]LogWindows:    0. 'NVIDIA GeForce GTX 1650' (P:1 D:1)
[2020.01.21-05.58.34:454][  0]LogWindows:    1. 'NVIDIA GeForce GTX 1650' (P:0 D:1)
[2020.01.21-05.58.34:455][  0]LogWindows:    2. 'NVIDIA GeForce GTX 1650' (P:0 D:0)
[2020.01.21-05.58.34:455][  0]LogWindows:    3. 'NVIDIA GeForce GTX 1650' (P:0 D:0)
[2020.01.21-05.58.34:455][  0]LogWindows:    4. 'Intel(R) HD Graphics 4000' (P:0 D:0)
[2020.01.21-05.58.34:455][  0]LogWindows:    5. 'Intel(R) HD Graphics 4000' (P:0 D:0)
[2020.01.21-05.58.34:456][  0]LogWindows: DebugString: PrimaryIsNotTheChoosenAdapter PrimaryIsNotTheChoosenAdapter FoundDriverCount:4 
[2020.01.21-05.58.34:456][  0]LogD3D11RHI:     Adapter Name: NVIDIA GeForce GTX 1650
[2020.01.21-05.58.34:456][  0]LogD3D11RHI:   Driver Version: 432.00 (internal:26.21.14.3200, unified:432.00)
[2020.01.21-05.58.34:456][  0]LogD3D11RHI:      Driver Date: 7-24-2019
[2020.01.21-05.58.34:456][  0]LogRHI: Texture pool is 2773 MB (70% of 3962 MB)
[2020.01.21-05.58.34:512][  0]LogD3D11RHI: RHI has support for 64 bit atomics
[2020.01.21-05.58.34:512][  0]LogD3D11RHI: Async texture creation enabled
[2020.01.21-05.58.34:524][  0]LogD3D11RHI: GPU Timing Frequency: 1000.000000 (Debug: 2 1)
[2020.01.21-05.58.34:944][  0]LogTargetPlatformManager: Display: Loaded TargetPlatform 'AllDesktop'
[2020.01.21-05.58.34:975][  0]LogTargetPlatformManager: Display: Loaded TargetPlatform 'Android'
[2020.01.21-05.58.34:975][  0]LogTargetPlatformManager: Display: Loaded TargetPlatform 'Android_ASTC'
[2020.01.21-05.58.34:975][  0]LogTargetPlatformManager: Display: Loaded TargetPlatform 'Android_ATC'
[2020.01.21-05.58.34:975][  0]LogTargetPlatformManager: Display: Loaded TargetPlatform 'Android_DXT'
[2020.01.21-05.58.34:975][  0]LogTargetPlatformManager: Display: Loaded TargetPlatform 'Android_ETC1'
[2020.01.21-05.58.34:975][  0]LogTargetPlatformManager: Display: Loaded TargetPlatform 'Android_ETC1a'
[2020.01.21-05.58.34:975][  0]LogTargetPlatformManager: Display: Loaded TargetPlatform 'Android_ETC2'
[2020.01.21-05.58.34:975][  0]LogTargetPlatformManager: Display: Loaded TargetPlatform 'Android_PVRTC'
[2020.01.21-05.58.34:975][  0]LogTargetPlatformManager: Display: Loaded TargetPlatform 'AndroidClient'
[2020.01.21-05.58.34:975][  0]LogTargetPlatformManager: Display: Loaded TargetPlatform 'Android_ASTCClient'
[2020.01.21-05.58.34:975][  0]LogTargetPlatformManager: Display: Loaded TargetPlatform 'Android_ATCClient'
[2020.01.21-05.58.34:975][  0]LogTargetPlatformManager: Display: Loaded TargetPlatform 'Android_DXTClient'
[2020.01.21-05.58.34:975][  0]LogTargetPlatformManager: Display: Loaded TargetPlatform 'Android_ETC1Client'
[2020.01.21-05.58.34:975][  0]LogTargetPlatformManager: Display: Loaded TargetPlatform 'Android_ETC1aClient'
[2020.01.21-05.58.34:975][  0]LogTargetPlatformManager: Display: Loaded TargetPlatform 'Android_ETC2Client'
[2020.01.21-05.58.34:975][  0]LogTargetPlatformManager: Display: Loaded TargetPlatform 'Android_PVRTCClient'
[2020.01.21-05.58.34:975][  0]LogTargetPlatformManager: Display: Loaded TargetPlatform 'Android_Multi'
[2020.01.21-05.58.34:975][  0]LogTargetPlatformManager: Display: Loaded TargetPlatform 'Android_MultiClient'
[2020.01.21-05.58.34:996][  0]LogTargetPlatformManager: Display: Loaded TargetPlatform 'IOSClient'
[2020.01.21-05.58.34:996][  0]LogTargetPlatformManager: Display: Loaded TargetPlatform 'IOS'
[2020.01.21-05.58.35:004][  0]LogTargetPlatformManager: Display: Loaded TargetPlatform 'LinuxNoEditor'
[2020.01.21-05.58.35:011][  0]LogTargetPlatformManager: Display: Loaded TargetPlatform 'LinuxClient'
[2020.01.21-05.58.35:019][  0]LogTargetPlatformManager: Display: Loaded TargetPlatform 'LinuxServer'
[2020.01.21-05.58.35:027][  0]LogTargetPlatformManager: Display: Loaded TargetPlatform 'LinuxAArch64NoEditor'
[2020.01.21-05.58.35:034][  0]LogTargetPlatformManager: Display: Loaded TargetPlatform 'LinuxAArch64Client'
[2020.01.21-05.58.35:042][  0]LogTargetPlatformManager: Display: Loaded TargetPlatform 'LinuxAArch64Server'
[2020.01.21-05.58.35:072][  0]LogTargetPlatformManager: Display: Loaded TargetPlatform 'Lumin'
[2020.01.21-05.58.35:072][  0]LogTargetPlatformManager: Display: Loaded TargetPlatform 'LuminClient'
[2020.01.21-05.58.35:086][  0]LogTargetPlatformManager: Display: Loaded TargetPlatform 'TVOSClient'
[2020.01.21-05.58.35:086][  0]LogTargetPlatformManager: Display: Loaded TargetPlatform 'TVOS'
[2020.01.21-05.58.35:094][  0]LogTargetPlatformManager: Display: Loaded TargetPlatform 'WindowsNoEditor'
[2020.01.21-05.58.35:102][  0]LogTargetPlatformManager: Display: Loaded TargetPlatform 'Windows'
[2020.01.21-05.58.35:110][  0]LogTargetPlatformManager: Display: Loaded TargetPlatform 'WindowsClient'
[2020.01.21-05.58.35:117][  0]LogTargetPlatformManager: Display: Loaded TargetPlatform 'WindowsServer'
[2020.01.21-05.58.35:117][  0]LogTargetPlatformManager: Display: Building Assets For Windows
[2020.01.21-05.58.35:149][  0]LogAudioDebug: Display: Lib vorbis DLL was dynamically loaded.
[2020.01.21-05.58.35:193][  0]LogShaderCompilers: Guid format shader working directory is 8 characters bigger than the processId version (../../../../../../Users/q/madcamp4/Intermediate/Shaders/WorkingDirectory/9204/).
[2020.01.21-05.58.35:193][  0]LogShaderCompilers: Cleaned the shader compiler working directory 'C:/Users/q/AppData/Local/Temp/UnrealShaderWorkingDir/56B11B6E4DC387C3F23D5EBC856FE717/'.
[2020.01.21-05.58.35:194][  0]LogXGEController: Cannot use XGE Controller as Incredibuild is not installed on this machine.
[2020.01.21-05.58.35:194][  0]LogShaderCompilers: Cannot use XGE Shader Compiler as Incredibuild is not installed on this machine.
[2020.01.21-05.58.35:194][  0]LogShaderCompilers: Display: Using Local Shader Compiler.
[2020.01.21-05.58.37:262][  0]LogDerivedDataCache: Display: Max Cache Size: 512 MB
[2020.01.21-05.58.37:324][  0]LogDerivedDataCache: Loaded boot cache 0.06s 78MB C:/Users/q/AppData/Local/UnrealEngine/4.24/DerivedDataCache/Boot.ddc.
[2020.01.21-05.58.37:324][  0]LogDerivedDataCache: Display: Loaded Boot cache: C:/Users/q/AppData/Local/UnrealEngine/4.24/DerivedDataCache/Boot.ddc
[2020.01.21-05.58.37:324][  0]LogDerivedDataCache: FDerivedDataBackendGraph:  Pak pak cache file ../../../../../../Users/q/madcamp4/DerivedDataCache/DDC.ddp not found, will not use a pak cache.
[2020.01.21-05.58.37:324][  0]LogDerivedDataCache: Unable to find inner node Pak for hierarchical cache Hierarchy.
[2020.01.21-05.58.37:324][  0]LogDerivedDataCache: FDerivedDataBackendGraph:  CompressedPak pak cache file ../../../../../../Users/q/madcamp4/DerivedDataCache/Compressed.ddp not found, will not use a pak cache.
[2020.01.21-05.58.37:324][  0]LogDerivedDataCache: Unable to find inner node CompressedPak for hierarchical cache Hierarchy.
[2020.01.21-05.58.37:333][  0]LogDerivedDataCache: Display: Pak cache opened for reading ../../../Engine/DerivedDataCache/Compressed.ddp.
[2020.01.21-05.58.37:334][  0]LogDerivedDataCache: FDerivedDataBackendGraph:  EnterprisePak pak cache file ../../../Enterprise/DerivedDataCache/Compressed.ddp not found, will not use a pak cache.
[2020.01.21-05.58.37:334][  0]LogDerivedDataCache: Unable to find inner node EnterprisePak for hierarchical cache Hierarchy.
[2020.01.21-05.58.37:335][  0]LogDerivedDataCache: Using Local data cache path C:/Users/q/AppData/Local/UnrealEngine/Common/DerivedDataCache: Writable
[2020.01.21-05.58.37:335][  0]LogDerivedDataCache: Shared data cache path not found in *engine.ini, will not use an Shared cache.
[2020.01.21-05.58.37:335][  0]LogDerivedDataCache: Unable to find inner node Shared for hierarchical cache Hierarchy.
[2020.01.21-05.58.37:364][  0]LogMaterial: Verifying Global Shaders for PCD3D_SM5
[2020.01.21-05.58.37:367][  0]LogSlate: Using FreeType 2.10.0
[2020.01.21-05.58.37:368][  0]LogSlate: SlateFontServices - WITH_FREETYPE: 1, WITH_HARFBUZZ: 1
[2020.01.21-05.58.37:418][  0]LogAssetRegistry: FAssetRegistry took 0.0033 seconds to start up
[2020.01.21-05.58.37:766][  0]LogInit: Selected Device Profile: [Windows]
[2020.01.21-05.58.37:925][  0]LogMeshReduction: Using QuadricMeshReduction for automatic static mesh reduction
[2020.01.21-05.58.37:925][  0]LogMeshReduction: Using SimplygonMeshReduction for automatic skeletal mesh reduction
[2020.01.21-05.58.37:925][  0]LogMeshReduction: Using ProxyLODMeshReduction for automatic mesh merging
[2020.01.21-05.58.37:925][  0]LogMeshReduction: No distributed automatic mesh merging module available
[2020.01.21-05.58.37:925][  0]LogMeshMerging: No distributed automatic mesh merging module available
[2020.01.21-05.58.37:943][  0]LogNetVersion: start4 1.0.0, NetCL: 10570792, EngineNetVer: 13, GameNetVer: 0 (Checksum: 3748034330)
[2020.01.21-05.58.38:952][  0]LogPackageLocalizationCache: Processed 10 localized package path(s) for 1 prioritized culture(s) in 0.046393 seconds
[2020.01.21-05.58.38:958][  0]LogUObjectArray: 46750 objects as part of root set at end of initial load.
[2020.01.21-05.58.38:958][  0]LogUObjectAllocator: 8137160 out of 0 bytes used by permanent object pool.
[2020.01.21-05.58.38:958][  0]LogUObjectArray: CloseDisregardForGC: 0/0 objects in disregard for GC pool
[2020.01.21-05.58.39:358][  0]LogTcpMessaging: Initializing TcpMessaging bridge
[2020.01.21-05.58.39:361][  0]LogUdpMessaging: Initializing bridge on interface 0.0.0.0:0 to multicast group 230.0.0.1:6666.
[2020.01.21-05.58.39:410][  0]SourceControl: 소스 컨트롤이 꺼졌습니다.
[2020.01.21-05.58.39:410][  0]SourceControl: 소스 컨트롤이 꺼졌습니다.
[2020.01.21-05.58.39:411][  0]SourceControl: 소스 컨트롤이 꺼졌습니다.
[2020.01.21-05.58.39:412][  0]SourceControl: 소스 컨트롤이 꺼졌습니다.
[2020.01.21-05.58.39:413][  0]SourceControl: 소스 컨트롤이 꺼졌습니다.
[2020.01.21-05.58.39:486][  0]LogAndroidPermission: UAndroidPermissionCallbackProxy::GetInstance
[2020.01.21-05.58.39:496][  0]LogAudioCaptureCore: Display: No Audio Capture implementations found. Audio input will be silent.
[2020.01.21-05.58.39:496][  0]LogAudioCaptureCore: Display: No Audio Capture implementations found. Audio input will be silent.
[2020.01.21-05.58.39:585][  0]LogOcInput: OculusInput pre-init called
[2020.01.21-05.58.39:592][  0]LogWindows: Failed to load 'OVRPlugin.dll' (GetLastError=126)
[2020.01.21-05.58.39:592][  0]LogWindows: File 'OVRPlugin.dll' does not exist
[2020.01.21-05.58.39:663][  0]LogEngine: Initializing Engine...
[2020.01.21-05.58.39:664][  0]LogHMD: Failed to initialize OpenVR with code 110
[2020.01.21-05.58.39:665][  0]LogStats: UGameplayTagsManager::InitializeManager -  0.000 s
[2020.01.21-05.58.40:017][  0]LogInit: Initializing FReadOnlyCVARCache
[2020.01.21-05.58.40:027][  0]LogAIModule: Creating AISystem for world Untitled
[2020.01.21-05.58.40:036][  0]LogAudioMixer: Display: Audio Mixer Platform Settings:
[2020.01.21-05.58.40:036][  0]LogAudioMixer: Display: 	Sample Rate:						  48000
[2020.01.21-05.58.40:036][  0]LogAudioMixer: Display: 	Callback Buffer Frame Size Requested: 1024
[2020.01.21-05.58.40:036][  0]LogAudioMixer: Display: 	Callback Buffer Frame Size To Use:	  1024
[2020.01.21-05.58.40:036][  0]LogAudioMixer: Display: 	Number of buffers to queue:			  2
[2020.01.21-05.58.40:036][  0]LogAudioMixer: Display: 	Max Channels (voices):				  32
[2020.01.21-05.58.40:036][  0]LogAudioMixer: Display: 	Number of Async Source Workers:		  0
[2020.01.21-05.58.40:036][  0]LogAudio: Display: AudioDevice MaxSources: 32
[2020.01.21-05.58.40:036][  0]LogAudio: Display: Using built-in audio occlusion.
[2020.01.21-05.58.40:036][  0]LogAudioMixer: Display: Initializing audio mixer.
[2020.01.21-05.58.40:059][  0]LogAudioMixer: Display: Audio Device Output Speaker Info:
[2020.01.21-05.58.40:059][  0]LogAudioMixer: Display: Name: LG IPS FULLHD(NVIDIA High Definition Audio)
[2020.01.21-05.58.40:059][  0]LogAudioMixer: Display: Is Default: Yes
[2020.01.21-05.58.40:059][  0]LogAudioMixer: Display: Sample Rate: 48000
[2020.01.21-05.58.40:059][  0]LogAudioMixer: Display: Channel Count Used: 2
[2020.01.21-05.58.40:059][  0]LogAudioMixer: Display: Device Channel Count: 2
[2020.01.21-05.58.40:059][  0]LogAudioMixer: Display: Channel Order:
[2020.01.21-05.58.40:059][  0]LogAudioMixer: Display: 0: FrontLeft
[2020.01.21-05.58.40:059][  0]LogAudioMixer: Display: 1: FrontRight
[2020.01.21-05.58.40:092][  0]LogAudioMixer: Display: Using Audio Device LG IPS FULLHD(NVIDIA High Definition Audio)
[2020.01.21-05.58.40:096][  0]LogInit: FAudioDevice initialized.
[2020.01.21-05.58.40:096][  0]LogNetVersion: Set ProjectVersion to 1.0.0.0. Version Checksum will be recalculated on next use.
[2020.01.21-05.58.40:214][  0]LogDerivedDataCache: Saved boot cache 0.12s 78MB C:/Users/q/AppData/Local/UnrealEngine/4.24/DerivedDataCache/Boot.ddc.
[2020.01.21-05.58.40:218][  0]LogInit: Texture streaming: Enabled
[2020.01.21-05.58.40:227][  0]LogEngineSessionManager: EngineSessionManager initialized
[2020.01.21-05.58.40:227][  0]LogEditorSessionSummary: Verbose: Initializing EditorSessionSummaryWriter for editor session tracking
[2020.01.21-05.58.40:229][  0]LogEditorSessionSummary: EditorSessionSummaryWriter initialized
[2020.01.21-05.58.40:293][  0]LogInit: Transaction tracking system initialized
[2020.01.21-05.58.40:302][  0]BlueprintLog: New page: 에디터 로드
[2020.01.21-05.58.40:330][  0]LocalizationService: 현지화 서비스가 비활성화되었습니다.
[2020.01.21-05.58.40:654][  0]LogFileCache: Scanning file cache for directory 'C:/Users/q/madcamp4/Content/' took 0.01s
[2020.01.21-05.58.40:654][  0]LogCook: Display: Max memory allowance for cook 16384mb min free memory 0mb
[2020.01.21-05.58.40:654][  0]LogCook: Display: Mobile HDR setting 1
[2020.01.21-05.58.41:281][  0]SourceControl: 소스 컨트롤이 꺼졌습니다.
[2020.01.21-05.58.41:281][  0]Cmd: MAP LOAD FILE="../../../../../../Users/q/madcamp4/Content/Maps/Level_0.umap" TEMPLATE=0 SHOWPROGRESS=1 FEATURELEVEL=3
[2020.01.21-05.58.41:288][  0]LightingResults: New page: 라이팅 빌드
[2020.01.21-05.58.41:289][  0]LogWorld: UWorld::CleanupWorld for Untitled, bSessionEnded=true, bCleanupResources=true
[2020.01.21-05.58.41:289][  0]LogSlate: InvalidateAllWidgets triggered.  All widgets were invalidated
[2020.01.21-05.58.41:289][  0]MapCheck: New page: 맵 체크
[2020.01.21-05.58.41:289][  0]LightingResults: New page: 라이팅 빌드
[2020.01.21-05.58.41:315][  0]LogUObjectHash: Compacting FUObjectHashTables data took   2.24ms
[2020.01.21-05.58.41:327][  0]LogAIModule: Creating AISystem for world Level_0
[2020.01.21-05.58.41:330][  0]LogEditorServer: Finished looking for orphan Actors (0.000 secs)
[2020.01.21-05.58.41:352][  0]LogUObjectHash: Compacting FUObjectHashTables data took   1.66ms
[2020.01.21-05.58.41:352][  0]Cmd: MAP CHECKDEP NOCLEARLOG
[2020.01.21-05.58.41:353][  0]MapCheck: 맵 체크 완료: 오류 0 회, 경고 0 회, 소요 시간 0.205ms.
[2020.01.21-05.58.41:353][  0]LogFileHelpers: Loading map 'Level_0' took 0.072
[2020.01.21-05.58.41:566][  0]LogSlate: Updating window title bar state: overlay mode, drag disabled, window buttons hidden, title bar hidden
[2020.01.21-05.58.41:574][  0]LogSlate: Updating window title bar state: overlay mode, drag disabled, window buttons hidden, title bar hidden
[2020.01.21-05.58.41:582][  0]LogSlate: Updating window title bar state: overlay mode, drag disabled, window buttons hidden, title bar hidden
[2020.01.21-05.58.41:590][  0]LogSlate: Updating window title bar state: overlay mode, drag disabled, window buttons hidden, title bar hidden
[2020.01.21-05.58.41:612][  0]LogCollectionManager: Loaded 0 collections in 0.002108 seconds
[2020.01.21-05.58.41:654][  0]LogFileCache: Scanning file cache for directory 'C:/Users/q/madcamp4/Saved/Collections/' took 0.00s
[2020.01.21-05.58.41:654][  0]LogFileCache: Scanning file cache for directory 'C:/Users/q/madcamp4/Content/Developers/q/Collections/' took 0.00s
[2020.01.21-05.58.41:654][  0]LogFileCache: Scanning file cache for directory 'C:/Users/q/madcamp4/Content/Collections/' took 0.00s
[2020.01.21-05.58.41:654][  0]LogContentBrowser: Native class hierarchy populated in 0.0095 seconds. Added 3015 classes and 717 folders.
[2020.01.21-05.58.41:666][  0]LogContentBrowser: Native class hierarchy updated for 'WidgetCarousel' in 0.0002 seconds. Added 0 classes and 0 folders.
[2020.01.21-05.58.42:081][  0]LogContentBrowser: Native class hierarchy updated for 'AddContentDialog' in 0.0002 seconds. Added 0 classes and 0 folders.
[2020.01.21-05.58.42:099][  0]LogContentBrowser: Native class hierarchy updated for 'SceneOutliner' in 0.0003 seconds. Added 2 classes and 3 folders.
[2020.01.21-05.58.42:204][  0]LogSlate: Took 0.000278 seconds to synchronously load lazily loaded font '../../../Engine/Content/Slate/Fonts/Roboto-Regular.ttf' (155K)
[2020.01.21-05.58.42:208][  0]LogSlate: Took 0.002317 seconds to synchronously load lazily loaded font '../../../Engine/Content/Editor/Slate/Fonts/NanumGothic.ttf' (4243K)
[2020.01.21-05.58.42:211][  0]LogSlate: Took 0.002761 seconds to synchronously load lazily loaded font '../../../Engine/Content/Editor/Slate/Fonts/NanumGothicBold.ttf' (4188K)
[2020.01.21-05.58.42:212][  0]LogSlate: Took 0.000241 seconds to synchronously load lazily loaded font '../../../Engine/Content/Slate/Fonts/Roboto-Bold.ttf' (160K)
[2020.01.21-05.58.42:232][  0]LogSlate: Took 0.008994 seconds to synchronously load lazily loaded font '../../../Engine/Content/Editor/Slate/Fonts/FontAwesome.ttf' (139K)
[2020.01.21-05.58.42:464][  0]LogRenderer: Reallocating scene render targets to support 1208x572 Format 10 NumSamples 1 (Frame:1).
[2020.01.21-05.58.42:576][  0]LogContentBrowser: Native class hierarchy updated for 'HierarchicalLODOutliner' in 0.0003 seconds. Added 0 classes and 0 folders.
[2020.01.21-05.58.42:576][  0]LogLoad: (Engine Initialization) Total time: 12.56 seconds
[2020.01.21-05.58.42:576][  0]LogLoad: (Engine Initialization) Total Blueprint compile time: 0.00 seconds
[2020.01.21-05.58.42:641][  0]LogContentStreaming: Texture pool size now 1000 MB
[2020.01.21-05.58.42:682][  0]LogSlate: Took 0.006850 seconds to synchronously load lazily loaded font '../../../Engine/Content/Slate/Fonts/Roboto-Light.ttf' (167K)
[2020.01.21-05.58.43:006][  6]LogAssetRegistry: Asset discovery search completed in 5.5883 seconds
[2020.01.21-05.58.43:010][  6]LogCollectionManager: Fixed up redirectors for 0 collections in 0.000008 seconds (updated 0 objects)
[2020.01.21-05.59.09:706][ 53]LogAudioMixer: Warning: Changing default audio render device to new device: {0.0.0.00000000}.{1dc81d2f-f8de-45e5-8f1f-2a60e5411bbf}.
[2020.01.21-05.59.09:706][ 53]LogTemp: Resetting audio stream to device id 
[2020.01.21-05.59.09:744][ 53]LogAudioMixer: Display: Audio Device Output Speaker Info:
[2020.01.21-05.59.09:744][ 53]LogAudioMixer: Display: Name: 스피커(High Definition Audio Device)
[2020.01.21-05.59.09:744][ 53]LogAudioMixer: Display: Is Default: Yes
[2020.01.21-05.59.09:744][ 53]LogAudioMixer: Display: Sample Rate: 48000
[2020.01.21-05.59.09:744][ 53]LogAudioMixer: Display: Channel Count Used: 2
[2020.01.21-05.59.09:744][ 53]LogAudioMixer: Display: Device Channel Count: 2
[2020.01.21-05.59.09:744][ 53]LogAudioMixer: Display: Channel Order:
[2020.01.21-05.59.09:745][ 53]LogAudioMixer: Display: 0: FrontLeft
[2020.01.21-05.59.09:745][ 53]LogAudioMixer: Display: 1: FrontRight
[2020.01.21-05.59.27:286][ 31]LogSlate: Took 0.000191 seconds to synchronously load lazily loaded font '../../../Engine/Content/Slate/Fonts/Roboto-Light.ttf' (167K)
[2020.01.21-05.59.27:440][ 31]LogAIModule: Creating AISystem for world StartMenu
[2020.01.21-05.59.27:442][ 31]LogAssetEditorSubsystem: Opening Asset editor for World /Game/Maps/StartMenu.StartMenu
[2020.01.21-05.59.27:466][ 31]LogUObjectHash: Compacting FUObjectHashTables data took   2.17ms
[2020.01.21-05.59.27:471][ 31]Cmd: MAP LOAD FILE="../../../../../../Users/q/madcamp4/Content/Maps/StartMenu.umap" TEMPLATE=0 SHOWPROGRESS=1 FEATURELEVEL=3
[2020.01.21-05.59.27:472][ 31]LightingResults: New page: 라이팅 빌드
[2020.01.21-05.59.27:472][ 31]LoadErrors: New page: 맵 로드중: StartMenu.umap
[2020.01.21-05.59.27:473][ 31]LogWorld: UWorld::CleanupWorld for Level_0, bSessionEnded=true, bCleanupResources=true
[2020.01.21-05.59.27:473][ 31]LogSlate: InvalidateAllWidgets triggered.  All widgets were invalidated
[2020.01.21-05.59.27:473][ 31]MapCheck: New page: 맵 체크
[2020.01.21-05.59.27:473][ 31]LightingResults: New page: 라이팅 빌드
[2020.01.21-05.59.27:496][ 31]LogUObjectHash: Compacting FUObjectHashTables data took   1.73ms
[2020.01.21-05.59.27:497][ 31]LogEditorServer: Finished looking for orphan Actors (0.000 secs)
[2020.01.21-05.59.27:521][ 31]LogUObjectHash: Compacting FUObjectHashTables data took   1.44ms
[2020.01.21-05.59.27:566][ 31]Cmd: MAP CHECKDEP NOCLEARLOG
[2020.01.21-05.59.27:566][ 31]MapCheck: 맵 체크 완료: 오류 0 회, 경고 0 회, 소요 시간 0.131ms.
[2020.01.21-05.59.27:567][ 31]LogFileHelpers: Loading map 'StartMenu' took 0.099
[2020.01.21-05.59.28:856][171]LogTemp: Repeating last play command: 선택된 뷰포트
[2020.01.21-05.59.28:879][171]LogPlayLevel: PlayLevel: No blueprints needed recompiling
[2020.01.21-05.59.28:880][171]PIE: New page: PIE 세션: StartMenu (2020. 1. 21. 오후 11:59:28)
[2020.01.21-05.59.28:881][171]LogOnline: OSS: Creating online subsystem instance for: NULL
[2020.01.21-05.59.28:882][171]LogOnline: OSS: TryLoadSubsystemAndSetDefault: Loaded subsystem for module [NULL]
[2020.01.21-05.59.28:883][171]LogPlayLevel: Creating play world package: /Game/Maps/UEDPIE_0_StartMenu
[2020.01.21-05.59.28:884][171]LogPlayLevel: PIE: StaticDuplicateObject took: (0.000805s)
[2020.01.21-05.59.28:884][171]LogAIModule: Creating AISystem for world StartMenu
[2020.01.21-05.59.28:885][171]LogPlayLevel: PIE: World Init took: (0.000982s)
[2020.01.21-05.59.28:885][171]LogPlayLevel: PIE: Created PIE world by copying editor world from /Game/Maps/StartMenu.StartMenu to /Game/Maps/UEDPIE_0_StartMenu.StartMenu (0.002042s)
[2020.01.21-05.59.28:905][171]LogUObjectHash: Compacting FUObjectHashTables data took   1.49ms
[2020.01.21-05.59.28:906][171]LogAudioMixer: Display: Audio Mixer Platform Settings:
[2020.01.21-05.59.28:906][171]LogAudioMixer: Display: 	Sample Rate:						  48000
[2020.01.21-05.59.28:906][171]LogAudioMixer: Display: 	Callback Buffer Frame Size Requested: 1024
[2020.01.21-05.59.28:906][171]LogAudioMixer: Display: 	Callback Buffer Frame Size To Use:	  1024
[2020.01.21-05.59.28:906][171]LogAudioMixer: Display: 	Number of buffers to queue:			  2
[2020.01.21-05.59.28:906][171]LogAudioMixer: Display: 	Max Channels (voices):				  32
[2020.01.21-05.59.28:906][171]LogAudioMixer: Display: 	Number of Async Source Workers:		  0
[2020.01.21-05.59.28:906][171]LogAudio: Display: AudioDevice MaxSources: 32
[2020.01.21-05.59.28:906][171]LogAudio: Display: Using built-in audio occlusion.
[2020.01.21-05.59.28:906][171]LogAudioMixer: Display: Initializing audio mixer.
[2020.01.21-05.59.28:932][171]LogAudioMixer: Display: Audio Device Output Speaker Info:
[2020.01.21-05.59.28:932][171]LogAudioMixer: Display: Name: 스피커(High Definition Audio Device)
[2020.01.21-05.59.28:932][171]LogAudioMixer: Display: Is Default: Yes
[2020.01.21-05.59.28:932][171]LogAudioMixer: Display: Sample Rate: 48000
[2020.01.21-05.59.28:932][171]LogAudioMixer: Display: Channel Count Used: 2
[2020.01.21-05.59.28:932][171]LogAudioMixer: Display: Device Channel Count: 2
[2020.01.21-05.59.28:932][171]LogAudioMixer: Display: Channel Order:
[2020.01.21-05.59.28:932][171]LogAudioMixer: Display: 0: FrontLeft
[2020.01.21-05.59.28:932][171]LogAudioMixer: Display: 1: FrontRight
[2020.01.21-05.59.28:942][171]LogAudioMixer: Display: Using Audio Device 스피커(High Definition Audio Device)
[2020.01.21-05.59.28:943][171]LogInit: FAudioDevice initialized.
[2020.01.21-05.59.28:952][171]LogLoad: Game class is 'StartMenuGamemode_C'
[2020.01.21-05.59.28:954][171]LogWorld: Bringing World /Game/Maps/UEDPIE_0_StartMenu.StartMenu up for play (max tick rate 0) at 2020.01.21-14.59.28
[2020.01.21-05.59.28:955][171]LogWorld: Bringing up level for play took: 0.000693
[2020.01.21-05.59.28:955][171]LogOnline: OSS: Creating online subsystem instance for: :Context_1
[2020.01.21-05.59.28:963][171]LogContentBrowser: Native class hierarchy updated for 'MovieSceneCapture' in 0.0003 seconds. Added 20 classes and 0 folders.
[2020.01.21-05.59.28:974][171]PIE: /Game/Maps/UEDPIE_0_StartMenu 에 대한 에디터에서 플레이 시작 시간: -0.888
[2020.01.21-05.59.28:990][171]LogAudio: Warning: Detected orphaned looping sound 'Background1'.
[2020.01.21-05.59.43:650][836]LogSlate: Updating window title bar state: overlay mode, drag disabled, window buttons hidden, title bar hidden
[2020.01.21-05.59.43:651][836]LogWorld: BeginTearingDown for /Game/Maps/UEDPIE_0_StartMenu
[2020.01.21-05.59.43:656][836]LogAudioMixer: Display: Flush succeeded in the source manager command queue (1).
[2020.01.21-05.59.43:686][836]LogAudioMixer: Display: Flush succeeded the source manager command queue (2).
[2020.01.21-05.59.43:686][836]LogWorld: UWorld::CleanupWorld for StartMenu, bSessionEnded=true, bCleanupResources=true
[2020.01.21-05.59.43:686][836]LogSlate: InvalidateAllWidgets triggered.  All widgets were invalidated
[2020.01.21-05.59.43:699][836]LogPlayLevel: Display: Shutting down PIE online subsystems
[2020.01.21-05.59.43:703][836]LogSlate: InvalidateAllWidgets triggered.  All widgets were invalidated
[2020.01.21-05.59.43:742][836]LogAudioMixer: Display: No commands were queued while flushing the source manager.
[2020.01.21-05.59.43:745][836]LogSlate: Updating window title bar state: overlay mode, drag disabled, window buttons hidden, title bar hidden
[2020.01.21-05.59.43:748][836]LogUObjectHash: Compacting FUObjectHashTables data took   1.98ms
[2020.01.21-05.59.43:778][837]LogPlayLevel: Display: Destroying online subsystem :Context_1
[2020.01.21-06.00.02:080][880]LogUObjectHash: Compacting FUObjectHashTables data took   0.64ms
[2020.01.21-06.04.51:174][217]LogSlate: Window '콘텐츠 브라우저' being destroyed
[2020.01.21-06.04.51:177][217]LogSlate: Window '콘텐츠 브라우저' being destroyed
